TN:
SF:scripts\open-coverage.mjs
FN:1,(empty-report)
FNF:1
FNH:0
FNDA:0,(empty-report)
DA:1,0
DA:2,0
DA:3,0
DA:4,0
DA:5,0
DA:6,0
DA:7,0
DA:8,0
DA:9,0
DA:10,0
DA:11,0
DA:12,0
DA:13,0
DA:14,0
DA:15,0
DA:16,0
DA:17,0
DA:18,0
DA:19,0
DA:20,0
DA:21,0
DA:22,0
DA:23,0
DA:24,0
DA:25,0
DA:26,0
DA:27,0
DA:28,0
DA:29,0
DA:30,0
DA:31,0
DA:32,0
DA:33,0
DA:34,0
DA:35,0
DA:36,0
DA:37,0
DA:38,0
DA:39,0
DA:40,0
DA:41,0
DA:42,0
DA:43,0
DA:44,0
DA:45,0
DA:46,0
DA:47,0
DA:48,0
DA:49,0
LF:49
LH:0
BRDA:1,0,0,0
BRF:1
BRH:0
end_of_record
TN:
SF:src\allowlist_gate.ts
FN:1,runIfAllowlisted
FN:15,isUserAllowlisted
FNF:2
FNH:2
FNDA:3,runIfAllowlisted
FNDA:3,isUserAllowlisted
DA:1,1
DA:2,3
DA:3,3
DA:4,3
DA:5,3
DA:6,3
DA:7,3
DA:8,3
DA:9,3
DA:10,1
DA:11,1
DA:12,1
DA:13,1
DA:15,1
DA:16,3
DA:17,3
DA:18,3
DA:19,2
DA:20,2
LF:19
LH:19
BRDA:1,0,0,3
BRDA:7,1,0,1
BRDA:7,2,0,2
BRDA:9,3,0,2
BRDA:9,4,0,1
BRDA:10,5,0,0
BRDA:15,6,0,3
BRDA:16,7,0,0
BRDA:17,8,0,2
BRDA:18,9,0,1
BRDA:18,10,0,2
BRF:11
BRH:9
end_of_record
TN:
SF:src\analyzer.ts
FN:31,asRecord
FN:33,hasProp
FN:37,formatBytes
FN:52,registerPayload
FN:82,sliceEntityText
FN:87,collectEntities
FN:141,describeForwardOrigin
FN:164,describeReply
FN:173,describeThread
FN:178,summarizeText
FN:188,detectLanguage
FN:203,buildLinkInsights
FN:221,buildAttachmentSummary
FN:338,analyzeMessage
FN:446,formatAnalysis
FN:477,analyzeMediaGroup
FNF:16
FNH:16
FNDA:39,asRecord
FNDA:66,hasProp
FNDA:8,formatBytes
FNDA:31,registerPayload
FNDA:3,sliceEntityText
FNDA:4,collectEntities
FNDA:1,describeForwardOrigin
FNDA:5,describeReply
FNDA:5,describeThread
FNDA:4,summarizeText
FNDA:4,detectLanguage
FNDA:4,buildLinkInsights
FNDA:6,buildAttachmentSummary
FNDA:4,analyzeMessage
FNDA:1,formatAnalysis
FNDA:2,analyzeMediaGroup
DA:1,1
DA:31,1
DA:33,1
DA:34,66
DA:35,66
DA:37,1
DA:38,8
DA:39,8
DA:40,8
DA:41,8
DA:42,6
DA:43,6
DA:44,6
DA:45,8
DA:46,0
DA:47,0
DA:48,0
DA:49,6
DA:50,6
DA:52,1
DA:53,31
DA:54,31
DA:56,3
DA:57,3
DA:58,3
DA:59,3
DA:60,3
DA:61,3
DA:62,3
DA:63,1
DA:64,3
DA:65,0
DA:66,0
DA:67,3
DA:68,3
DA:69,3
DA:70,28
DA:71,28
DA:72,28
DA:73,28
DA:74,28
DA:75,31
DA:76,1
DA:77,29
DA:78,1
DA:79,1
DA:80,31
DA:82,1
DA:83,3
DA:84,3
DA:85,3
DA:87,1
DA:88,4
DA:89,4
DA:90,4
DA:91,4
DA:92,4
DA:93,4
DA:94,4
DA:95,4
DA:96,4
DA:97,4
DA:98,4
DA:99,4
DA:100,4
DA:102,4
DA:104,3
DA:105,3
DA:106,3
DA:107,3
DA:108,3
DA:109,3
DA:110,1
DA:111,1
DA:112,3
DA:113,0
DA:114,0
DA:115,3
DA:116,0
DA:117,0
DA:118,3
DA:119,0
DA:120,0
DA:121,3
DA:122,2
DA:123,2
DA:124,3
DA:125,0
DA:126,0
DA:127,3
DA:128,0
DA:129,0
DA:130,3
DA:131,0
DA:132,0
DA:133,3
DA:134,0
DA:135,3
DA:136,3
DA:138,3
DA:139,3
DA:141,1
DA:142,1
DA:143,1
DA:144,1
DA:145,1
DA:146,0
DA:147,0
DA:148,0
DA:149,0
DA:150,0
DA:151,1
DA:152,0
DA:153,0
DA:154,0
DA:155,0
DA:156,0
DA:157,1
DA:158,0
DA:159,1
DA:160,0
DA:161,1
DA:162,1
DA:164,1
DA:165,5
DA:166,2
DA:167,5
DA:168,5
DA:169,5
DA:170,5
DA:171,5
DA:173,1
DA:174,5
DA:175,1
DA:176,1
DA:178,1
DA:179,4
DA:180,4
DA:181,4
DA:182,0
DA:183,0
DA:184,0
DA:185,4
DA:186,4
DA:188,1
DA:189,4
DA:190,4
DA:191,1
DA:192,1
DA:193,4
DA:194,30
DA:195,0
DA:196,30
DA:197,4
DA:198,2
DA:199,1
DA:200,0
DA:201,0
DA:203,1
DA:204,4
DA:205,4
DA:206,2
DA:207,2
DA:208,2
DA:209,2
DA:210,2
DA:211,2
DA:212,2
DA:213,2
DA:214,2
DA:215,1
DA:216,1
DA:217,2
DA:218,4
DA:219,4
DA:221,1
DA:222,6
DA:224,6
DA:225,2
DA:226,2
DA:227,2
DA:228,2
DA:229,2
DA:230,2
DA:231,2
DA:232,2
DA:234,6
DA:235,1
DA:236,1
DA:237,1
DA:238,1
DA:239,1
DA:240,1
DA:241,1
DA:243,6
DA:244,2
DA:245,2
DA:246,2
DA:247,2
DA:248,2
DA:249,2
DA:251,6
DA:252,1
DA:253,1
DA:254,1
DA:255,1
DA:256,1
DA:257,1
DA:259,6
DA:260,1
DA:261,1
DA:262,1
DA:263,1
DA:264,1
DA:265,1
DA:267,6
DA:268,1
DA:269,1
DA:270,1
DA:271,1
DA:272,1
DA:274,6
DA:275,1
DA:276,1
DA:277,1
DA:279,6
DA:280,1
DA:281,1
DA:282,1
DA:283,1
DA:284,1
DA:286,6
DA:287,1
DA:288,1
DA:289,1
DA:290,1
DA:291,1
DA:293,6
DA:294,1
DA:295,1
DA:296,1
DA:297,1
DA:299,6
DA:300,1
DA:301,1
DA:302,1
DA:303,1
DA:305,6
DA:306,1
DA:307,1
DA:308,1
DA:310,6
DA:311,1
DA:312,1
DA:313,1
DA:315,6
DA:316,1
DA:317,1
DA:318,1
DA:320,6
DA:321,1
DA:322,1
DA:323,1
DA:325,6
DA:326,1
DA:327,1
DA:328,1
DA:330,6
DA:331,2
DA:332,2
DA:333,2
DA:335,6
DA:336,6
DA:338,1
DA:339,4
DA:340,4
DA:342,4
DA:343,4
DA:344,38
DA:345,38
DA:346,38
DA:347,4
DA:348,4
DA:349,4
DA:350,4
DA:351,1
DA:352,3
DA:353,0
DA:354,0
DA:356,4
DA:357,2
DA:358,2
DA:359,4
DA:360,1
DA:361,1
DA:362,4
DA:363,1
DA:364,1
DA:365,4
DA:366,1
DA:367,1
DA:368,4
DA:369,2
DA:370,2
DA:371,4
DA:372,0
DA:373,0
DA:374,4
DA:375,1
DA:376,1
DA:378,4
DA:379,4
DA:381,4
DA:382,3
DA:383,3
DA:384,3
DA:385,3
DA:386,3
DA:387,3
DA:388,3
DA:389,3
DA:390,3
DA:391,3
DA:392,3
DA:393,3
DA:394,3
DA:395,3
DA:397,3
DA:398,3
DA:399,3
DA:400,3
DA:401,3
DA:402,3
DA:404,3
DA:405,3
DA:406,3
DA:408,4
DA:409,4
DA:410,2
DA:411,2
DA:413,4
DA:414,4
DA:415,1
DA:416,1
DA:417,1
DA:418,4
DA:419,4
DA:420,4
DA:421,4
DA:422,4
DA:423,4
DA:424,4
DA:426,4
DA:427,4
DA:428,4
DA:429,4
DA:430,4
DA:431,4
DA:432,4
DA:433,4
DA:435,4
DA:436,1
DA:437,1
DA:439,4
DA:440,3
DA:441,3
DA:443,4
DA:444,4
DA:446,1
DA:447,1
DA:448,1
DA:449,1
DA:450,1
DA:451,1
DA:452,1
DA:453,1
DA:454,1
DA:455,1
DA:456,1
DA:457,1
DA:458,1
DA:459,1
DA:460,1
DA:461,1
DA:462,1
DA:463,1
DA:464,1
DA:465,1
DA:466,1
DA:467,1
DA:468,1
DA:469,1
DA:470,1
DA:471,1
DA:472,1
DA:473,1
DA:477,1
DA:478,2
DA:479,2
DA:481,2
DA:484,1
DA:485,1
DA:486,2
DA:487,2
DA:488,2
DA:489,9
DA:490,9
DA:491,9
DA:492,2
DA:493,1
DA:494,1
DA:496,2
DA:497,2
DA:498,1
DA:499,2
DA:500,0
DA:501,0
DA:502,2
DA:505,1
DA:506,1
DA:507,2
DA:508,2
DA:509,2
DA:510,1
DA:511,1
DA:512,1
DA:513,2
DA:515,1
DA:516,1
DA:517,1
DA:518,1
DA:519,1
DA:521,1
DA:522,1
DA:523,1
DA:524,1
DA:525,1
DA:526,1
DA:527,1
DA:528,1
DA:529,1
DA:530,1
DA:532,1
DA:533,1
DA:534,1
DA:535,1
DA:536,1
DA:537,1
DA:539,1
DA:540,1
DA:541,1
DA:544,1
DA:545,2
DA:546,2
DA:547,2
DA:549,2
DA:550,2
DA:551,2
DA:552,2
DA:553,2
DA:554,2
DA:555,2
DA:556,2
DA:557,2
DA:558,1
DA:561,1
DA:562,1
DA:563,2
DA:564,0
DA:565,0
DA:566,0
DA:567,2
DA:568,2
DA:569,2
DA:570,2
DA:571,2
DA:572,2
DA:573,2
DA:575,1
DA:576,2
DA:577,2
DA:578,2
DA:579,2
DA:580,2
DA:581,2
DA:582,2
DA:583,2
DA:584,2
DA:585,1
DA:587,2
DA:588,0
DA:589,0
DA:591,1
DA:592,1
DA:593,1
LF:495
LH:448
BRDA:31,0,0,39
BRDA:33,1,0,66
BRDA:37,2,0,8
BRDA:38,3,0,2
BRDA:38,4,0,6
BRDA:39,5,0,0
BRDA:39,6,0,6
BRDA:40,7,0,6
BRDA:40,8,0,0
BRDA:40,9,0,6
BRDA:41,10,0,0
BRDA:41,11,0,6
BRDA:45,12,0,0
BRDA:45,13,0,0
BRDA:48,14,0,6
BRDA:52,15,0,31
BRDA:53,16,0,0
BRDA:54,17,0,3
BRDA:62,18,0,1
BRDA:64,19,0,2
BRDA:64,20,0,0
BRDA:69,21,0,28
BRDA:70,22,0,0
BRDA:70,23,0,28
BRDA:75,24,0,29
BRDA:75,25,0,1
BRDA:77,26,0,27
BRDA:77,27,0,1
BRDA:82,28,0,3
BRDA:87,29,0,4
BRDA:102,30,0,3
BRDA:102,31,0,1
BRDA:107,32,0,0
BRDA:109,33,0,1
BRDA:112,34,0,0
BRDA:115,35,0,0
BRDA:118,36,0,0
BRDA:121,37,0,2
BRDA:124,38,0,0
BRDA:127,39,0,0
BRDA:130,40,0,0
BRDA:133,41,0,0
BRDA:141,42,0,1
BRDA:144,43,0,0
BRDA:145,44,0,0
BRDA:151,45,0,0
BRDA:157,46,0,0
BRDA:159,47,0,0
BRDA:164,48,0,5
BRDA:165,49,0,4
BRDA:165,50,0,3
BRDA:165,51,0,2
BRDA:167,52,0,0
BRDA:167,53,0,0
BRDA:168,54,0,0
BRDA:168,55,0,2
BRDA:169,56,0,0
BRDA:169,57,0,2
BRDA:173,58,0,5
BRDA:174,59,0,4
BRDA:174,60,0,1
BRDA:178,61,0,4
BRDA:180,62,0,0
BRDA:181,63,0,0
BRDA:185,64,0,0
BRDA:188,65,0,4
BRDA:190,66,0,3
BRDA:190,67,0,1
BRDA:193,68,0,2
BRDA:193,69,0,30
BRDA:194,70,0,0
BRDA:196,71,0,1
BRDA:197,72,0,0
BRDA:197,73,0,2
BRDA:197,74,0,0
BRDA:197,75,0,1
BRDA:198,76,0,0
BRDA:198,77,0,1
BRDA:199,78,0,0
BRDA:203,79,0,4
BRDA:205,80,0,2
BRDA:211,81,0,1
BRDA:211,82,0,0
BRDA:211,83,0,1
BRDA:214,84,0,1
BRDA:221,85,0,6
BRDA:224,86,0,2
BRDA:224,87,0,2
BRDA:229,88,0,0
BRDA:230,89,0,1
BRDA:230,90,0,1
BRDA:234,91,0,1
BRDA:237,92,0,0
BRDA:239,93,0,0
BRDA:240,94,0,0
BRDA:243,95,0,2
BRDA:247,96,0,0
BRDA:248,97,0,1
BRDA:248,98,0,1
BRDA:251,99,0,1
BRDA:255,100,0,0
BRDA:256,101,0,0
BRDA:259,102,0,1
BRDA:263,103,0,0
BRDA:264,104,0,0
BRDA:264,105,0,0
BRDA:267,106,0,1
BRDA:271,107,0,0
BRDA:274,108,0,1
BRDA:279,109,0,1
BRDA:282,110,0,0
BRDA:286,111,0,1
BRDA:289,112,0,0
BRDA:289,113,0,0
BRDA:293,114,0,1
BRDA:299,115,0,1
BRDA:305,116,0,1
BRDA:310,117,0,1
BRDA:315,118,0,1
BRDA:320,119,0,1
BRDA:325,120,0,1
BRDA:330,121,0,2
BRDA:338,122,0,4
BRDA:350,123,0,3
BRDA:350,124,0,1
BRDA:352,125,0,0
BRDA:356,126,0,2
BRDA:359,127,0,1
BRDA:362,128,0,1
BRDA:365,129,0,1
BRDA:368,130,0,2
BRDA:371,131,0,0
BRDA:374,132,0,1
BRDA:378,133,0,1
BRDA:378,134,0,1
BRDA:379,135,0,2
BRDA:381,136,0,3
BRDA:384,137,0,0
BRDA:386,138,0,1
BRDA:388,139,0,1
BRDA:389,140,0,1
BRDA:390,141,0,0
BRDA:391,142,0,0
BRDA:392,143,0,0
BRDA:393,144,0,0
BRDA:394,145,0,0
BRDA:395,146,0,1
BRDA:401,147,0,1
BRDA:405,148,0,1
BRDA:409,149,0,2
BRDA:414,150,0,1
BRDA:419,151,0,2
BRDA:421,152,0,1
BRDA:422,153,0,1
BRDA:422,154,0,0
BRDA:423,155,0,2
BRDA:424,156,0,3
BRDA:427,157,0,1
BRDA:428,158,0,1
BRDA:429,159,0,1
BRDA:430,160,0,1
BRDA:431,161,0,0
BRDA:432,162,0,0
BRDA:433,163,0,1
BRDA:435,164,0,1
BRDA:435,165,0,1
BRDA:435,166,0,1
BRDA:435,167,0,1
BRDA:435,168,0,1
BRDA:439,169,0,3
BRDA:343,170,0,38
BRDA:345,171,0,0
BRDA:446,172,0,1
BRDA:477,173,0,2
BRDA:481,174,0,1
BRDA:488,175,0,9
BRDA:492,176,0,1
BRDA:496,177,0,0
BRDA:497,178,0,1
BRDA:499,179,0,0
BRDA:502,180,0,0
BRDA:502,181,0,1
BRDA:508,182,0,0
BRDA:508,183,0,0
BRDA:509,184,0,1
BRDA:509,185,0,1
BRDA:511,186,0,0
BRDA:513,187,0,1
BRDA:518,188,0,0
BRDA:521,189,0,0
BRDA:523,190,0,0
BRDA:525,191,0,0
BRDA:526,192,0,0
BRDA:527,193,0,0
BRDA:528,194,0,0
BRDA:529,195,0,0
BRDA:536,196,0,0
BRDA:549,197,0,0
BRDA:550,198,0,0
BRDA:552,199,0,1
BRDA:553,200,0,1
BRDA:554,201,0,0
BRDA:555,202,0,0
BRDA:556,203,0,1
BRDA:557,204,0,1
BRDA:563,205,0,0
BRDA:566,206,0,1
BRDA:567,207,0,0
BRDA:568,208,0,0
BRDA:568,209,0,1
BRDA:569,210,0,0
BRDA:570,211,0,0
BRDA:570,212,0,1
BRDA:571,213,0,0
BRDA:571,214,0,1
BRDA:572,215,0,0
BRDA:572,216,0,1
BRDA:573,217,0,0
BRDA:573,218,0,1
BRDA:578,219,0,1
BRDA:579,220,0,1
BRDA:580,221,0,1
BRDA:581,222,0,1
BRDA:582,223,0,0
BRDA:583,224,0,0
BRDA:584,225,0,1
BRDA:587,226,0,0
BRDA:587,227,0,0
BRDA:587,228,0,0
BRDA:587,229,0,0
BRDA:587,230,0,0
BRDA:589,231,0,1
BRF:232
BRH:138
end_of_record
TN:
SF:src\constants.ts
FN:46,isKnownUpdateName
FNF:1
FNH:1
FNDA:2,isKnownUpdateName
DA:1,1
DA:2,1
DA:3,1
DA:4,1
DA:5,1
DA:10,1
DA:11,1
DA:12,1
DA:13,1
DA:14,1
DA:15,1
DA:16,1
DA:17,1
DA:18,1
DA:19,1
DA:20,1
DA:21,1
DA:22,1
DA:23,1
DA:24,1
DA:25,1
DA:26,1
DA:27,1
DA:28,1
DA:29,1
DA:30,1
DA:31,1
DA:32,1
DA:33,1
DA:34,1
DA:39,1
DA:42,1
DA:44,1
DA:46,1
DA:47,2
DA:48,2
LF:36
LH:36
BRDA:46,0,0,2
BRF:1
BRH:1
end_of_record
TN:
SF:src\entity_registry.ts
FN:229,ensureParentDir
FN:236,sortArray
FN:238,writeHandledSnapshot
FN:330,persist
FN:359,categorizeSampleLabel
FN:375,logNewItems
FN:380,recordUpdateKeys
FN:395,recordMessageKeys
FN:410,recordEntityType
FN:419,recordBucketKeys
FN:446,recordPayloadKeys
FN:450,recordCallbackKeys
FN:454,recordInlineQueryKeys
FN:458,recordApiShape
FN:483,snapshotSets
FNF:15
FNH:15
FNDA:21,ensureParentDir
FNDA:176,sortArray
FNDA:8,writeHandledSnapshot
FNDA:5,persist
FNDA:4,categorizeSampleLabel
FNDA:5,logNewItems
FNDA:1,recordUpdateKeys
FNDA:1,recordMessageKeys
FNDA:2,recordEntityType
FNDA:5,recordBucketKeys
FNDA:3,recordPayloadKeys
FNDA:1,recordCallbackKeys
FNDA:1,recordInlineQueryKeys
FNDA:2,recordApiShape
FNDA:1,snapshotSets
DA:1,1
DA:4,1
DA:5,1
DA:6,1
DA:7,1
DA:17,1
DA:18,1
DA:19,1
DA:20,1
DA:21,1
DA:22,1
DA:23,1
DA:24,1
DA:25,1
DA:26,1
DA:27,1
DA:28,1
DA:29,1
DA:30,1
DA:31,1
DA:32,1
DA:33,1
DA:34,1
DA:35,1
DA:36,1
DA:37,1
DA:38,1
DA:39,1
DA:40,1
DA:41,1
DA:42,1
DA:43,1
DA:44,1
DA:45,1
DA:46,1
DA:47,1
DA:48,1
DA:49,1
DA:50,1
DA:51,1
DA:52,1
DA:53,1
DA:54,1
DA:55,1
DA:56,1
DA:57,1
DA:58,1
DA:59,1
DA:60,1
DA:61,1
DA:62,1
DA:63,1
DA:64,1
DA:65,1
DA:66,1
DA:67,1
DA:68,1
DA:69,1
DA:70,1
DA:71,1
DA:72,1
DA:73,1
DA:74,1
DA:75,1
DA:76,1
DA:77,1
DA:78,1
DA:79,1
DA:80,1
DA:81,1
DA:82,1
DA:83,1
DA:84,1
DA:85,1
DA:86,1
DA:87,1
DA:88,1
DA:89,1
DA:90,1
DA:91,1
DA:92,1
DA:93,1
DA:94,1
DA:95,1
DA:96,1
DA:97,1
DA:98,1
DA:99,1
DA:100,1
DA:101,1
DA:102,1
DA:103,1
DA:104,1
DA:105,1
DA:106,1
DA:107,1
DA:108,1
DA:109,1
DA:110,1
DA:111,1
DA:112,1
DA:113,1
DA:114,1
DA:115,1
DA:116,1
DA:117,1
DA:118,1
DA:119,1
DA:120,1
DA:121,1
DA:122,1
DA:123,1
DA:124,1
DA:125,1
DA:126,1
DA:127,1
DA:128,1
DA:129,1
DA:130,1
DA:131,1
DA:132,1
DA:133,1
DA:134,1
DA:135,1
DA:136,1
DA:137,1
DA:138,1
DA:139,1
DA:140,1
DA:141,1
DA:142,1
DA:143,1
DA:144,1
DA:145,1
DA:146,1
DA:147,1
DA:148,1
DA:149,1
DA:150,1
DA:151,1
DA:152,1
DA:153,1
DA:154,1
DA:155,1
DA:156,1
DA:157,1
DA:158,1
DA:159,1
DA:160,1
DA:161,1
DA:162,1
DA:163,1
DA:164,1
DA:165,1
DA:166,1
DA:167,1
DA:168,1
DA:169,1
DA:170,1
DA:171,1
DA:172,1
DA:173,1
DA:174,1
DA:175,1
DA:176,1
DA:177,1
DA:178,1
DA:179,1
DA:180,1
DA:181,1
DA:182,1
DA:183,1
DA:184,1
DA:185,1
DA:186,1
DA:187,1
DA:188,1
DA:189,1
DA:190,1
DA:191,1
DA:192,1
DA:193,1
DA:195,1
DA:197,1
DA:198,1
DA:199,0
DA:200,0
DA:201,0
DA:202,0
DA:203,0
DA:204,0
DA:205,0
DA:206,0
DA:207,0
DA:208,0
DA:209,0
DA:210,0
DA:211,0
DA:212,0
DA:213,0
DA:215,1
DA:216,1
DA:217,1
DA:218,1
DA:219,1
DA:221,1
DA:222,39
DA:223,39
DA:225,1
DA:226,18
DA:227,18
DA:229,1
DA:230,21
DA:231,21
DA:232,21
DA:233,21
DA:234,21
DA:236,1
DA:238,1
DA:239,8
DA:241,8
DA:242,8
DA:243,8
DA:244,104
DA:245,104
DA:246,104
DA:247,104
DA:249,8
DA:250,8
DA:251,8
DA:252,48
DA:253,48
DA:254,48
DA:255,48
DA:257,8
DA:258,8
DA:259,8
DA:260,8
DA:261,8
DA:262,8
DA:263,8
DA:264,8
DA:266,8
DA:267,8
DA:269,8
DA:270,8
DA:271,8
DA:272,8
DA:273,8
DA:275,8
DA:276,8
DA:277,8
DA:279,8
DA:280,8
DA:281,8
DA:283,8
DA:284,8
DA:285,8
DA:287,8
DA:288,8
DA:289,0
DA:290,8
DA:291,8
DA:292,104
DA:293,104
DA:294,104
DA:295,104
DA:296,104
DA:297,546
DA:298,546
DA:299,104
DA:300,0
DA:301,0
DA:302,104
DA:303,8
DA:304,8
DA:306,8
DA:307,8
DA:308,0
DA:309,8
DA:310,8
DA:311,48
DA:312,48
DA:313,48
DA:314,48
DA:315,48
DA:316,106
DA:317,106
DA:318,48
DA:319,0
DA:320,0
DA:321,48
DA:322,8
DA:324,8
DA:326,8
DA:327,8
DA:328,8
DA:330,1
DA:331,5
DA:333,5
DA:334,5
DA:335,65
DA:336,65
DA:338,5
DA:339,5
DA:340,30
DA:341,30
DA:343,5
DA:344,5
DA:345,5
DA:346,5
DA:347,5
DA:348,5
DA:349,5
DA:351,5
DA:352,5
DA:353,5
DA:355,1
DA:359,1
DA:360,4
DA:361,4
DA:362,4
DA:364,4
DA:365,1
DA:366,1
DA:367,1
DA:369,4
DA:370,4
DA:372,1
DA:373,1
DA:375,1
DA:376,5
DA:377,5
DA:378,5
DA:380,1
DA:381,1
DA:382,1
DA:383,3
DA:384,2
DA:385,2
DA:386,2
DA:387,3
DA:388,1
DA:389,1
DA:390,1
DA:391,1
DA:392,1
DA:393,1
DA:395,1
DA:396,1
DA:397,1
DA:398,2
DA:399,1
DA:400,1
DA:401,1
DA:402,2
DA:403,1
DA:404,1
DA:405,1
DA:406,1
DA:407,1
DA:408,1
DA:410,1
DA:411,2
DA:412,2
DA:413,1
DA:414,1
DA:415,1
DA:416,1
DA:417,1
DA:419,1
DA:420,5
DA:421,5
DA:422,5
DA:423,5
DA:424,5
DA:426,5
DA:427,5
DA:428,0
DA:429,0
DA:430,0
DA:432,5
DA:433,5
DA:434,8
DA:435,3
DA:436,3
DA:437,3
DA:438,8
DA:440,5
DA:441,2
DA:442,2
DA:443,2
DA:444,2
DA:446,1
DA:447,3
DA:448,3
DA:450,1
DA:451,1
DA:452,1
DA:454,1
DA:455,1
DA:456,1
DA:458,1
DA:459,2
DA:461,2
DA:463,2
DA:464,1
DA:465,1
DA:466,1
DA:467,1
DA:468,1
DA:469,1
DA:470,1
DA:471,1
DA:472,1
DA:473,2
DA:474,2
DA:475,1
DA:476,0
DA:477,0
DA:479,2
DA:480,2
DA:481,2
DA:483,1
DA:484,1
DA:485,1
DA:486,1
DA:487,1
DA:488,1
DA:489,1
LF:430
LH:404
BRDA:198,0,0,0
BRDA:211,1,0,0
BRDA:221,2,0,39
BRDA:225,3,0,18
BRDA:229,4,0,21
BRDA:236,5,0,176
BRDA:238,6,0,8
BRDA:243,7,0,104
BRDA:245,8,0,0
BRDA:251,9,0,48
BRDA:253,10,0,0
BRDA:276,11,0,0
BRDA:280,12,0,0
BRDA:284,13,0,0
BRDA:288,14,0,0
BRDA:291,15,0,104
BRDA:293,16,0,0
BRDA:296,17,0,546
BRDA:299,18,0,0
BRDA:307,19,0,0
BRDA:310,20,0,48
BRDA:312,21,0,0
BRDA:315,22,0,106
BRDA:318,23,0,0
BRDA:276,24,0,34
BRDA:280,25,0,196
BRDA:284,26,0,155
BRDA:330,27,0,5
BRDA:334,28,0,65
BRDA:339,29,0,30
BRDA:359,30,0,4
BRDA:360,31,0,0
BRDA:361,32,0,1
BRDA:361,33,0,0
BRDA:361,34,0,3
BRDA:362,35,0,0
BRDA:362,36,0,3
BRDA:364,37,0,1
BRDA:366,38,0,0
BRDA:367,39,0,2
BRDA:369,40,0,1
BRDA:369,41,0,1
BRDA:370,42,0,1
BRDA:375,43,0,5
BRDA:376,44,0,0
BRDA:380,45,0,1
BRDA:382,46,0,3
BRDA:383,47,0,2
BRDA:395,48,0,1
BRDA:397,49,0,2
BRDA:398,50,0,1
BRDA:410,51,0,2
BRDA:411,52,0,0
BRDA:412,53,0,1
BRDA:419,54,0,5
BRDA:424,55,0,0
BRDA:427,56,0,0
BRDA:433,57,0,8
BRDA:434,58,0,3
BRDA:440,59,0,3
BRDA:440,60,0,2
BRDA:446,61,0,3
BRDA:450,62,0,1
BRDA:454,63,0,1
BRDA:458,64,0,2
BRDA:459,65,0,0
BRDA:463,66,0,1
BRDA:472,67,0,2
BRDA:475,68,0,0
BRDA:479,69,0,0
BRDA:465,70,0,1
BRDA:483,71,0,1
BRF:72
BRH:48
end_of_record
TN:
SF:src\humanize.ts
FN:1,shorten
FN:6,maskPhone
FN:16,formatBytes
FN:25,describeMessageKey
FNF:4
FNH:4
FNDA:8,shorten
FNDA:1,maskPhone
FNDA:6,formatBytes
FNDA:24,describeMessageKey
DA:1,1
DA:2,8
DA:3,8
DA:4,8
DA:6,1
DA:7,1
DA:8,1
DA:9,1
DA:10,1
DA:11,1
DA:12,1
DA:13,1
DA:14,1
DA:16,1
DA:17,6
DA:18,6
DA:19,6
DA:20,6
DA:21,6
DA:22,6
DA:23,6
DA:25,1
DA:26,24
DA:27,24
DA:28,24
DA:29,24
DA:30,2
DA:31,24
DA:32,2
DA:33,2
DA:34,1
DA:35,2
DA:36,2
DA:37,2
DA:38,2
DA:39,2
DA:40,1
DA:41,1
DA:42,24
DA:43,1
DA:44,1
DA:45,1
DA:46,1
DA:47,1
DA:48,24
DA:49,1
DA:50,1
DA:51,1
DA:52,1
DA:53,1
DA:54,24
DA:55,1
DA:56,1
DA:57,1
DA:58,1
DA:59,1
DA:60,1
DA:61,24
DA:62,1
DA:63,1
DA:64,1
DA:65,1
DA:66,1
DA:67,1
DA:68,24
DA:69,1
DA:70,1
DA:71,1
DA:72,1
DA:73,1
DA:74,24
DA:75,1
DA:76,1
DA:77,1
DA:78,1
DA:79,1
DA:80,1
DA:81,24
DA:82,1
DA:83,1
DA:84,1
DA:85,1
DA:86,1
DA:87,1
DA:88,24
DA:89,1
DA:90,1
DA:91,1
DA:92,1
DA:93,1
DA:94,24
DA:95,1
DA:96,1
DA:97,1
DA:98,1
DA:99,1
DA:100,1
DA:101,24
DA:102,1
DA:103,1
DA:104,1
DA:105,24
DA:106,1
DA:107,1
DA:108,1
DA:109,24
DA:110,1
DA:111,1
DA:112,1
DA:113,24
DA:114,1
DA:115,1
DA:116,1
DA:117,24
DA:118,1
DA:119,1
DA:120,1
DA:121,24
DA:122,1
DA:123,1
DA:124,1
DA:125,24
DA:126,5
DA:127,5
DA:128,3
DA:129,5
DA:130,5
DA:131,1
DA:132,1
DA:133,1
DA:134,1
DA:135,0
DA:136,24
DA:137,0
DA:138,0
DA:139,0
DA:140,24
LF:137
LH:133
BRDA:1,0,0,8
BRDA:3,1,0,1
BRDA:3,2,0,7
BRDA:6,3,0,1
BRDA:7,4,0,0
BRDA:8,5,0,0
BRDA:10,6,0,0
BRDA:16,7,0,6
BRDA:17,8,0,0
BRDA:17,9,0,0
BRDA:18,10,0,0
BRDA:19,11,0,0
BRDA:25,12,0,24
BRDA:28,13,0,1
BRDA:29,14,0,2
BRDA:30,15,0,0
BRDA:31,16,0,2
BRDA:32,17,0,0
BRDA:33,18,0,1
BRDA:36,19,0,0
BRDA:37,20,0,0
BRDA:39,21,0,1
BRDA:42,22,0,1
BRDA:44,23,0,0
BRDA:45,24,0,0
BRDA:48,25,0,1
BRDA:52,26,0,0
BRDA:52,27,0,0
BRDA:54,28,0,1
BRDA:56,29,0,0
BRDA:57,30,0,0
BRDA:58,31,0,0
BRDA:61,32,0,1
BRDA:63,33,0,0
BRDA:63,34,0,0
BRDA:63,35,0,0
BRDA:64,36,0,0
BRDA:65,37,0,0
BRDA:68,38,0,1
BRDA:70,39,0,0
BRDA:70,40,0,0
BRDA:71,41,0,0
BRDA:74,42,0,1
BRDA:76,43,0,0
BRDA:77,44,0,0
BRDA:78,45,0,0
BRDA:81,46,0,1
BRDA:83,47,0,0
BRDA:84,48,0,0
BRDA:85,49,0,0
BRDA:88,50,0,1
BRDA:90,51,0,0
BRDA:90,52,0,0
BRDA:90,53,0,0
BRDA:91,54,0,0
BRDA:94,55,0,1
BRDA:96,56,0,0
BRDA:97,57,0,0
BRDA:99,58,0,0
BRDA:101,59,0,1
BRDA:105,60,0,1
BRDA:106,61,0,0
BRDA:106,62,0,0
BRDA:107,63,0,0
BRDA:109,64,0,1
BRDA:110,65,0,0
BRDA:110,66,0,0
BRDA:113,67,0,1
BRDA:114,68,0,0
BRDA:117,69,0,1
BRDA:118,70,0,0
BRDA:118,71,0,0
BRDA:118,72,0,0
BRDA:121,73,0,1
BRDA:122,74,0,0
BRDA:122,75,0,0
BRDA:125,76,0,5
BRDA:126,77,0,1
BRDA:126,78,0,4
BRDA:127,79,0,1
BRDA:127,80,0,3
BRDA:129,81,0,2
BRDA:129,82,0,1
BRDA:129,83,0,2
BRDA:130,84,0,1
BRDA:134,85,0,0
BRDA:136,86,0,0
BRF:87
BRH:35
end_of_record
TN:
SF:src\index.ts
FN:1,(empty-report)
FNF:1
FNH:0
FNDA:0,(empty-report)
DA:1,0
DA:2,0
DA:3,0
DA:4,0
DA:5,0
DA:13,0
DA:14,0
DA:15,0
DA:16,0
DA:17,0
DA:18,0
DA:19,0
DA:20,0
DA:21,0
DA:22,0
DA:23,0
DA:24,0
DA:25,0
DA:26,0
DA:27,0
DA:28,0
DA:29,0
DA:30,0
DA:36,0
DA:38,0
DA:39,0
DA:56,0
DA:57,0
DA:58,0
DA:59,0
DA:60,0
DA:62,0
DA:63,0
DA:64,0
DA:65,0
DA:66,0
DA:67,0
DA:69,0
DA:71,0
DA:73,0
DA:75,0
DA:77,0
DA:78,0
DA:79,0
DA:80,0
DA:81,0
DA:82,0
DA:83,0
DA:84,0
DA:85,0
DA:86,0
DA:87,0
DA:88,0
DA:89,0
DA:90,0
DA:91,0
DA:94,0
DA:96,0
DA:97,0
DA:98,0
DA:99,0
DA:100,0
DA:101,0
DA:102,0
DA:103,0
DA:104,0
DA:105,0
DA:106,0
DA:107,0
DA:108,0
DA:109,0
DA:110,0
DA:111,0
DA:112,0
DA:113,0
DA:115,0
DA:116,0
DA:118,0
DA:119,0
DA:120,0
DA:121,0
DA:122,0
DA:123,0
DA:124,0
DA:125,0
DA:126,0
DA:127,0
DA:128,0
DA:129,0
DA:130,0
DA:131,0
DA:132,0
DA:133,0
DA:134,0
DA:135,0
DA:136,0
DA:137,0
DA:138,0
DA:139,0
DA:140,0
DA:141,0
DA:142,0
DA:143,0
DA:144,0
DA:145,0
DA:146,0
DA:147,0
DA:148,0
DA:149,0
DA:150,0
DA:151,0
DA:152,0
DA:153,0
DA:154,0
DA:156,0
DA:157,0
DA:158,0
DA:159,0
DA:160,0
DA:161,0
DA:162,0
DA:163,0
DA:164,0
DA:165,0
DA:166,0
DA:167,0
DA:168,0
DA:169,0
DA:170,0
DA:171,0
DA:172,0
DA:173,0
DA:174,0
DA:175,0
DA:176,0
DA:179,0
DA:180,0
DA:181,0
DA:182,0
DA:183,0
DA:184,0
DA:185,0
DA:186,0
DA:187,0
DA:188,0
DA:189,0
DA:190,0
DA:191,0
DA:192,0
DA:193,0
DA:195,0
DA:196,0
DA:197,0
DA:198,0
DA:200,0
DA:201,0
DA:202,0
DA:203,0
DA:204,0
DA:205,0
DA:207,0
DA:208,0
DA:209,0
DA:210,0
DA:211,0
DA:212,0
DA:213,0
DA:215,0
DA:216,0
DA:217,0
DA:218,0
DA:219,0
DA:220,0
DA:221,0
DA:222,0
DA:226,0
DA:227,0
DA:228,0
DA:229,0
DA:230,0
DA:231,0
DA:232,0
DA:233,0
DA:234,0
DA:235,0
DA:238,0
DA:239,0
DA:240,0
DA:241,0
DA:242,0
DA:243,0
DA:244,0
DA:245,0
DA:246,0
DA:247,0
DA:248,0
DA:250,0
DA:251,0
DA:252,0
DA:254,0
DA:255,0
DA:256,0
DA:257,0
DA:258,0
DA:259,0
DA:260,0
DA:261,0
DA:263,0
DA:265,0
DA:266,0
DA:267,0
DA:268,0
DA:269,0
DA:270,0
DA:271,0
DA:272,0
DA:273,0
DA:274,0
DA:275,0
DA:276,0
DA:277,0
DA:278,0
DA:279,0
DA:280,0
DA:281,0
DA:282,0
DA:283,0
DA:284,0
DA:285,0
DA:286,0
DA:287,0
DA:288,0
DA:289,0
DA:290,0
DA:291,0
DA:292,0
DA:293,0
DA:294,0
DA:295,0
DA:296,0
DA:297,0
DA:299,0
DA:300,0
DA:301,0
DA:302,0
DA:303,0
DA:306,0
DA:307,0
DA:308,0
DA:309,0
DA:310,0
DA:311,0
DA:312,0
DA:313,0
DA:314,0
DA:315,0
DA:316,0
DA:317,0
DA:319,0
DA:320,0
DA:321,0
DA:322,0
DA:323,0
DA:324,0
DA:326,0
DA:328,0
DA:329,0
DA:330,0
DA:331,0
DA:332,0
DA:333,0
DA:335,0
DA:336,0
DA:337,0
DA:338,0
DA:339,0
DA:340,0
DA:341,0
DA:342,0
DA:343,0
DA:344,0
DA:345,0
DA:346,0
DA:347,0
DA:348,0
DA:349,0
DA:350,0
DA:351,0
DA:352,0
DA:353,0
DA:354,0
DA:356,0
DA:358,0
DA:359,0
DA:360,0
DA:361,0
DA:362,0
DA:363,0
DA:364,0
DA:365,0
DA:366,0
DA:367,0
DA:368,0
DA:369,0
DA:370,0
DA:371,0
DA:373,0
DA:375,0
DA:376,0
DA:379,0
DA:380,0
DA:381,0
DA:382,0
DA:383,0
DA:384,0
DA:385,0
DA:386,0
DA:387,0
DA:388,0
DA:389,0
DA:390,0
DA:391,0
DA:392,0
DA:393,0
DA:394,0
DA:395,0
DA:396,0
DA:397,0
DA:398,0
DA:400,0
DA:401,0
DA:402,0
DA:403,0
DA:404,0
DA:405,0
DA:407,0
DA:408,0
DA:409,0
DA:410,0
DA:411,0
DA:412,0
DA:413,0
DA:415,0
DA:416,0
DA:417,0
DA:418,0
DA:419,0
DA:420,0
DA:422,0
DA:423,0
DA:424,0
DA:425,0
DA:426,0
DA:427,0
DA:429,0
DA:430,0
DA:432,0
DA:433,0
DA:435,0
DA:436,0
DA:437,0
DA:438,0
DA:439,0
DA:440,0
DA:441,0
DA:442,0
DA:443,0
DA:444,0
DA:447,0
DA:448,0
DA:449,0
DA:452,0
DA:453,0
DA:454,0
DA:455,0
DA:456,0
DA:457,0
DA:458,0
DA:459,0
DA:460,0
DA:461,0
DA:462,0
DA:463,0
DA:464,0
DA:465,0
DA:466,0
DA:467,0
DA:470,0
DA:471,0
DA:472,0
DA:473,0
DA:474,0
DA:475,0
DA:476,0
DA:477,0
DA:478,0
DA:479,0
DA:480,0
DA:481,0
DA:482,0
DA:483,0
DA:484,0
DA:485,0
DA:486,0
DA:487,0
DA:490,0
DA:493,0
DA:494,0
DA:495,0
DA:496,0
DA:497,0
DA:498,0
DA:499,0
DA:500,0
DA:501,0
DA:502,0
DA:503,0
DA:504,0
DA:505,0
DA:506,0
DA:507,0
DA:509,0
DA:510,0
DA:511,0
DA:512,0
DA:513,0
DA:514,0
DA:515,0
DA:516,0
DA:517,0
DA:518,0
DA:519,0
DA:520,0
DA:521,0
DA:522,0
DA:523,0
DA:524,0
DA:525,0
DA:526,0
DA:527,0
DA:528,0
DA:529,0
DA:530,0
DA:531,0
DA:533,0
DA:534,0
DA:535,0
DA:536,0
DA:537,0
DA:538,0
DA:539,0
DA:540,0
DA:541,0
DA:542,0
DA:543,0
DA:544,0
DA:545,0
DA:546,0
DA:547,0
DA:548,0
DA:551,0
DA:552,0
DA:553,0
DA:554,0
DA:555,0
DA:556,0
DA:557,0
DA:558,0
DA:559,0
DA:560,0
DA:561,0
DA:562,0
DA:563,0
DA:564,0
DA:565,0
DA:566,0
DA:567,0
DA:568,0
DA:569,0
DA:570,0
DA:571,0
DA:572,0
DA:573,0
DA:574,0
DA:575,0
DA:576,0
DA:577,0
DA:578,0
DA:579,0
DA:580,0
DA:581,0
DA:582,0
DA:583,0
DA:584,0
DA:585,0
DA:588,0
DA:589,0
DA:590,0
DA:591,0
DA:592,0
DA:593,0
DA:595,0
DA:596,0
DA:597,0
DA:598,0
DA:599,0
DA:600,0
DA:601,0
DA:602,0
DA:603,0
DA:604,0
DA:606,0
DA:607,0
DA:609,0
DA:610,0
DA:613,0
DA:614,0
DA:615,0
DA:616,0
DA:617,0
DA:618,0
DA:619,0
DA:620,0
DA:621,0
DA:624,0
DA:625,0
DA:626,0
DA:627,0
DA:628,0
DA:629,0
DA:630,0
DA:631,0
DA:632,0
DA:633,0
DA:634,0
DA:635,0
DA:636,0
DA:637,0
DA:638,0
DA:639,0
DA:640,0
DA:641,0
DA:642,0
DA:643,0
DA:644,0
DA:645,0
DA:648,0
DA:649,0
DA:650,0
DA:651,0
DA:652,0
DA:653,0
DA:654,0
DA:655,0
DA:656,0
DA:657,0
DA:658,0
DA:659,0
DA:660,0
DA:661,0
DA:662,0
DA:663,0
DA:665,0
DA:666,0
DA:667,0
DA:669,0
DA:671,0
DA:672,0
DA:673,0
DA:674,0
DA:675,0
DA:676,0
DA:677,0
DA:678,0
DA:679,0
DA:680,0
DA:681,0
DA:683,0
DA:684,0
DA:685,0
DA:686,0
DA:687,0
DA:688,0
DA:689,0
DA:690,0
DA:691,0
DA:692,0
DA:693,0
DA:694,0
DA:695,0
DA:696,0
DA:697,0
DA:698,0
DA:700,0
DA:701,0
DA:702,0
DA:704,0
DA:706,0
DA:707,0
DA:708,0
DA:709,0
DA:710,0
DA:711,0
DA:712,0
DA:713,0
DA:714,0
DA:715,0
DA:716,0
DA:719,0
DA:720,0
DA:721,0
DA:722,0
DA:723,0
DA:724,0
DA:725,0
DA:726,0
DA:727,0
DA:728,0
DA:729,0
DA:730,0
DA:731,0
DA:732,0
DA:734,0
DA:735,0
DA:736,0
DA:737,0
DA:739,0
DA:740,0
DA:741,0
DA:742,0
DA:743,0
DA:744,0
DA:745,0
DA:746,0
DA:747,0
DA:748,0
DA:749,0
DA:751,0
DA:752,0
DA:753,0
DA:754,0
DA:755,0
DA:756,0
DA:757,0
DA:758,0
DA:759,0
DA:760,0
DA:761,0
DA:762,0
DA:763,0
DA:764,0
DA:766,0
DA:767,0
DA:768,0
DA:769,0
DA:771,0
DA:772,0
DA:773,0
DA:774,0
DA:775,0
DA:776,0
DA:777,0
DA:778,0
DA:779,0
DA:780,0
DA:781,0
DA:784,0
DA:785,0
DA:786,0
DA:787,0
DA:788,0
DA:789,0
DA:790,0
DA:791,0
DA:792,0
DA:793,0
DA:794,0
DA:795,0
DA:796,0
DA:797,0
DA:798,0
DA:799,0
DA:800,0
DA:801,0
DA:802,0
DA:803,0
DA:804,0
DA:805,0
DA:806,0
DA:807,0
DA:808,0
DA:809,0
DA:810,0
DA:811,0
DA:812,0
DA:813,0
DA:814,0
DA:815,0
DA:816,0
DA:817,0
DA:818,0
DA:819,0
DA:820,0
DA:821,0
DA:822,0
DA:823,0
DA:824,0
DA:825,0
DA:826,0
DA:827,0
DA:828,0
DA:829,0
DA:830,0
DA:831,0
DA:832,0
DA:833,0
DA:834,0
DA:835,0
DA:836,0
DA:837,0
DA:838,0
DA:839,0
DA:840,0
DA:841,0
DA:842,0
DA:843,0
DA:844,0
DA:846,0
DA:847,0
DA:848,0
DA:849,0
DA:850,0
DA:851,0
DA:852,0
DA:853,0
DA:855,0
DA:857,0
DA:858,0
DA:859,0
DA:860,0
DA:861,0
DA:862,0
DA:863,0
DA:865,0
DA:866,0
DA:868,0
DA:869,0
DA:870,0
DA:871,0
DA:872,0
DA:873,0
DA:874,0
DA:875,0
DA:876,0
DA:877,0
DA:878,0
DA:879,0
DA:880,0
DA:881,0
DA:882,0
DA:883,0
DA:884,0
DA:885,0
DA:886,0
DA:887,0
DA:888,0
DA:889,0
DA:890,0
DA:891,0
DA:892,0
DA:893,0
DA:894,0
DA:895,0
DA:896,0
DA:898,0
DA:899,0
DA:900,0
DA:901,0
DA:902,0
DA:903,0
DA:904,0
DA:905,0
DA:906,0
DA:907,0
DA:909,0
DA:910,0
DA:911,0
DA:912,0
DA:913,0
DA:914,0
DA:915,0
DA:916,0
DA:917,0
DA:918,0
DA:919,0
DA:920,0
DA:921,0
DA:922,0
DA:923,0
DA:924,0
DA:925,0
DA:926,0
DA:927,0
DA:928,0
DA:929,0
DA:930,0
DA:931,0
DA:932,0
DA:933,0
DA:934,0
DA:935,0
DA:936,0
DA:937,0
DA:938,0
DA:939,0
DA:940,0
DA:941,0
DA:942,0
DA:943,0
DA:945,0
DA:946,0
DA:947,0
DA:949,0
DA:950,0
DA:951,0
DA:952,0
DA:953,0
DA:954,0
DA:956,0
DA:957,0
DA:958,0
DA:961,0
DA:962,0
DA:963,0
DA:964,0
DA:965,0
DA:966,0
DA:967,0
DA:968,0
DA:969,0
DA:970,0
DA:971,0
DA:972,0
DA:973,0
DA:974,0
DA:975,0
DA:976,0
DA:977,0
DA:978,0
DA:979,0
DA:980,0
DA:982,0
DA:983,0
DA:984,0
DA:985,0
DA:986,0
DA:987,0
DA:988,0
DA:989,0
DA:991,0
DA:992,0
DA:993,0
DA:994,0
DA:995,0
DA:996,0
DA:997,0
DA:998,0
DA:999,0
DA:1000,0
DA:1003,0
DA:1004,0
DA:1005,0
DA:1006,0
DA:1007,0
DA:1008,0
DA:1009,0
DA:1010,0
DA:1011,0
DA:1013,0
DA:1014,0
DA:1015,0
DA:1016,0
DA:1017,0
DA:1018,0
DA:1019,0
DA:1020,0
DA:1021,0
DA:1022,0
DA:1025,0
DA:1026,0
DA:1027,0
DA:1028,0
DA:1030,0
DA:1033,0
DA:1034,0
DA:1035,0
DA:1036,0
DA:1037,0
DA:1039,0
DA:1040,0
DA:1041,0
DA:1044,0
DA:1045,0
DA:1046,0
DA:1047,0
DA:1048,0
DA:1049,0
DA:1050,0
DA:1051,0
DA:1052,0
DA:1053,0
DA:1054,0
DA:1056,0
DA:1057,0
DA:1058,0
DA:1059,0
DA:1060,0
DA:1061,0
DA:1062,0
DA:1063,0
DA:1066,0
DA:1067,0
DA:1068,0
DA:1069,0
DA:1070,0
DA:1071,0
DA:1072,0
DA:1073,0
DA:1074,0
DA:1075,0
DA:1076,0
DA:1077,0
DA:1078,0
DA:1079,0
DA:1080,0
DA:1081,0
DA:1082,0
DA:1083,0
DA:1084,0
DA:1085,0
DA:1087,0
DA:1088,0
DA:1089,0
DA:1090,0
DA:1091,0
DA:1092,0
DA:1093,0
DA:1094,0
DA:1095,0
DA:1096,0
DA:1097,0
DA:1098,0
DA:1099,0
DA:1100,0
DA:1101,0
DA:1102,0
DA:1103,0
DA:1104,0
DA:1105,0
DA:1106,0
DA:1107,0
DA:1109,0
DA:1110,0
DA:1111,0
DA:1112,0
DA:1113,0
DA:1114,0
DA:1115,0
DA:1116,0
DA:1117,0
DA:1118,0
DA:1119,0
DA:1120,0
DA:1121,0
DA:1122,0
DA:1124,0
DA:1125,0
DA:1126,0
DA:1127,0
DA:1128,0
DA:1129,0
DA:1130,0
DA:1131,0
DA:1132,0
DA:1133,0
DA:1134,0
DA:1135,0
DA:1136,0
DA:1137,0
DA:1138,0
DA:1139,0
DA:1140,0
DA:1141,0
DA:1143,0
DA:1144,0
DA:1145,0
DA:1146,0
DA:1148,0
DA:1149,0
DA:1150,0
DA:1151,0
DA:1152,0
DA:1153,0
DA:1154,0
DA:1155,0
DA:1156,0
DA:1157,0
DA:1158,0
DA:1159,0
DA:1160,0
DA:1162,0
DA:1163,0
DA:1165,0
DA:1166,0
DA:1167,0
DA:1168,0
DA:1170,0
DA:1171,0
DA:1172,0
DA:1173,0
DA:1174,0
DA:1175,0
DA:1176,0
DA:1178,0
DA:1179,0
DA:1180,0
DA:1181,0
DA:1182,0
DA:1183,0
DA:1185,0
DA:1186,0
DA:1187,0
DA:1188,0
DA:1189,0
DA:1190,0
DA:1191,0
DA:1192,0
DA:1193,0
DA:1194,0
DA:1195,0
DA:1196,0
DA:1197,0
DA:1198,0
DA:1201,0
DA:1202,0
DA:1203,0
DA:1204,0
DA:1206,0
DA:1207,0
DA:1208,0
DA:1210,0
DA:1211,0
DA:1212,0
DA:1213,0
DA:1214,0
DA:1216,0
DA:1217,0
DA:1218,0
DA:1219,0
DA:1220,0
DA:1221,0
DA:1222,0
DA:1223,0
DA:1224,0
DA:1226,0
DA:1227,0
DA:1228,0
DA:1229,0
DA:1230,0
DA:1231,0
DA:1232,0
DA:1233,0
DA:1235,0
DA:1236,0
DA:1237,0
DA:1238,0
DA:1239,0
DA:1242,0
DA:1243,0
DA:1244,0
DA:1245,0
DA:1246,0
DA:1247,0
DA:1248,0
DA:1249,0
DA:1250,0
DA:1251,0
DA:1252,0
DA:1253,0
DA:1254,0
DA:1255,0
DA:1256,0
DA:1257,0
DA:1258,0
DA:1259,0
DA:1260,0
DA:1261,0
DA:1264,0
DA:1265,0
DA:1266,0
DA:1267,0
DA:1268,0
DA:1269,0
DA:1270,0
DA:1271,0
DA:1272,0
DA:1275,0
DA:1276,0
DA:1277,0
DA:1278,0
DA:1279,0
DA:1280,0
DA:1281,0
DA:1282,0
DA:1283,0
DA:1286,0
DA:1287,0
DA:1288,0
DA:1289,0
DA:1290,0
DA:1291,0
DA:1292,0
DA:1293,0
DA:1294,0
DA:1295,0
DA:1296,0
DA:1297,0
DA:1298,0
DA:1299,0
DA:1300,0
DA:1301,0
DA:1302,0
DA:1303,0
DA:1304,0
DA:1305,0
DA:1306,0
DA:1307,0
DA:1308,0
DA:1309,0
DA:1310,0
DA:1311,0
DA:1312,0
DA:1313,0
DA:1314,0
DA:1315,0
DA:1316,0
DA:1317,0
DA:1318,0
DA:1319,0
DA:1320,0
DA:1321,0
DA:1322,0
DA:1325,0
DA:1326,0
DA:1327,0
DA:1328,0
DA:1329,0
DA:1330,0
DA:1331,0
DA:1332,0
DA:1333,0
DA:1334,0
DA:1335,0
DA:1336,0
DA:1337,0
DA:1338,0
DA:1339,0
DA:1340,0
DA:1341,0
DA:1342,0
DA:1343,0
DA:1344,0
DA:1345,0
DA:1346,0
DA:1347,0
DA:1348,0
DA:1349,0
DA:1350,0
DA:1351,0
DA:1352,0
DA:1353,0
DA:1354,0
DA:1355,0
DA:1356,0
DA:1357,0
DA:1358,0
DA:1359,0
DA:1360,0
DA:1361,0
DA:1362,0
DA:1363,0
DA:1366,0
DA:1367,0
DA:1368,0
DA:1369,0
DA:1370,0
DA:1371,0
LF:1197
LH:0
BRDA:1,0,0,0
BRF:1
BRH:0
end_of_record
TN:
SF:src\media_group_buffer.ts
FN:7,drainMediaGroupEntry
FNF:1
FNH:1
FNDA:2,drainMediaGroupEntry
DA:7,1
DA:8,2
DA:9,2
DA:10,2
DA:11,2
DA:12,2
DA:13,1
DA:14,1
DA:15,1
LF:9
LH:9
BRDA:7,0,0,2
BRDA:12,1,0,1
BRF:2
BRH:2
end_of_record
TN:
SF:src\notifier.ts
FN:13,badge
FN:19,formatDiffReport
FNF:2
FNH:2
FNDA:4,badge
FNDA:2,formatDiffReport
DA:13,4
DA:14,4
DA:15,4
DA:16,2
DA:17,2
DA:19,1
DA:20,2
DA:22,2
DA:23,1
DA:24,1
DA:25,1
DA:27,2
DA:28,1
DA:29,1
DA:30,2
DA:31,2
DA:32,2
DA:33,2
DA:34,1
DA:35,1
DA:36,1
DA:37,1
DA:38,1
DA:39,2
DA:40,2
DA:41,2
DA:42,1
DA:43,1
DA:45,2
DA:46,1
DA:47,1
DA:48,1
DA:49,1
DA:50,1
DA:51,1
DA:52,1
DA:53,1
DA:54,1
DA:55,1
DA:56,1
DA:57,1
DA:58,1
DA:60,2
DA:61,1
DA:62,1
LF:45
LH:45
BRDA:13,0,0,4
BRDA:14,1,0,1
BRDA:14,2,0,3
BRDA:15,3,0,1
BRDA:15,4,0,2
BRDA:19,5,0,2
BRDA:22,6,0,1
BRDA:22,7,0,1
BRDA:27,8,0,1
BRDA:27,9,0,1
BRDA:29,10,0,2
BRDA:30,11,0,1
BRDA:38,12,0,2
BRDA:39,13,0,1
BRDA:39,14,0,1
BRDA:45,15,0,1
BRDA:45,16,0,1
BRDA:60,17,0,1
BRF:18
BRH:18
end_of_record
TN:
SF:src\payload_merge.ts
FN:6,mergeArrayObjectSamples
FNF:1
FNH:1
FNDA:6,mergeArrayObjectSamples
DA:6,1
DA:7,6
DA:8,6
DA:9,6
DA:10,6
DA:11,6
DA:12,6
DA:13,6
DA:14,6
DA:15,6
DA:16,6
DA:17,2
DA:18,2
DA:19,6
DA:20,6
DA:21,6
DA:22,6
DA:23,6
DA:24,15
DA:25,15
DA:26,15
DA:27,15
DA:28,15
DA:29,16
DA:30,15
DA:31,15
DA:32,15
DA:33,16
DA:34,15
DA:35,15
DA:36,16
DA:37,12
DA:38,6
DA:39,6
LF:34
LH:34
BRDA:6,0,0,6
BRDA:11,1,0,0
BRDA:14,2,0,13
BRDA:16,3,0,2
BRDA:23,4,0,15
BRDA:24,5,0,0
BRDA:27,6,0,14
BRDA:27,7,0,12
BRDA:27,8,0,3
BRDA:27,9,0,12
BRDA:28,10,0,16
BRDA:29,11,0,15
BRDA:33,12,0,15
BRDA:36,13,0,12
BRF:14
BRH:12
end_of_record
TN:
SF:src\presenter_replay.ts
FN:25,defaultSleep
FN:29,replayPresentPayloads
FNF:2
FNH:1
FNDA:0,defaultSleep
FNDA:3,replayPresentPayloads
DA:25,1
DA:27,1
DA:29,1
DA:30,3
DA:31,3
DA:32,3
DA:33,3
DA:34,3
DA:35,3
DA:36,3
DA:37,3
DA:38,4
DA:39,4
DA:40,4
DA:41,1
DA:42,1
DA:43,3
DA:44,4
DA:45,1
DA:46,1
DA:47,4
DA:48,2
LF:22
LH:22
BRDA:29,0,0,3
BRDA:34,1,0,0
BRDA:35,2,0,1
BRDA:36,3,0,1
BRDA:37,4,0,4
BRDA:40,5,0,1
BRDA:42,6,0,3
BRDA:44,7,0,1
BRDA:47,8,0,2
BRF:9
BRH:8
end_of_record
TN:
SF:src\registry_actions.ts
FN:9,buildInlineKeyboardForDiff
FN:14,addRow
FN:26,trim
FN:73,parseRegCallback
FN:98,buildInlineKeyboardForScope
FN:103,addStatusRow
FN:133,buildInlineKeyboardForNestedPayload
FN:148,addRow
FN:181,buildInlineKeyboardForMessage
FN:184,addRow
FN:197,includeKey
FN:203,includeType
FN:209,trim
FNF:13
FNH:13
FNDA:2,buildInlineKeyboardForDiff
FNDA:9,addRow
FNDA:1,trim
FNDA:6,parseRegCallback
FNDA:1,buildInlineKeyboardForScope
FNDA:3,addStatusRow
FNDA:1,buildInlineKeyboardForNestedPayload
FNDA:3,addRow
FNDA:2,buildInlineKeyboardForMessage
FNDA:6,addRow
FNDA:3,includeKey
FNDA:3,includeType
FNDA:1,trim
DA:1,1
DA:9,1
DA:10,2
DA:11,2
DA:12,2
DA:14,2
DA:15,9
DA:16,9
DA:17,9
DA:18,9
DA:19,9
DA:20,9
DA:21,9
DA:22,9
DA:23,9
DA:25,2
DA:26,2
DA:27,1
DA:28,1
DA:29,1
DA:30,1
DA:32,2
DA:33,2
DA:34,8
DA:35,8
DA:36,7
DA:37,7
DA:38,2
DA:40,2
DA:41,1
DA:42,0
DA:43,1
DA:44,1
DA:45,1
DA:46,1
DA:47,1
DA:48,1
DA:49,1
DA:50,1
DA:51,1
DA:53,2
DA:54,1
DA:55,0
DA:56,1
DA:57,1
DA:58,1
DA:59,1
DA:60,1
DA:61,1
DA:62,1
DA:63,1
DA:65,2
DA:66,1
DA:67,1
DA:68,1
DA:70,2
DA:71,2
DA:73,1
DA:75,6
DA:76,5
DA:77,6
DA:78,5
DA:79,5
DA:80,5
DA:81,5
DA:82,6
DA:83,1
DA:84,6
DA:85,4
DA:86,3
DA:87,3
DA:88,3
DA:89,6
DA:91,1
DA:92,1
DA:93,3
DA:94,6
DA:95,3
DA:96,3
DA:98,1
DA:99,1
DA:100,1
DA:101,1
DA:103,1
DA:104,3
DA:105,3
DA:106,3
DA:107,3
DA:108,3
DA:109,3
DA:110,3
DA:111,3
DA:113,1
DA:114,1
DA:116,1
DA:117,1
DA:118,1
DA:119,1
DA:120,1
DA:121,1
DA:123,1
DA:124,1
DA:125,1
DA:126,1
DA:127,1
DA:128,1
DA:130,1
DA:131,1
DA:133,1
DA:135,1
DA:136,1
DA:137,1
DA:138,1
DA:139,1
DA:140,1
DA:141,0
DA:142,0
DA:143,0
DA:144,1
DA:146,1
DA:147,1
DA:148,1
DA:149,3
DA:150,3
DA:151,3
DA:152,3
DA:153,3
DA:154,3
DA:155,3
DA:156,3
DA:159,1
DA:160,1
DA:161,1
DA:162,1
DA:165,1
DA:166,1
DA:167,1
DA:168,2
DA:169,2
DA:170,2
DA:171,2
DA:172,2
DA:173,2
DA:174,2
DA:175,2
DA:176,1
DA:178,1
DA:179,1
DA:181,1
DA:182,2
DA:183,2
DA:184,2
DA:185,6
DA:186,6
DA:187,6
DA:188,6
DA:189,6
DA:190,6
DA:191,6
DA:192,6
DA:194,2
DA:195,2
DA:197,2
DA:198,3
DA:199,3
DA:201,3
DA:202,3
DA:203,2
DA:204,3
DA:205,3
DA:206,3
DA:207,3
DA:209,2
DA:210,1
DA:211,1
DA:212,1
DA:213,1
DA:215,2
DA:216,3
DA:217,2
DA:218,3
DA:219,3
DA:220,3
DA:221,3
DA:223,2
DA:224,3
DA:225,2
DA:226,3
DA:227,3
DA:228,3
DA:232,2
DA:233,2
LF:192
LH:187
BRDA:9,0,0,2
BRDA:33,1,0,8
BRDA:35,2,0,1
BRDA:35,3,0,7
BRDA:40,4,0,1
BRDA:40,5,0,1
BRDA:41,6,0,0
BRDA:46,7,0,0
BRDA:47,8,0,0
BRDA:53,9,0,1
BRDA:53,10,0,1
BRDA:54,11,0,0
BRDA:59,12,0,0
BRDA:65,13,0,1
BRDA:70,14,0,0
BRDA:14,15,0,9
BRDA:15,16,0,0
BRDA:26,17,0,1
BRDA:27,18,0,0
BRDA:29,19,0,0
BRDA:73,20,0,6
BRDA:75,21,0,1
BRDA:75,22,0,5
BRDA:77,23,0,0
BRDA:77,24,0,5
BRDA:82,25,0,1
BRDA:84,26,0,4
BRDA:85,27,0,1
BRDA:85,28,0,3
BRDA:89,29,0,1
BRDA:92,30,0,3
BRDA:94,31,0,2
BRDA:94,32,0,1
BRDA:94,33,0,0
BRDA:94,34,0,3
BRDA:98,35,0,1
BRDA:116,36,0,0
BRDA:119,37,0,0
BRDA:123,38,0,0
BRDA:126,39,0,0
BRDA:130,40,0,0
BRDA:103,41,0,3
BRDA:104,42,0,0
BRDA:117,43,0,2
BRDA:117,44,0,1
BRDA:124,45,0,2
BRDA:124,46,0,1
BRDA:133,47,0,1
BRDA:139,48,0,0
BRDA:140,49,0,0
BRDA:144,50,0,0
BRDA:159,51,0,0
BRDA:165,52,0,0
BRDA:167,53,0,2
BRDA:169,54,0,0
BRDA:171,55,0,1
BRDA:172,56,0,0
BRDA:174,57,0,0
BRDA:178,58,0,0
BRDA:148,59,0,3
BRDA:149,60,0,1
BRDA:149,61,0,2
BRDA:181,62,0,2
BRDA:215,63,0,3
BRDA:216,64,0,1
BRDA:216,65,0,2
BRDA:218,66,0,1
BRDA:218,67,0,1
BRDA:218,68,0,1
BRDA:220,69,0,0
BRDA:223,70,0,3
BRDA:224,71,0,1
BRDA:224,72,0,2
BRDA:227,73,0,0
BRDA:232,74,0,0
BRDA:184,75,0,6
BRDA:185,76,0,0
BRDA:197,77,0,3
BRDA:199,78,0,1
BRDA:199,79,0,2
BRDA:201,80,0,1
BRDA:203,81,0,3
BRDA:205,82,0,1
BRDA:205,83,0,2
BRDA:206,84,0,1
BRDA:209,85,0,1
BRDA:210,86,0,0
BRDA:212,87,0,0
BRF:88
BRH:56
end_of_record
TN:
SF:src\registry_config.ts
FN:18,ensureDirFor
FN:23,loadConfig
FN:36,saveConfig
FN:41,setStatus
FN:60,setNote
FN:81,setMode
FN:87,getMode
FN:92,resetConfigDefaults
FN:111,getStoragePolicy
FN:122,setStoragePolicy
FNF:10
FNH:10
FNDA:9,ensureDirFor
FNDA:10,loadConfig
FNDA:9,saveConfig
FNDA:3,setStatus
FNDA:3,setNote
FNDA:1,setMode
FNDA:1,getMode
FNDA:1,resetConfigDefaults
FNDA:2,getStoragePolicy
FNDA:1,setStoragePolicy
DA:1,1
DA:16,1
DA:18,9
DA:19,9
DA:20,9
DA:21,9
DA:23,10
DA:24,10
DA:25,10
DA:26,8
DA:27,8
DA:28,8
DA:29,8
DA:30,10
DA:32,0
DA:33,2
DA:34,2
DA:36,9
DA:37,9
DA:38,9
DA:39,9
DA:41,1
DA:42,3
DA:43,3
DA:44,1
DA:45,1
DA:46,3
DA:47,1
DA:48,1
DA:49,1
DA:50,1
DA:51,1
DA:52,1
DA:53,1
DA:54,1
DA:55,1
DA:56,1
DA:57,3
DA:58,3
DA:60,1
DA:61,3
DA:62,3
DA:63,1
DA:64,1
DA:65,3
DA:66,1
DA:67,1
DA:68,1
DA:69,1
DA:70,1
DA:71,1
DA:72,1
DA:73,1
DA:74,1
DA:75,1
DA:76,3
DA:77,3
DA:81,1
DA:82,1
DA:83,1
DA:84,1
DA:85,1
DA:87,1
DA:88,1
DA:89,1
DA:90,1
DA:92,1
DA:93,1
DA:94,1
DA:95,1
DA:96,1
DA:97,1
DA:98,1
DA:99,1
DA:100,1
DA:101,1
DA:102,1
DA:103,1
DA:104,1
DA:105,1
DA:106,1
DA:107,1
DA:108,1
DA:109,1
DA:111,1
DA:113,2
DA:114,2
DA:115,1
DA:116,1
DA:117,1
DA:118,2
DA:119,2
DA:120,2
DA:122,1
DA:123,1
DA:124,1
DA:125,1
DA:126,1
DA:127,1
LF:99
LH:98
BRDA:18,0,0,9
BRDA:23,1,0,10
BRDA:25,2,0,8
BRDA:28,3,0,0
BRDA:30,4,0,0
BRDA:32,5,0,2
BRDA:36,6,0,9
BRDA:41,7,0,3
BRDA:43,8,0,1
BRDA:46,9,0,2
BRDA:46,10,0,1
BRDA:49,11,0,0
BRDA:54,12,0,0
BRDA:60,13,0,3
BRDA:62,14,0,1
BRDA:63,15,0,0
BRDA:64,16,0,0
BRDA:65,17,0,2
BRDA:65,18,0,1
BRDA:66,19,0,0
BRDA:67,20,0,0
BRDA:68,21,0,0
BRDA:69,22,0,0
BRDA:71,23,0,0
BRDA:72,24,0,0
BRDA:73,25,0,0
BRDA:74,26,0,0
BRDA:81,27,0,1
BRDA:87,28,0,1
BRDA:89,29,0,0
BRDA:92,30,0,1
BRDA:111,31,0,2
BRDA:113,32,0,1
BRDA:114,33,0,1
BRDA:114,34,0,1
BRDA:114,35,0,1
BRDA:118,36,0,0
BRDA:119,37,0,1
BRDA:119,38,0,1
BRDA:119,39,0,0
BRDA:122,40,0,1
BRF:41
BRH:24
end_of_record
TN:
SF:src\registry_notifier.ts
FN:10,createMutableDiff
FN:16,mergeDiff
FN:38,materializeDiff
FN:78,createRegistryNotifier
FN:82,disposeTimer
FN:90,flush
FN:105,queue
FN:125,flushAll
FN:131,hasPending
FNF:9
FNH:9
FNDA:5,createMutableDiff
FNDA:6,mergeDiff
FNDA:5,materializeDiff
FNDA:4,createRegistryNotifier
FNDA:6,disposeTimer
FNDA:5,flush
FNDA:6,queue
FNDA:1,flushAll
FNDA:2,hasPending
DA:10,1
DA:11,5
DA:12,5
DA:13,5
DA:14,5
DA:16,1
DA:17,6
DA:18,5
DA:19,5
DA:20,5
DA:21,5
DA:22,6
DA:23,1
DA:24,1
DA:25,1
DA:26,1
DA:27,1
DA:28,1
DA:29,1
DA:30,6
DA:31,1
DA:32,1
DA:33,1
DA:34,1
DA:35,1
DA:36,6
DA:38,1
DA:39,5
DA:40,5
DA:41,5
DA:42,5
DA:43,5
DA:44,5
DA:45,5
DA:46,5
DA:47,5
DA:48,5
DA:49,5
DA:50,5
DA:51,5
DA:78,1
DA:79,4
DA:80,4
DA:82,4
DA:83,6
DA:84,6
DA:85,6
DA:87,0
DA:88,6
DA:90,4
DA:91,5
DA:92,5
DA:93,5
DA:94,5
DA:95,5
DA:96,5
DA:97,5
DA:98,5
DA:99,5
DA:100,1
DA:101,1
DA:102,5
DA:104,4
DA:105,4
DA:106,6
DA:107,6
DA:108,1
DA:109,1
DA:110,1
DA:111,1
DA:112,1
DA:113,1
DA:114,1
DA:115,1
DA:116,1
DA:117,5
DA:118,5
DA:119,5
DA:120,1
DA:121,5
DA:122,5
DA:123,6
DA:124,4
DA:125,4
DA:126,1
DA:127,1
DA:128,2
DA:129,2
DA:130,1
DA:131,4
DA:132,2
DA:133,2
DA:134,4
DA:135,4
LF:94
LH:93
BRDA:10,0,0,5
BRDA:16,1,0,6
BRDA:17,2,0,5
BRDA:22,3,0,1
BRDA:25,4,0,0
BRDA:30,5,0,1
BRDA:38,6,0,5
BRDA:47,7,0,4
BRDA:48,8,0,1
BRDA:49,9,0,1
BRDA:40,10,0,1
BRDA:41,11,0,5
BRDA:78,12,0,4
BRDA:79,13,0,0
BRDA:82,14,0,6
BRDA:85,15,0,0
BRDA:90,16,0,5
BRDA:92,17,0,0
BRDA:96,18,0,1
BRDA:96,19,0,1
BRDA:96,20,0,0
BRDA:98,21,0,4
BRDA:99,22,0,1
BRDA:105,23,0,6
BRDA:107,24,0,1
BRDA:116,25,0,5
BRDA:111,26,0,1
BRDA:119,27,0,1
BRDA:125,28,0,1
BRDA:127,29,0,2
BRDA:131,30,0,2
BRF:31
BRH:26
end_of_record
TN:
SF:src\registry_status.ts
FN:33,withAltSeparators
FN:41,firstExistingPath
FN:48,nowIso
FN:50,ensureParentDir
FN:55,defaultFile
FN:65,seedFromHandledSnapshot
FN:95,stable
FN:105,<instance_members_initializer>
FN:113,RegistryStatus
FN:119,load
FN:151,scheduleSave
FN:159,saveNow
FN:166,snapshot
FN:170,reset
FN:176,maybeReloadConfig
FN:192,scopeOverride
FN:197,keyOverride
FN:202,typeOverride
FN:207,ensureScope
FN:222,ensureMessageKey
FN:239,ensureEntityType
FN:255,observeScopes
FN:269,observeMessageKeys
FN:295,observeEntityTypes
FN:321,setMessageKeyStatus
FN:327,setEntityTypeStatus
FN:333,setScopeStatus
FN:339,getScopeStatus
FN:343,isScopeIgnored
FN:347,getMode
FN:353,getMessageKeyStatus
FN:357,getEntityTypeStatus
FNF:32
FNH:31
FNDA:23,withAltSeparators
FNDA:23,firstExistingPath
FNDA:28,nowIso
FNDA:5,ensureParentDir
FNDA:2,defaultFile
FNDA:2,seedFromHandledSnapshot
FNDA:30,stable
FNDA:2,<instance_members_initializer>
FNDA:2,RegistryStatus
FNDA:2,load
FNDA:7,scheduleSave
FNDA:3,saveNow
FNDA:3,snapshot
FNDA:0,reset
FNDA:21,maybeReloadConfig
FNDA:6,scopeOverride
FNDA:7,keyOverride
FNDA:7,typeOverride
FNDA:4,ensureScope
FNDA:3,ensureMessageKey
FNDA:3,ensureEntityType
FNDA:2,observeScopes
FNDA:1,observeMessageKeys
FNDA:1,observeEntityTypes
FNDA:1,setMessageKeyStatus
FNDA:1,setEntityTypeStatus
FNDA:1,setScopeStatus
FNDA:2,getScopeStatus
FNDA:1,isScopeIgnored
FNDA:1,getMode
FNDA:1,getMessageKeyStatus
FNDA:1,getEntityTypeStatus
DA:1,1
DA:27,1
DA:28,1
DA:29,1
DA:33,1
DA:34,23
DA:35,23
DA:36,23
DA:37,23
DA:38,23
DA:39,23
DA:41,1
DA:42,23
DA:43,69
DA:44,69
DA:45,20
DA:46,20
DA:48,1
DA:50,1
DA:51,5
DA:52,5
DA:53,5
DA:55,2
DA:56,2
DA:57,2
DA:58,2
DA:59,2
DA:60,2
DA:61,2
DA:62,2
DA:63,2
DA:65,2
DA:66,2
DA:67,2
DA:68,2
DA:69,2
DA:70,1
DA:71,1
DA:76,1
DA:77,1
DA:78,1
DA:79,1
DA:80,1
DA:81,1
DA:82,1
DA:83,1
DA:84,1
DA:85,1
DA:86,1
DA:87,1
DA:88,1
DA:89,2
DA:91,0
DA:92,2
DA:93,2
DA:95,30
DA:96,30
DA:97,30
DA:98,107
DA:99,107
DA:100,80
DA:101,107
DA:102,30
DA:103,30
DA:105,1
DA:106,2
DA:107,2
DA:108,2
DA:109,2
DA:110,2
DA:111,2
DA:113,2
DA:114,2
DA:115,2
DA:116,2
DA:117,2
DA:119,2
DA:121,2
DA:122,2
DA:123,0
DA:124,0
DA:128,0
DA:130,0
DA:131,0
DA:132,0
DA:133,0
DA:134,0
DA:135,0
DA:136,0
DA:137,0
DA:138,0
DA:139,0
DA:140,2
DA:142,0
DA:145,2
DA:146,2
DA:147,2
DA:148,2
DA:149,2
DA:151,2
DA:152,7
DA:153,3
DA:154,2
DA:155,2
DA:156,3
DA:157,7
DA:159,2
DA:160,3
DA:161,3
DA:162,3
DA:163,3
DA:164,3
DA:166,2
DA:167,3
DA:168,3
DA:170,2
DA:171,0
DA:172,0
DA:173,0
DA:174,0
DA:176,2
DA:177,21
DA:178,21
DA:179,21
DA:180,2
DA:181,21
DA:182,21
DA:183,1
DA:184,1
DA:185,1
DA:186,1
DA:187,21
DA:189,0
DA:190,21
DA:192,2
DA:193,6
DA:194,6
DA:195,6
DA:197,2
DA:198,7
DA:199,7
DA:200,7
DA:202,2
DA:203,7
DA:204,7
DA:205,7
DA:207,2
DA:208,4
DA:209,4
DA:210,2
DA:211,2
DA:212,2
DA:213,2
DA:214,4
DA:215,4
DA:216,4
DA:217,4
DA:218,4
DA:219,4
DA:220,4
DA:222,2
DA:223,3
DA:224,3
DA:225,3
DA:226,2
DA:227,2
DA:228,2
DA:229,2
DA:230,3
DA:231,3
DA:232,3
DA:233,3
DA:234,3
DA:235,3
DA:236,3
DA:237,3
DA:239,2
DA:240,3
DA:241,3
DA:242,3
DA:243,2
DA:244,2
DA:245,2
DA:246,2
DA:247,3
DA:248,3
DA:249,3
DA:250,3
DA:251,3
DA:252,3
DA:253,3
DA:255,2
DA:256,2
DA:257,2
DA:258,3
DA:259,3
DA:260,3
DA:261,2
DA:262,2
DA:263,3
DA:265,2
DA:266,2
DA:267,2
DA:269,2
DA:270,1
DA:271,1
DA:272,2
DA:273,2
DA:274,2
DA:275,2
DA:276,2
DA:278,2
DA:279,2
DA:280,2
DA:281,2
DA:282,2
DA:283,2
DA:284,2
DA:285,2
DA:286,2
DA:287,2
DA:288,2
DA:289,2
DA:290,2
DA:291,1
DA:292,1
DA:293,1
DA:295,2
DA:296,1
DA:297,1
DA:298,2
DA:299,2
DA:300,2
DA:301,2
DA:302,2
DA:304,2
DA:305,2
DA:306,2
DA:307,2
DA:308,2
DA:309,2
DA:310,2
DA:311,2
DA:312,2
DA:313,2
DA:314,2
DA:315,2
DA:316,2
DA:317,1
DA:318,1
DA:319,1
DA:321,2
DA:322,1
DA:323,1
DA:324,1
DA:325,1
DA:327,2
DA:328,1
DA:329,1
DA:330,1
DA:331,1
DA:333,2
DA:334,1
DA:335,1
DA:336,1
DA:337,1
DA:339,2
DA:340,2
DA:341,2
DA:343,2
DA:344,1
DA:345,1
DA:347,2
DA:348,1
DA:349,1
DA:350,1
DA:351,1
DA:353,2
DA:354,1
DA:355,1
DA:357,2
DA:358,1
DA:359,1
DA:360,2
LF:284
LH:264
BRDA:33,0,0,23
BRDA:41,1,0,23
BRDA:42,2,0,69
BRDA:43,3,0,3
BRDA:43,4,0,0
BRDA:44,5,0,20
BRDA:48,6,0,28
BRDA:50,7,0,5
BRDA:55,8,0,2
BRDA:65,9,0,2
BRDA:69,10,0,1
BRDA:77,11,0,0
BRDA:81,12,0,0
BRDA:85,13,0,0
BRDA:89,14,0,0
BRDA:95,15,0,30
BRDA:97,16,0,107
BRDA:99,17,0,99
BRDA:99,18,0,27
BRDA:99,19,0,27
BRDA:99,20,0,80
BRDA:105,21,0,2
BRDA:113,22,0,2
BRDA:119,23,0,2
BRDA:122,24,0,0
BRDA:140,25,0,0
BRDA:151,26,0,7
BRDA:152,27,0,4
BRDA:152,28,0,3
BRDA:153,29,0,2
BRDA:159,30,0,3
BRDA:166,31,0,3
BRDA:176,32,0,21
BRDA:179,33,0,19
BRDA:179,34,0,2
BRDA:181,35,0,0
BRDA:182,36,0,1
BRDA:187,37,0,0
BRDA:192,38,0,6
BRDA:194,39,0,1
BRDA:197,40,0,7
BRDA:199,41,0,0
BRDA:202,42,0,7
BRDA:204,43,0,0
BRDA:207,44,0,4
BRDA:209,45,0,2
BRDA:211,46,0,0
BRDA:211,47,0,0
BRDA:217,48,0,1
BRDA:217,49,0,1
BRDA:217,50,0,1
BRDA:218,51,0,1
BRDA:218,52,0,1
BRDA:222,53,0,3
BRDA:223,54,0,1
BRDA:225,55,0,2
BRDA:227,56,0,0
BRDA:227,57,0,0
BRDA:232,58,0,1
BRDA:234,59,0,0
BRDA:234,60,0,0
BRDA:234,61,0,0
BRDA:235,62,0,0
BRDA:235,63,0,0
BRDA:239,64,0,3
BRDA:240,65,0,1
BRDA:242,66,0,2
BRDA:244,67,0,0
BRDA:244,68,0,0
BRDA:250,69,0,0
BRDA:250,70,0,0
BRDA:250,71,0,0
BRDA:251,72,0,0
BRDA:251,73,0,0
BRDA:255,74,0,2
BRDA:257,75,0,3
BRDA:260,76,0,2
BRDA:269,77,0,1
BRDA:271,78,0,2
BRDA:272,79,0,1
BRDA:282,80,0,0
BRDA:285,81,0,0
BRDA:287,82,0,0
BRDA:287,83,0,0
BRDA:292,84,0,2
BRDA:295,85,0,1
BRDA:297,86,0,2
BRDA:298,87,0,1
BRDA:308,88,0,0
BRDA:311,89,0,0
BRDA:313,90,0,0
BRDA:313,91,0,0
BRDA:318,92,0,2
BRDA:321,93,0,1
BRDA:327,94,0,1
BRDA:333,95,0,1
BRDA:339,96,0,2
BRDA:343,97,0,1
BRDA:347,98,0,1
BRDA:349,99,0,0
BRDA:350,100,0,0
BRDA:353,101,0,1
BRDA:357,102,0,1
BRF:103
BRH:66
end_of_record
TN:
SF:src\renderer.ts
FN:3,escapeHtml
FN:9,wrap
FN:16,entityToHtml
FN:24,pushOpen
FN:29,pushClose
FN:35,weightFor
FN:152,formatBytes
FN:164,renderMessageHTML
FN:222,renderMediaGroupHTML
FNF:9
FNH:8
FNDA:81,escapeHtml
FNDA:0,wrap
FNDA:6,entityToHtml
FNDA:6,pushOpen
FNDA:6,pushClose
FNDA:9,weightFor
FNDA:4,formatBytes
FNDA:5,renderMessageHTML
FNDA:1,renderMediaGroupHTML
DA:3,1
DA:4,81
DA:5,81
DA:6,81
DA:7,81
DA:9,1
DA:10,0
DA:11,0
DA:12,0
DA:16,1
DA:17,6
DA:18,6
DA:19,6
DA:21,6
DA:22,6
DA:24,6
DA:25,6
DA:26,6
DA:27,6
DA:28,6
DA:29,6
DA:30,6
DA:31,6
DA:32,6
DA:33,6
DA:35,6
DA:36,9
DA:37,9
DA:38,9
DA:39,9
DA:40,9
DA:42,9
DA:43,9
DA:44,9
DA:45,9
DA:46,9
DA:47,9
DA:48,9
DA:49,9
DA:50,9
DA:51,9
DA:53,6
DA:54,9
DA:55,9
DA:56,9
DA:57,9
DA:58,9
DA:59,9
DA:60,9
DA:61,9
DA:62,9
DA:63,9
DA:64,9
DA:65,9
DA:66,9
DA:67,9
DA:68,1
DA:69,1
DA:70,1
DA:71,1
DA:72,1
DA:73,1
DA:74,9
DA:75,1
DA:76,1
DA:77,1
DA:78,1
DA:79,1
DA:80,1
DA:82,9
DA:83,2
DA:84,1
DA:85,1
DA:86,1
DA:87,1
DA:88,1
DA:89,2
DA:90,2
DA:91,9
DA:92,1
DA:93,1
DA:94,1
DA:95,0
DA:96,0
DA:97,0
DA:98,1
DA:99,1
DA:100,9
DA:101,9
DA:102,9
DA:103,6
DA:104,6
DA:105,6
DA:106,9
DA:108,6
DA:109,6
DA:110,6
DA:111,6
DA:113,70
DA:114,49
DA:115,49
DA:116,49
DA:118,70
DA:119,70
DA:121,2
DA:122,2
DA:123,2
DA:125,70
DA:126,49
DA:127,49
DA:128,49
DA:129,2
DA:130,2
DA:131,49
DA:133,70
DA:134,70
DA:136,6
DA:137,6
DA:138,6
DA:139,70
DA:140,70
DA:141,70
DA:142,70
DA:144,70
DA:145,6
DA:146,4
DA:147,4
DA:148,4
DA:149,6
DA:150,6
DA:152,1
DA:153,4
DA:154,4
DA:155,4
DA:156,4
DA:157,4
DA:158,4
DA:159,4
DA:160,4
DA:161,4
DA:162,4
DA:164,1
DA:165,5
DA:166,5
DA:167,5
DA:168,5
DA:169,5
DA:170,5
DA:171,5
DA:172,5
DA:173,5
DA:174,5
DA:175,5
DA:176,8
DA:177,8
DA:178,8
DA:179,8
DA:180,8
DA:181,8
DA:182,8
DA:183,8
DA:184,5
DA:185,5
DA:186,1
DA:187,1
DA:188,1
DA:189,5
DA:190,1
DA:191,1
DA:192,1
DA:193,5
DA:194,1
DA:195,1
DA:196,1
DA:197,5
DA:198,0
DA:199,0
DA:200,0
DA:201,5
DA:202,1
DA:203,1
DA:204,1
DA:205,1
DA:207,5
DA:208,1
DA:209,1
DA:210,1
DA:211,5
DA:212,2
DA:213,2
DA:214,2
DA:215,2
DA:216,2
DA:218,5
DA:219,5
DA:220,5
DA:222,1
DA:223,1
DA:224,1
DA:225,1
DA:226,1
DA:227,1
DA:228,1
DA:229,1
DA:230,2
DA:231,1
DA:232,1
DA:233,1
DA:234,1
DA:235,1
DA:236,1
DA:237,0
DA:238,0
DA:239,0
DA:240,0
DA:241,0
DA:242,0
DA:243,2
DA:244,1
DA:245,1
DA:246,1
DA:247,1
DA:248,1
DA:249,1
LF:224
LH:209
BRDA:3,0,0,81
BRDA:16,1,0,6
BRDA:17,2,0,0
BRDA:53,3,0,9
BRDA:60,4,0,2
BRDA:61,5,0,0
BRDA:62,6,0,0
BRDA:63,7,0,0
BRDA:64,8,0,0
BRDA:65,9,0,0
BRDA:66,10,0,0
BRDA:67,11,0,1
BRDA:69,12,0,0
BRDA:74,13,0,1
BRDA:76,14,0,0
BRDA:82,15,0,2
BRDA:83,16,0,1
BRDA:91,17,0,1
BRDA:94,18,0,0
BRDA:100,19,0,2
BRDA:102,20,0,6
BRDA:102,21,0,6
BRDA:111,22,0,70
BRDA:113,23,0,49
BRDA:115,24,0,0
BRDA:119,25,0,2
BRDA:119,26,0,2
BRDA:125,27,0,49
BRDA:127,28,0,1
BRDA:128,29,0,4
BRDA:128,30,0,2
BRDA:134,31,0,6
BRDA:134,32,0,6
BRDA:145,33,0,4
BRDA:145,34,0,4
BRDA:24,35,0,6
BRDA:29,36,0,6
BRDA:35,37,0,9
BRDA:37,38,0,1
BRDA:38,39,0,2
BRDA:39,40,0,2
BRDA:40,41,0,3
BRDA:42,42,0,0
BRDA:43,43,0,0
BRDA:44,44,0,0
BRDA:45,45,0,0
BRDA:46,46,0,2
BRDA:47,47,0,0
BRDA:48,48,0,0
BRDA:49,49,0,2
BRDA:152,50,0,4
BRDA:153,51,0,0
BRDA:154,52,0,0
BRDA:155,53,0,0
BRDA:156,54,0,0
BRDA:160,55,0,0
BRDA:160,56,0,0
BRDA:164,57,0,5
BRDA:166,58,0,0
BRDA:166,59,0,0
BRDA:168,60,0,0
BRDA:175,61,0,0
BRDA:175,62,0,0
BRDA:175,63,0,8
BRDA:178,64,0,1
BRDA:179,65,0,1
BRDA:180,66,0,0
BRDA:181,67,0,1
BRDA:185,68,0,1
BRDA:185,69,0,1
BRDA:187,70,0,0
BRDA:189,71,0,1
BRDA:191,72,0,0
BRDA:193,73,0,1
BRDA:195,74,0,0
BRDA:195,75,0,0
BRDA:195,76,0,0
BRDA:197,77,0,0
BRDA:201,78,0,1
BRDA:203,79,0,0
BRDA:207,80,0,1
BRDA:209,81,0,4
BRDA:211,82,0,3
BRDA:211,83,0,3
BRDA:211,84,0,2
BRDA:214,85,0,0
BRDA:215,86,0,1
BRDA:222,87,0,1
BRDA:229,88,0,2
BRDA:230,89,0,1
BRDA:230,90,0,1
BRDA:232,91,0,0
BRDA:235,92,0,0
BRDA:236,93,0,0
BRDA:246,94,0,2
BRF:95
BRH:55
end_of_record
TN:
SF:src\report.ts
FN:5,sortKeys
FN:9,plural
FN:13,buildRegistryMarkdown
FN:36,section
FNF:4
FNH:4
FNDA:9,sortKeys
FNDA:2,plural
FNDA:1,buildRegistryMarkdown
FNDA:1,section
DA:5,9
DA:6,9
DA:7,9
DA:9,2
DA:10,2
DA:11,2
DA:13,1
DA:14,1
DA:15,1
DA:16,1
DA:17,1
DA:18,1
DA:20,1
DA:21,1
DA:23,1
DA:24,1
DA:25,1
DA:26,1
DA:27,1
DA:28,1
DA:29,1
DA:30,1
DA:31,1
DA:32,1
DA:33,1
DA:34,1
DA:36,1
DA:37,1
DA:38,1
DA:39,1
DA:40,1
DA:41,1
DA:42,1
DA:43,1
DA:44,1
DA:45,1
DA:46,1
DA:47,1
DA:48,1
DA:50,1
DA:52,1
DA:53,1
DA:54,1
DA:55,1
DA:56,1
DA:57,1
DA:58,1
DA:59,1
DA:62,1
DA:63,1
DA:64,1
DA:65,0
DA:66,1
DA:67,1
DA:68,1
DA:69,1
DA:70,1
DA:71,1
DA:72,1
DA:73,1
DA:74,1
DA:75,1
DA:76,1
DA:77,1
DA:79,1
DA:80,1
DA:81,1
DA:82,1
DA:83,1
DA:84,1
DA:85,1
DA:86,1
DA:87,1
DA:90,1
DA:91,1
DA:92,1
DA:93,1
DA:94,0
DA:95,1
DA:96,1
DA:97,1
DA:98,1
DA:99,1
DA:100,1
DA:101,1
DA:102,1
DA:103,1
DA:104,1
DA:105,1
DA:106,1
DA:108,1
DA:109,1
DA:110,1
DA:111,1
DA:112,1
DA:113,1
DA:114,1
DA:115,1
DA:116,1
DA:117,1
DA:118,1
DA:120,1
DA:121,1
LF:103
LH:101
BRDA:5,0,0,9
BRDA:9,1,0,2
BRDA:10,2,0,0
BRDA:13,3,0,1
BRDA:21,4,0,2
BRDA:24,5,0,0
BRDA:25,6,0,2
BRDA:28,7,0,0
BRDA:29,8,0,3
BRDA:62,9,0,0
BRDA:64,10,0,0
BRDA:69,11,0,2
BRDA:75,12,0,0
BRDA:77,13,0,0
BRDA:77,14,0,0
BRDA:77,15,0,0
BRDA:90,16,0,0
BRDA:93,17,0,0
BRDA:98,18,0,3
BRDA:106,19,0,0
BRDA:106,20,0,0
BRDA:106,21,0,0
BRDA:36,22,0,1
BRDA:43,23,0,0
BRDA:45,24,0,0
BRDA:45,25,0,0
BRDA:45,26,0,0
BRDA:42,27,0,1
BRDA:44,28,0,1
BRDA:52,29,0,2
BRDA:74,30,0,1
BRDA:76,31,0,1
BRDA:79,32,0,2
BRDA:103,33,0,1
BRDA:104,34,0,1
BRDA:105,35,0,1
BRDA:108,36,0,3
BRF:37
BRH:19
end_of_record
TN:
SF:src\seed_catalog.ts
FN:109,buildSeedSamples
FNF:1
FNH:1
FNDA:1,buildSeedSamples
DA:3,1
DA:4,1
DA:5,1
DA:6,1
DA:7,1
DA:8,1
DA:9,1
DA:10,1
DA:11,1
DA:12,1
DA:13,1
DA:15,1
DA:16,1
DA:17,1
DA:18,1
DA:19,1
DA:20,1
DA:21,1
DA:22,1
DA:23,1
DA:24,1
DA:25,1
DA:26,1
DA:27,1
DA:28,1
DA:29,1
DA:30,1
DA:31,1
DA:32,1
DA:33,1
DA:34,1
DA:35,1
DA:36,1
DA:37,1
DA:38,1
DA:39,1
DA:40,1
DA:41,1
DA:42,1
DA:43,1
DA:44,1
DA:45,1
DA:46,1
DA:47,1
DA:48,1
DA:49,1
DA:50,1
DA:51,1
DA:52,1
DA:53,1
DA:54,1
DA:55,1
DA:56,1
DA:57,1
DA:58,1
DA:59,1
DA:60,1
DA:61,1
DA:62,1
DA:63,1
DA:64,1
DA:65,1
DA:66,1
DA:67,1
DA:68,1
DA:69,1
DA:70,1
DA:72,1
DA:73,1
DA:74,1
DA:75,1
DA:76,1
DA:77,1
DA:78,1
DA:79,1
DA:80,1
DA:81,1
DA:82,1
DA:83,1
DA:84,1
DA:85,1
DA:86,1
DA:87,1
DA:88,1
DA:89,1
DA:90,1
DA:91,1
DA:92,1
DA:93,1
DA:94,1
DA:95,1
DA:96,1
DA:97,1
DA:98,1
DA:99,1
DA:100,1
DA:101,1
DA:102,1
DA:103,1
DA:104,1
DA:105,1
DA:106,1
DA:107,1
DA:109,1
DA:110,1
DA:111,1
DA:112,3
DA:113,3
DA:114,3
DA:115,3
DA:116,3
DA:117,3
DA:118,3
DA:119,3
DA:120,3
DA:121,3
DA:122,3
DA:123,3
DA:124,3
DA:125,3
DA:126,3
DA:127,3
DA:128,3
DA:129,3
DA:130,3
DA:131,3
DA:132,1
DA:133,1
LF:128
LH:128
BRDA:109,0,0,1
BRDA:111,1,0,3
BRDA:113,2,0,1
BRDA:114,3,0,0
BRDA:115,4,0,1
BRDA:116,5,0,0
BRDA:117,6,0,0
BRDA:118,7,0,0
BRDA:119,8,0,0
BRDA:120,9,0,0
BRDA:121,10,0,0
BRDA:122,11,0,0
BRDA:123,12,0,0
BRDA:124,13,0,0
BRDA:125,14,0,0
BRDA:126,15,0,0
BRDA:127,16,0,0
BRDA:128,17,0,0
BRDA:129,18,0,1
BRF:19
BRH:5
end_of_record
TN:
SF:src\text_utils.ts
FN:4,toValidUnicode
FN:27,splitForTelegram
FNF:2
FNH:2
FNDA:9,toValidUnicode
FNDA:6,splitForTelegram
DA:1,1
DA:4,1
DA:5,9
DA:6,9
DA:7,9
DA:8,12348
DA:9,12348
DA:10,2
DA:11,2
DA:12,1
DA:13,1
DA:14,1
DA:15,1
DA:16,1
DA:17,12348
DA:18,1
DA:19,12346
DA:20,12345
DA:21,12345
DA:22,12348
DA:23,9
DA:24,9
DA:27,1
DA:28,6
DA:29,6
DA:30,6
DA:31,3
DA:32,6
DA:33,7
DA:34,7
DA:35,3
DA:36,3
LF:32
LH:32
BRDA:4,0,0,9
BRDA:5,1,0,0
BRDA:7,2,0,12348
BRDA:9,3,0,3
BRDA:9,4,0,2
BRDA:11,5,0,1
BRDA:11,6,0,1
BRDA:17,7,0,12346
BRDA:17,8,0,1
BRDA:17,9,0,1
BRDA:19,10,0,12345
BRDA:27,11,0,6
BRDA:28,12,0,0
BRDA:30,13,0,3
BRDA:30,14,0,0
BRDA:32,15,0,7
BRDA:34,16,0,3
BRF:17
BRH:14
end_of_record
TN:
SF:src\unhandled_logger.ts
FN:11,envInt
FN:53,ensureDir
FN:60,safeLabel
FN:62,redactString
FN:70,sanitizeValue
FN:115,rememberSignature
FN:124,hasSignature
FN:129,collectShapePaths
FN:163,buildSignatureData
FN:170,pruneHandledSnapshots
FN:190,storeSnapshot
FN:249,storeUnhandledSample
FN:259,storeApiSample
FN:284,buildErrorSignature
FN:288,storeApiError
FNF:15
FNH:15
FNDA:35,envInt
FNDA:6,ensureDir
FNDA:7,safeLabel
FNDA:6,redactString
FNDA:15,sanitizeValue
FNDA:5,rememberSignature
FNDA:9,hasSignature
FNDA:21,collectShapePaths
FNDA:9,buildSignatureData
FNDA:1,pruneHandledSnapshots
FNDA:9,storeSnapshot
FNDA:8,storeUnhandledSample
FNDA:1,storeApiSample
FNDA:2,buildErrorSignature
FNDA:2,storeApiError
DA:1,1
DA:6,1
DA:7,1
DA:8,1
DA:9,1
DA:11,1
DA:12,35
DA:13,35
DA:14,0
DA:15,35
DA:16,35
DA:19,1
DA:20,1
DA:21,1
DA:24,1
DA:25,1
DA:26,1
DA:27,1
DA:53,1
DA:54,6
DA:55,6
DA:56,6
DA:57,6
DA:58,6
DA:60,1
DA:62,1
DA:63,6
DA:64,6
DA:65,6
DA:66,6
DA:67,6
DA:68,6
DA:70,1
DA:71,15
DA:72,15
DA:74,15
DA:75,6
DA:76,6
DA:77,0
DA:78,0
DA:80,15
DA:81,1
DA:82,1
DA:84,15
DA:85,0
DA:86,0
DA:87,0
DA:88,0
DA:89,0
DA:90,0
DA:92,15
DA:93,0
DA:94,0
DA:96,7
DA:97,7
DA:98,7
DA:99,7
DA:100,9
DA:101,0
DA:102,0
DA:103,0
DA:104,9
DA:105,9
DA:106,9
DA:107,7
DA:108,7
DA:110,0
DA:111,0
DA:113,1
DA:115,1
DA:116,5
DA:117,5
DA:118,4
DA:119,4
DA:120,4
DA:121,5
DA:122,5
DA:124,1
DA:125,9
DA:126,9
DA:127,9
DA:129,1
DA:130,21
DA:131,21
DA:133,21
DA:134,0
DA:135,0
DA:136,0
DA:137,0
DA:138,0
DA:139,0
DA:140,0
DA:141,0
DA:143,21
DA:144,10
DA:145,10
DA:146,10
DA:147,10
DA:148,12
DA:149,0
DA:150,0
DA:151,0
DA:152,12
DA:153,12
DA:154,12
DA:155,12
DA:156,12
DA:157,10
DA:158,10
DA:160,11
DA:161,11
DA:163,1
DA:164,9
DA:165,9
DA:166,9
DA:167,9
DA:168,9
DA:170,1
DA:171,1
DA:172,1
DA:173,1
DA:174,1
DA:175,1
DA:176,1
DA:177,1
DA:178,1
DA:179,1
DA:180,1
DA:181,1
DA:182,0
DA:183,0
DA:184,0
DA:185,0
DA:187,0
DA:188,1
DA:190,1
DA:191,9
DA:192,9
DA:193,9
DA:194,9
DA:195,9
DA:196,0
DA:197,0
DA:199,9
DA:200,9
DA:201,4
DA:202,4
DA:204,9
DA:205,9
DA:206,9
DA:207,1
DA:208,1
DA:209,1
DA:210,9
DA:211,9
DA:212,9
DA:214,9
DA:215,0
DA:216,0
DA:217,0
DA:219,9
DA:220,9
DA:222,9
DA:223,9
DA:224,9
DA:225,9
DA:226,9
DA:227,9
DA:228,9
DA:229,9
DA:230,9
DA:232,9
DA:233,9
DA:234,9
DA:235,1
DA:236,1
DA:237,4
DA:238,4
DA:240,4
DA:241,4
DA:242,4
DA:243,4
DA:244,4
DA:245,4
DA:246,4
DA:247,4
DA:249,1
DA:250,8
DA:251,8
DA:252,8
DA:253,8
DA:254,8
DA:255,8
DA:256,8
DA:257,8
DA:259,1
DA:260,1
DA:261,1
DA:262,1
DA:263,1
DA:264,1
DA:265,1
DA:266,1
DA:267,1
DA:268,1
DA:284,1
DA:285,2
DA:286,2
DA:288,1
DA:289,2
DA:291,2
DA:292,2
DA:294,2
DA:295,2
DA:296,1
DA:297,1
DA:298,1
DA:299,1
DA:300,1
DA:301,1
DA:302,1
DA:304,2
DA:305,2
DA:306,2
DA:307,2
DA:308,0
DA:309,0
DA:310,0
DA:311,2
DA:312,2
DA:313,2
DA:314,0
DA:315,2
DA:316,2
DA:317,0
DA:318,2
DA:319,2
DA:321,2
DA:322,2
DA:323,2
DA:324,2
DA:325,2
DA:326,2
DA:327,2
DA:328,2
DA:330,2
DA:331,2
DA:332,2
DA:333,2
DA:335,2
DA:336,2
DA:338,2
DA:339,2
DA:340,2
DA:341,2
DA:343,2
DA:344,2
DA:345,2
DA:346,2
LF:259
LH:217
BRDA:11,0,0,35
BRDA:13,1,0,0
BRDA:15,2,0,0
BRDA:53,3,0,6
BRDA:60,4,0,7
BRDA:62,5,0,6
BRDA:70,6,0,15
BRDA:71,7,0,0
BRDA:72,8,0,1
BRDA:72,9,0,14
BRDA:74,10,0,6
BRDA:76,11,0,0
BRDA:78,12,0,8
BRDA:80,13,0,1
BRDA:82,14,0,7
BRDA:84,15,0,0
BRDA:90,16,0,7
BRDA:92,17,0,0
BRDA:94,18,0,7
BRDA:99,19,0,9
BRDA:100,20,0,0
BRDA:108,21,0,0
BRDA:115,22,0,5
BRDA:117,23,0,4
BRDA:124,24,0,9
BRDA:126,25,0,5
BRDA:126,26,0,4
BRDA:129,27,0,21
BRDA:130,28,0,0
BRDA:131,29,0,0
BRDA:133,30,0,0
BRDA:143,31,0,10
BRDA:147,32,0,12
BRDA:148,33,0,0
BRDA:152,34,0,1
BRDA:152,35,0,11
BRDA:158,36,0,11
BRDA:163,37,0,9
BRDA:165,38,0,0
BRDA:170,39,0,1
BRDA:181,40,0,0
BRDA:174,41,0,1
BRDA:175,42,0,1
BRDA:190,43,0,9
BRDA:195,44,0,0
BRDA:200,45,0,4
BRDA:202,46,0,5
BRDA:204,47,0,4
BRDA:206,48,0,3
BRDA:206,49,0,1
BRDA:209,50,0,4
BRDA:210,51,0,2
BRDA:210,52,0,2
BRDA:214,53,0,0
BRDA:217,54,0,4
BRDA:219,55,0,4
BRDA:219,56,0,0
BRDA:220,57,0,4
BRDA:220,58,0,0
BRDA:234,59,0,2
BRDA:234,60,0,1
BRDA:236,61,0,4
BRDA:249,62,0,8
BRDA:255,63,0,0
BRDA:259,64,0,1
BRDA:265,65,0,0
BRDA:284,66,0,2
BRDA:288,67,0,2
BRDA:289,68,0,0
BRDA:295,69,0,1
BRDA:307,70,0,0
BRDA:313,71,0,0
BRDA:316,72,0,0
BRDA:319,73,0,0
BRDA:330,74,0,0
BRDA:333,75,0,0
BRF:76
BRH:49
end_of_record
TN:
SF:src\presenter\present_keyboard.ts
FN:33,buildPresentButtonDefinitions
FN:35,add
FN:81,collectPresentPayloads
FN:84,buildPresentKeyboardForMessage
FN:103,createPresentKeyboardBuilder
FN:108,presentButtonLabelForKind
FNF:6
FNH:6
FNDA:4,buildPresentButtonDefinitions
FNDA:11,add
FNDA:1,collectPresentPayloads
FNDA:3,buildPresentKeyboardForMessage
FNDA:2,createPresentKeyboardBuilder
FNDA:9,presentButtonLabelForKind
DA:1,1
DA:22,1
DA:23,1
DA:24,1
DA:25,1
DA:26,1
DA:27,1
DA:28,1
DA:29,1
DA:30,1
DA:31,1
DA:33,1
DA:34,4
DA:35,4
DA:36,11
DA:37,11
DA:39,4
DA:40,2
DA:41,2
DA:42,2
DA:43,2
DA:44,2
DA:46,4
DA:47,1
DA:48,1
DA:50,4
DA:51,2
DA:52,2
DA:53,2
DA:54,2
DA:55,2
DA:56,2
DA:58,4
DA:59,1
DA:60,1
DA:62,4
DA:63,1
DA:64,1
DA:66,4
DA:67,2
DA:68,2
DA:70,4
DA:71,1
DA:72,1
DA:74,4
DA:75,1
DA:76,1
DA:78,4
DA:79,4
DA:81,1
DA:82,1
DA:84,1
DA:85,3
DA:86,3
DA:87,3
DA:88,3
DA:89,3
DA:91,2
DA:92,2
DA:93,9
DA:94,9
DA:95,9
DA:96,7
DA:97,7
DA:98,2
DA:100,2
DA:101,2
DA:103,1
DA:104,2
DA:108,1
LF:70
LH:70
BRDA:33,0,0,4
BRDA:39,1,0,2
BRDA:39,2,0,2
BRDA:46,3,0,1
BRDA:46,4,0,1
BRDA:50,5,0,2
BRDA:50,6,0,2
BRDA:51,7,0,1
BRDA:51,8,0,1
BRDA:58,9,0,1
BRDA:58,10,0,1
BRDA:62,11,0,1
BRDA:62,12,0,1
BRDA:66,13,0,2
BRDA:66,14,0,2
BRDA:70,15,0,1
BRDA:70,16,0,1
BRDA:74,17,0,1
BRDA:74,18,0,1
BRDA:35,19,0,11
BRDA:81,20,0,1
BRDA:82,21,0,2
BRDA:84,22,0,3
BRDA:89,23,0,1
BRDA:89,24,0,2
BRDA:92,25,0,9
BRDA:95,26,0,7
BRDA:103,27,0,2
BRDA:104,28,0,2
BRDA:108,29,0,9
BRF:30
BRH:30
end_of_record
TN:
SF:src\utils\safe_messaging.ts
FN:14,buildLinkPreviewOptions
FN:21,replySafe
FN:47,sendSafeMessage
FNF:3
FNH:3
FNDA:5,buildLinkPreviewOptions
FNDA:4,replySafe
FNDA:2,sendSafeMessage
DA:1,1
DA:14,1
DA:15,5
DA:16,5
DA:17,5
DA:18,5
DA:19,5
DA:21,1
DA:22,4
DA:23,4
DA:24,4
DA:25,4
DA:26,4
DA:27,4
DA:28,3
DA:29,3
DA:30,4
DA:31,5
DA:32,5
DA:33,5
DA:34,5
DA:35,5
DA:36,5
DA:37,1
DA:38,1
DA:39,1
DA:40,0
DA:41,0
DA:42,1
DA:43,5
DA:44,5
DA:45,3
DA:47,1
DA:48,2
DA:49,2
DA:50,2
DA:51,2
DA:52,2
DA:53,2
DA:54,2
DA:55,1
DA:56,1
DA:57,2
DA:58,2
DA:59,2
DA:60,2
DA:61,1
DA:62,1
DA:63,2
DA:64,2
DA:65,2
DA:66,1
LF:52
LH:50
BRDA:14,0,0,5
BRDA:15,1,0,3
BRDA:21,2,0,4
BRDA:27,3,0,1
BRDA:27,4,0,3
BRDA:30,5,0,5
BRDA:31,6,0,0
BRDA:33,7,0,3
BRDA:33,8,0,2
BRDA:35,9,0,4
BRDA:36,10,0,1
BRDA:39,11,0,0
BRDA:44,12,0,3
BRDA:47,13,0,2
BRDA:54,14,0,1
BRDA:58,15,0,0
BRDA:59,16,0,0
BRDA:60,17,0,1
BRDA:60,18,0,1
BRDA:65,19,0,1
BRF:20
BRH:16
end_of_record
