{"D:\\Code\\Dorothy\\dorothy-tg-bot\\scripts\\open-coverage.mjs": {"path":"D:\\Code\\Dorothy\\dorothy-tg-bot\\scripts\\open-coverage.mjs","all":true,"statementMap":{"0":{"start":{"line":1,"column":0},"end":{"line":1,"column":19}},"1":{"start":{"line":2,"column":0},"end":{"line":2,"column":37}},"2":{"start":{"line":3,"column":0},"end":{"line":3,"column":36}},"3":{"start":{"line":4,"column":0},"end":{"line":4,"column":43}},"4":{"start":{"line":5,"column":0},"end":{"line":5,"column":0}},"5":{"start":{"line":6,"column":0},"end":{"line":6,"column":25}},"6":{"start":{"line":7,"column":0},"end":{"line":7,"column":7}},"7":{"start":{"line":8,"column":0},"end":{"line":8,"column":39}},"8":{"start":{"line":9,"column":0},"end":{"line":9,"column":50}},"9":{"start":{"line":10,"column":0},"end":{"line":10,"column":93}},"10":{"start":{"line":11,"column":0},"end":{"line":11,"column":24}},"11":{"start":{"line":12,"column":0},"end":{"line":12,"column":21}},"12":{"start":{"line":13,"column":0},"end":{"line":13,"column":23}},"13":{"start":{"line":14,"column":0},"end":{"line":14,"column":9}},"14":{"start":{"line":15,"column":0},"end":{"line":15,"column":17}},"15":{"start":{"line":16,"column":0},"end":{"line":16,"column":18}},"16":{"start":{"line":17,"column":0},"end":{"line":17,"column":5}},"17":{"start":{"line":18,"column":0},"end":{"line":18,"column":12}},"18":{"start":{"line":19,"column":0},"end":{"line":19,"column":40}},"19":{"start":{"line":20,"column":0},"end":{"line":20,"column":75}},"20":{"start":{"line":21,"column":0},"end":{"line":21,"column":16}},"21":{"start":{"line":22,"column":0},"end":{"line":22,"column":18}},"22":{"start":{"line":23,"column":0},"end":{"line":23,"column":5}},"23":{"start":{"line":24,"column":0},"end":{"line":24,"column":23}},"24":{"start":{"line":25,"column":0},"end":{"line":25,"column":77}},"25":{"start":{"line":26,"column":0},"end":{"line":26,"column":14}},"26":{"start":{"line":27,"column":0},"end":{"line":27,"column":16}},"27":{"start":{"line":28,"column":0},"end":{"line":28,"column":11}},"28":{"start":{"line":29,"column":0},"end":{"line":29,"column":17}},"29":{"start":{"line":30,"column":0},"end":{"line":30,"column":3}},"30":{"start":{"line":31,"column":0},"end":{"line":31,"column":1}},"31":{"start":{"line":32,"column":0},"end":{"line":32,"column":0}},"32":{"start":{"line":33,"column":0},"end":{"line":33,"column":20}},"33":{"start":{"line":34,"column":0},"end":{"line":34,"column":60}},"34":{"start":{"line":35,"column":0},"end":{"line":35,"column":75}},"35":{"start":{"line":36,"column":0},"end":{"line":36,"column":2}},"36":{"start":{"line":37,"column":0},"end":{"line":37,"column":0}},"37":{"start":{"line":38,"column":0},"end":{"line":38,"column":29}},"38":{"start":{"line":39,"column":0},"end":{"line":39,"column":22}},"39":{"start":{"line":40,"column":0},"end":{"line":40,"column":27}},"40":{"start":{"line":41,"column":0},"end":{"line":41,"column":14}},"41":{"start":{"line":42,"column":0},"end":{"line":42,"column":18}},"42":{"start":{"line":43,"column":0},"end":{"line":43,"column":22}},"43":{"start":{"line":44,"column":0},"end":{"line":44,"column":5}},"44":{"start":{"line":45,"column":0},"end":{"line":45,"column":20}},"45":{"start":{"line":46,"column":0},"end":{"line":46,"column":3}},"46":{"start":{"line":47,"column":0},"end":{"line":47,"column":1}},"47":{"start":{"line":48,"column":0},"end":{"line":48,"column":34}},"48":{"start":{"line":49,"column":0},"end":{"line":49,"column":16}}},"s":{"0":0,"1":0,"2":0,"3":0,"4":0,"5":0,"6":0,"7":0,"8":0,"9":0,"10":0,"11":0,"12":0,"13":0,"14":0,"15":0,"16":0,"17":0,"18":0,"19":0,"20":0,"21":0,"22":0,"23":0,"24":0,"25":0,"26":0,"27":0,"28":0,"29":0,"30":0,"31":0,"32":0,"33":0,"34":0,"35":0,"36":0,"37":0,"38":0,"39":0,"40":0,"41":0,"42":0,"43":0,"44":0,"45":0,"46":0,"47":0,"48":0},"branchMap":{"0":{"type":"branch","line":1,"loc":{"start":{"line":1,"column":0},"end":{"line":49,"column":-283}},"locations":[{"start":{"line":1,"column":0},"end":{"line":49,"column":-283}}]}},"b":{"0":[0]},"fnMap":{"0":{"name":"(empty-report)","decl":{"start":{"line":1,"column":0},"end":{"line":49,"column":-283}},"loc":{"start":{"line":1,"column":0},"end":{"line":49,"column":-283}},"line":1}},"f":{"0":0}}
,"D:\\Code\\Dorothy\\dorothy-tg-bot\\src\\allowlist_gate.ts": {"path":"D:\\Code\\Dorothy\\dorothy-tg-bot\\src\\allowlist_gate.ts","all":false,"statementMap":{"0":{"start":{"line":1,"column":0},"end":{"line":1,"column":36}},"1":{"start":{"line":2,"column":0},"end":{"line":2,"column":25}},"2":{"start":{"line":3,"column":0},"end":{"line":3,"column":36}},"3":{"start":{"line":4,"column":0},"end":{"line":4,"column":21}},"4":{"start":{"line":5,"column":0},"end":{"line":5,"column":22}},"5":{"start":{"line":6,"column":0},"end":{"line":6,"column":21}},"6":{"start":{"line":7,"column":0},"end":{"line":7,"column":42}},"7":{"start":{"line":8,"column":0},"end":{"line":8,"column":33}},"8":{"start":{"line":9,"column":0},"end":{"line":9,"column":44}},"9":{"start":{"line":10,"column":0},"end":{"line":10,"column":47}},"10":{"start":{"line":11,"column":0},"end":{"line":11,"column":3}},"11":{"start":{"line":12,"column":0},"end":{"line":12,"column":21}},"12":{"start":{"line":13,"column":0},"end":{"line":13,"column":2}},"14":{"start":{"line":15,"column":0},"end":{"line":15,"column":106}},"15":{"start":{"line":16,"column":0},"end":{"line":16,"column":35}},"16":{"start":{"line":17,"column":0},"end":{"line":17,"column":33}},"17":{"start":{"line":18,"column":0},"end":{"line":18,"column":29}},"18":{"start":{"line":19,"column":0},"end":{"line":19,"column":32}},"19":{"start":{"line":20,"column":0},"end":{"line":20,"column":2}}},"s":{"0":1,"1":3,"2":3,"3":3,"4":3,"5":3,"6":3,"7":3,"8":3,"9":1,"10":1,"11":1,"12":1,"14":1,"15":3,"16":3,"17":3,"18":2,"19":2},"branchMap":{"0":{"type":"branch","line":1,"loc":{"start":{"line":1,"column":32},"end":{"line":13,"column":2}},"locations":[{"start":{"line":1,"column":32},"end":{"line":13,"column":2}}]},"1":{"type":"branch","line":7,"loc":{"start":{"line":7,"column":23},"end":{"line":7,"column":42}},"locations":[{"start":{"line":7,"column":23},"end":{"line":7,"column":42}}]},"2":{"type":"branch","line":7,"loc":{"start":{"line":7,"column":40},"end":{"line":8,"column":31}},"locations":[{"start":{"line":7,"column":40},"end":{"line":8,"column":31}}]},"3":{"type":"branch","line":9,"loc":{"start":{"line":9,"column":7},"end":{"line":9,"column":43}},"locations":[{"start":{"line":9,"column":7},"end":{"line":9,"column":43}}]},"4":{"type":"branch","line":9,"loc":{"start":{"line":9,"column":43},"end":{"line":13,"column":2}},"locations":[{"start":{"line":9,"column":43},"end":{"line":13,"column":2}}]},"5":{"type":"branch","line":10,"loc":{"start":{"line":10,"column":33},"end":{"line":10,"column":47}},"locations":[{"start":{"line":10,"column":33},"end":{"line":10,"column":47}}]},"6":{"type":"branch","line":15,"loc":{"start":{"line":15,"column":33},"end":{"line":20,"column":2}},"locations":[{"start":{"line":15,"column":33},"end":{"line":20,"column":2}}]},"7":{"type":"branch","line":16,"loc":{"start":{"line":16,"column":23},"end":{"line":16,"column":35}},"locations":[{"start":{"line":16,"column":23},"end":{"line":16,"column":35}}]},"8":{"type":"branch","line":17,"loc":{"start":{"line":17,"column":18},"end":{"line":17,"column":31}},"locations":[{"start":{"line":17,"column":18},"end":{"line":17,"column":31}}]},"9":{"type":"branch","line":18,"loc":{"start":{"line":18,"column":16},"end":{"line":18,"column":29}},"locations":[{"start":{"line":18,"column":16},"end":{"line":18,"column":29}}]},"10":{"type":"branch","line":18,"loc":{"start":{"line":18,"column":23},"end":{"line":20,"column":2}},"locations":[{"start":{"line":18,"column":23},"end":{"line":20,"column":2}}]}},"b":{"0":[3],"1":[1],"2":[2],"3":[2],"4":[1],"5":[0],"6":[3],"7":[0],"8":[2],"9":[1],"10":[2]},"fnMap":{"0":{"name":"runIfAllowlisted","decl":{"start":{"line":1,"column":32},"end":{"line":13,"column":2}},"loc":{"start":{"line":1,"column":32},"end":{"line":13,"column":2}},"line":1},"1":{"name":"isUserAllowlisted","decl":{"start":{"line":15,"column":33},"end":{"line":20,"column":2}},"loc":{"start":{"line":15,"column":33},"end":{"line":20,"column":2}},"line":15}},"f":{"0":3,"1":3}}
,"D:\\Code\\Dorothy\\dorothy-tg-bot\\src\\analyzer.ts": {"path":"D:\\Code\\Dorothy\\dorothy-tg-bot\\src\\analyzer.ts","all":false,"statementMap":{"0":{"start":{"line":1,"column":0},"end":{"line":1,"column":74}},"30":{"start":{"line":31,"column":0},"end":{"line":31,"column":95}},"32":{"start":{"line":33,"column":0},"end":{"line":33,"column":102}},"33":{"start":{"line":34,"column":0},"end":{"line":34,"column":74}},"34":{"start":{"line":35,"column":0},"end":{"line":35,"column":2}},"36":{"start":{"line":37,"column":0},"end":{"line":37,"column":49}},"37":{"start":{"line":38,"column":0},"end":{"line":38,"column":23}},"38":{"start":{"line":39,"column":0},"end":{"line":39,"column":63}},"39":{"start":{"line":40,"column":0},"end":{"line":40,"column":47}},"40":{"start":{"line":41,"column":0},"end":{"line":41,"column":40}},"41":{"start":{"line":42,"column":0},"end":{"line":42,"column":41}},"42":{"start":{"line":43,"column":0},"end":{"line":43,"column":29}},"43":{"start":{"line":44,"column":0},"end":{"line":44,"column":16}},"44":{"start":{"line":45,"column":0},"end":{"line":45,"column":55}},"45":{"start":{"line":46,"column":0},"end":{"line":46,"column":20}},"46":{"start":{"line":47,"column":0},"end":{"line":47,"column":15}},"47":{"start":{"line":48,"column":0},"end":{"line":48,"column":3}},"48":{"start":{"line":49,"column":0},"end":{"line":49,"column":49}},"49":{"start":{"line":50,"column":0},"end":{"line":50,"column":2}},"51":{"start":{"line":52,"column":0},"end":{"line":52,"column":80}},"52":{"start":{"line":53,"column":0},"end":{"line":53,"column":23}},"53":{"start":{"line":54,"column":0},"end":{"line":54,"column":31}},"55":{"start":{"line":56,"column":0},"end":{"line":56,"column":33}},"56":{"start":{"line":57,"column":0},"end":{"line":57,"column":34}},"57":{"start":{"line":58,"column":0},"end":{"line":58,"column":103}},"58":{"start":{"line":59,"column":0},"end":{"line":59,"column":22}},"59":{"start":{"line":60,"column":0},"end":{"line":60,"column":53}},"60":{"start":{"line":61,"column":0},"end":{"line":61,"column":68}},"61":{"start":{"line":62,"column":0},"end":{"line":62,"column":27}},"62":{"start":{"line":63,"column":0},"end":{"line":63,"column":76}},"63":{"start":{"line":64,"column":0},"end":{"line":64,"column":28}},"64":{"start":{"line":65,"column":0},"end":{"line":65,"column":87}},"65":{"start":{"line":66,"column":0},"end":{"line":66,"column":7}},"66":{"start":{"line":67,"column":0},"end":{"line":67,"column":5}},"67":{"start":{"line":68,"column":0},"end":{"line":68,"column":11}},"68":{"start":{"line":69,"column":0},"end":{"line":69,"column":3}},"69":{"start":{"line":70,"column":0},"end":{"line":70,"column":42}},"70":{"start":{"line":71,"column":0},"end":{"line":71,"column":35}},"71":{"start":{"line":72,"column":0},"end":{"line":72,"column":35}},"72":{"start":{"line":73,"column":0},"end":{"line":73,"column":49}},"73":{"start":{"line":74,"column":0},"end":{"line":74,"column":64}},"74":{"start":{"line":75,"column":0},"end":{"line":75,"column":23}},"75":{"start":{"line":76,"column":0},"end":{"line":76,"column":72}},"76":{"start":{"line":77,"column":0},"end":{"line":77,"column":24}},"77":{"start":{"line":78,"column":0},"end":{"line":78,"column":83}},"78":{"start":{"line":79,"column":0},"end":{"line":79,"column":3}},"79":{"start":{"line":80,"column":0},"end":{"line":80,"column":2}},"81":{"start":{"line":82,"column":0},"end":{"line":82,"column":68}},"82":{"start":{"line":83,"column":0},"end":{"line":83,"column":36}},"83":{"start":{"line":84,"column":0},"end":{"line":84,"column":51}},"84":{"start":{"line":85,"column":0},"end":{"line":85,"column":2}},"86":{"start":{"line":87,"column":0},"end":{"line":87,"column":25}},"87":{"start":{"line":88,"column":0},"end":{"line":88,"column":15}},"88":{"start":{"line":89,"column":0},"end":{"line":89,"column":40}},"89":{"start":{"line":90,"column":0},"end":{"line":90,"column":19}},"90":{"start":{"line":91,"column":0},"end":{"line":91,"column":21}},"91":{"start":{"line":92,"column":0},"end":{"line":92,"column":34}},"92":{"start":{"line":93,"column":0},"end":{"line":93,"column":17}},"93":{"start":{"line":94,"column":0},"end":{"line":94,"column":17}},"94":{"start":{"line":95,"column":0},"end":{"line":95,"column":17}},"95":{"start":{"line":96,"column":0},"end":{"line":96,"column":17}},"96":{"start":{"line":97,"column":0},"end":{"line":97,"column":13}},"97":{"start":{"line":98,"column":0},"end":{"line":98,"column":15}},"98":{"start":{"line":99,"column":0},"end":{"line":99,"column":15}},"99":{"start":{"line":100,"column":0},"end":{"line":100,"column":4}},"101":{"start":{"line":102,"column":0},"end":{"line":102,"column":41}},"103":{"start":{"line":104,"column":0},"end":{"line":104,"column":34}},"104":{"start":{"line":105,"column":0},"end":{"line":105,"column":48}},"105":{"start":{"line":106,"column":0},"end":{"line":106,"column":52}},"106":{"start":{"line":107,"column":0},"end":{"line":107,"column":75}},"107":{"start":{"line":108,"column":0},"end":{"line":108,"column":26}},"108":{"start":{"line":109,"column":0},"end":{"line":109,"column":25}},"109":{"start":{"line":110,"column":0},"end":{"line":110,"column":37}},"110":{"start":{"line":111,"column":0},"end":{"line":111,"column":14}},"111":{"start":{"line":112,"column":0},"end":{"line":112,"column":21}},"112":{"start":{"line":113,"column":0},"end":{"line":113,"column":37}},"113":{"start":{"line":114,"column":0},"end":{"line":114,"column":14}},"114":{"start":{"line":115,"column":0},"end":{"line":115,"column":21}},"115":{"start":{"line":116,"column":0},"end":{"line":116,"column":37}},"116":{"start":{"line":117,"column":0},"end":{"line":117,"column":14}},"117":{"start":{"line":118,"column":0},"end":{"line":118,"column":21}},"118":{"start":{"line":119,"column":0},"end":{"line":119,"column":37}},"119":{"start":{"line":120,"column":0},"end":{"line":120,"column":14}},"120":{"start":{"line":121,"column":0},"end":{"line":121,"column":17}},"121":{"start":{"line":122,"column":0},"end":{"line":122,"column":33}},"122":{"start":{"line":123,"column":0},"end":{"line":123,"column":14}},"123":{"start":{"line":124,"column":0},"end":{"line":124,"column":19}},"124":{"start":{"line":125,"column":0},"end":{"line":125,"column":35}},"125":{"start":{"line":126,"column":0},"end":{"line":126,"column":14}},"126":{"start":{"line":127,"column":0},"end":{"line":127,"column":26}},"127":{"start":{"line":128,"column":0},"end":{"line":128,"column":35}},"128":{"start":{"line":129,"column":0},"end":{"line":129,"column":14}},"129":{"start":{"line":130,"column":0},"end":{"line":130,"column":23}},"130":{"start":{"line":131,"column":0},"end":{"line":131,"column":73}},"131":{"start":{"line":132,"column":0},"end":{"line":132,"column":14}},"132":{"start":{"line":133,"column":0},"end":{"line":133,"column":14}},"133":{"start":{"line":134,"column":0},"end":{"line":134,"column":14}},"134":{"start":{"line":135,"column":0},"end":{"line":135,"column":5}},"135":{"start":{"line":136,"column":0},"end":{"line":136,"column":3}},"137":{"start":{"line":138,"column":0},"end":{"line":138,"column":17}},"138":{"start":{"line":139,"column":0},"end":{"line":139,"column":2}},"140":{"start":{"line":141,"column":0},"end":{"line":141,"column":78}},"141":{"start":{"line":142,"column":0},"end":{"line":142,"column":24}},"142":{"start":{"line":143,"column":0},"end":{"line":143,"column":16}},"143":{"start":{"line":144,"column":0},"end":{"line":144,"column":97}},"144":{"start":{"line":145,"column":0},"end":{"line":145,"column":18}},"145":{"start":{"line":146,"column":0},"end":{"line":146,"column":83}},"146":{"start":{"line":147,"column":0},"end":{"line":147,"column":80}},"147":{"start":{"line":148,"column":0},"end":{"line":148,"column":89}},"148":{"start":{"line":149,"column":0},"end":{"line":149,"column":67}},"149":{"start":{"line":150,"column":0},"end":{"line":150,"column":5}},"150":{"start":{"line":151,"column":0},"end":{"line":151,"column":21}},"151":{"start":{"line":152,"column":0},"end":{"line":152,"column":69}},"152":{"start":{"line":153,"column":0},"end":{"line":153,"column":80}},"153":{"start":{"line":154,"column":0},"end":{"line":154,"column":89}},"154":{"start":{"line":155,"column":0},"end":{"line":155,"column":69}},"155":{"start":{"line":156,"column":0},"end":{"line":156,"column":5}},"156":{"start":{"line":157,"column":0},"end":{"line":157,"column":23}},"157":{"start":{"line":158,"column":0},"end":{"line":158,"column":53}},"158":{"start":{"line":159,"column":0},"end":{"line":159,"column":12}},"159":{"start":{"line":160,"column":0},"end":{"line":160,"column":23}},"160":{"start":{"line":161,"column":0},"end":{"line":161,"column":3}},"161":{"start":{"line":162,"column":0},"end":{"line":162,"column":2}},"163":{"start":{"line":164,"column":0},"end":{"line":164,"column":65}},"164":{"start":{"line":165,"column":0},"end":{"line":165,"column":50}},"165":{"start":{"line":166,"column":0},"end":{"line":166,"column":43}},"166":{"start":{"line":167,"column":0},"end":{"line":167,"column":73}},"167":{"start":{"line":168,"column":0},"end":{"line":168,"column":58}},"168":{"start":{"line":169,"column":0},"end":{"line":169,"column":101}},"169":{"start":{"line":170,"column":0},"end":{"line":170,"column":38}},"170":{"start":{"line":171,"column":0},"end":{"line":171,"column":2}},"172":{"start":{"line":173,"column":0},"end":{"line":173,"column":66}},"173":{"start":{"line":174,"column":0},"end":{"line":174,"column":51}},"174":{"start":{"line":175,"column":0},"end":{"line":175,"column":51}},"175":{"start":{"line":176,"column":0},"end":{"line":176,"column":2}},"177":{"start":{"line":178,"column":0},"end":{"line":178,"column":61}},"178":{"start":{"line":179,"column":0},"end":{"line":179,"column":51}},"179":{"start":{"line":180,"column":0},"end":{"line":180,"column":33}},"180":{"start":{"line":181,"column":0},"end":{"line":181,"column":70}},"181":{"start":{"line":182,"column":0},"end":{"line":182,"column":67}},"182":{"start":{"line":183,"column":0},"end":{"line":183,"column":90}},"183":{"start":{"line":184,"column":0},"end":{"line":184,"column":50}},"184":{"start":{"line":185,"column":0},"end":{"line":185,"column":117}},"185":{"start":{"line":186,"column":0},"end":{"line":186,"column":2}},"187":{"start":{"line":188,"column":0},"end":{"line":188,"column":62}},"188":{"start":{"line":189,"column":0},"end":{"line":189,"column":63}},"189":{"start":{"line":190,"column":0},"end":{"line":190,"column":44}},"190":{"start":{"line":191,"column":0},"end":{"line":191,"column":16}},"191":{"start":{"line":192,"column":0},"end":{"line":192,"column":19}},"192":{"start":{"line":193,"column":0},"end":{"line":193,"column":31}},"193":{"start":{"line":194,"column":0},"end":{"line":194,"column":42}},"194":{"start":{"line":195,"column":0},"end":{"line":195,"column":58}},"195":{"start":{"line":196,"column":0},"end":{"line":196,"column":3}},"196":{"start":{"line":197,"column":0},"end":{"line":197,"column":54}},"197":{"start":{"line":198,"column":0},"end":{"line":198,"column":85}},"198":{"start":{"line":199,"column":0},"end":{"line":199,"column":69}},"199":{"start":{"line":200,"column":0},"end":{"line":200,"column":33}},"200":{"start":{"line":201,"column":0},"end":{"line":201,"column":2}},"202":{"start":{"line":203,"column":0},"end":{"line":203,"column":57}},"203":{"start":{"line":204,"column":0},"end":{"line":204,"column":32}},"204":{"start":{"line":205,"column":0},"end":{"line":205,"column":27}},"205":{"start":{"line":206,"column":0},"end":{"line":206,"column":24}},"206":{"start":{"line":207,"column":0},"end":{"line":207,"column":77}},"207":{"start":{"line":208,"column":0},"end":{"line":208,"column":9}},"208":{"start":{"line":209,"column":0},"end":{"line":209,"column":37}},"209":{"start":{"line":210,"column":0},"end":{"line":210,"column":32}},"210":{"start":{"line":211,"column":0},"end":{"line":211,"column":80}},"211":{"start":{"line":212,"column":0},"end":{"line":212,"column":46}},"212":{"start":{"line":213,"column":0},"end":{"line":213,"column":26}},"213":{"start":{"line":214,"column":0},"end":{"line":214,"column":13}},"214":{"start":{"line":215,"column":0},"end":{"line":215,"column":37}},"215":{"start":{"line":216,"column":0},"end":{"line":216,"column":5}},"216":{"start":{"line":217,"column":0},"end":{"line":217,"column":3}},"217":{"start":{"line":218,"column":0},"end":{"line":218,"column":18}},"218":{"start":{"line":219,"column":0},"end":{"line":219,"column":2}},"220":{"start":{"line":221,"column":0},"end":{"line":221,"column":93}},"221":{"start":{"line":222,"column":0},"end":{"line":222,"column":46}},"223":{"start":{"line":224,"column":0},"end":{"line":224,"column":30}},"224":{"start":{"line":225,"column":0},"end":{"line":225,"column":60}},"225":{"start":{"line":226,"column":0},"end":{"line":226,"column":39}},"226":{"start":{"line":227,"column":0},"end":{"line":227,"column":16}},"227":{"start":{"line":228,"column":0},"end":{"line":228,"column":48}},"228":{"start":{"line":229,"column":0},"end":{"line":229,"column":87}},"229":{"start":{"line":230,"column":0},"end":{"line":230,"column":84}},"230":{"start":{"line":231,"column":0},"end":{"line":231,"column":5}},"231":{"start":{"line":232,"column":0},"end":{"line":232,"column":3}},"233":{"start":{"line":234,"column":0},"end":{"line":234,"column":25}},"234":{"start":{"line":235,"column":0},"end":{"line":235,"column":66}},"235":{"start":{"line":236,"column":0},"end":{"line":236,"column":33}},"236":{"start":{"line":237,"column":0},"end":{"line":237,"column":45}},"237":{"start":{"line":238,"column":0},"end":{"line":238,"column":44}},"238":{"start":{"line":239,"column":0},"end":{"line":239,"column":59}},"239":{"start":{"line":240,"column":0},"end":{"line":240,"column":84}},"240":{"start":{"line":241,"column":0},"end":{"line":241,"column":3}},"242":{"start":{"line":243,"column":0},"end":{"line":243,"column":22}},"243":{"start":{"line":244,"column":0},"end":{"line":244,"column":60}},"244":{"start":{"line":245,"column":0},"end":{"line":245,"column":32}},"245":{"start":{"line":246,"column":0},"end":{"line":246,"column":46}},"246":{"start":{"line":247,"column":0},"end":{"line":247,"column":85}},"247":{"start":{"line":248,"column":0},"end":{"line":248,"column":83}},"248":{"start":{"line":249,"column":0},"end":{"line":249,"column":3}},"250":{"start":{"line":251,"column":0},"end":{"line":251,"column":26}},"251":{"start":{"line":252,"column":0},"end":{"line":252,"column":68}},"252":{"start":{"line":253,"column":0},"end":{"line":253,"column":35}},"253":{"start":{"line":254,"column":0},"end":{"line":254,"column":45}},"254":{"start":{"line":255,"column":0},"end":{"line":255,"column":81}},"255":{"start":{"line":256,"column":0},"end":{"line":256,"column":81}},"256":{"start":{"line":257,"column":0},"end":{"line":257,"column":3}},"258":{"start":{"line":259,"column":0},"end":{"line":259,"column":22}},"259":{"start":{"line":260,"column":0},"end":{"line":260,"column":60}},"260":{"start":{"line":261,"column":0},"end":{"line":261,"column":32}},"261":{"start":{"line":262,"column":0},"end":{"line":262,"column":46}},"262":{"start":{"line":263,"column":0},"end":{"line":263,"column":69}},"263":{"start":{"line":264,"column":0},"end":{"line":264,"column":108}},"264":{"start":{"line":265,"column":0},"end":{"line":265,"column":3}},"266":{"start":{"line":267,"column":0},"end":{"line":267,"column":22}},"267":{"start":{"line":268,"column":0},"end":{"line":268,"column":60}},"268":{"start":{"line":269,"column":0},"end":{"line":269,"column":32}},"269":{"start":{"line":270,"column":0},"end":{"line":270,"column":46}},"270":{"start":{"line":271,"column":0},"end":{"line":271,"column":91}},"271":{"start":{"line":272,"column":0},"end":{"line":272,"column":3}},"273":{"start":{"line":274,"column":0},"end":{"line":274,"column":27}},"274":{"start":{"line":275,"column":0},"end":{"line":275,"column":70}},"275":{"start":{"line":276,"column":0},"end":{"line":276,"column":49}},"276":{"start":{"line":277,"column":0},"end":{"line":277,"column":3}},"278":{"start":{"line":279,"column":0},"end":{"line":279,"column":24}},"279":{"start":{"line":280,"column":0},"end":{"line":280,"column":64}},"280":{"start":{"line":281,"column":0},"end":{"line":281,"column":36}},"281":{"start":{"line":282,"column":0},"end":{"line":282,"column":59}},"282":{"start":{"line":283,"column":0},"end":{"line":283,"column":50}},"283":{"start":{"line":284,"column":0},"end":{"line":284,"column":3}},"285":{"start":{"line":286,"column":0},"end":{"line":286,"column":24}},"286":{"start":{"line":287,"column":0},"end":{"line":287,"column":64}},"287":{"start":{"line":288,"column":0},"end":{"line":288,"column":36}},"288":{"start":{"line":289,"column":0},"end":{"line":289,"column":94}},"289":{"start":{"line":290,"column":0},"end":{"line":290,"column":52}},"290":{"start":{"line":291,"column":0},"end":{"line":291,"column":3}},"292":{"start":{"line":293,"column":0},"end":{"line":293,"column":25}},"293":{"start":{"line":294,"column":0},"end":{"line":294,"column":66}},"294":{"start":{"line":295,"column":0},"end":{"line":295,"column":53}},"295":{"start":{"line":296,"column":0},"end":{"line":296,"column":92}},"296":{"start":{"line":297,"column":0},"end":{"line":297,"column":3}},"298":{"start":{"line":299,"column":0},"end":{"line":299,"column":22}},"299":{"start":{"line":300,"column":0},"end":{"line":300,"column":60}},"300":{"start":{"line":301,"column":0},"end":{"line":301,"column":32}},"301":{"start":{"line":302,"column":0},"end":{"line":302,"column":76}},"302":{"start":{"line":303,"column":0},"end":{"line":303,"column":3}},"304":{"start":{"line":305,"column":0},"end":{"line":305,"column":21}},"305":{"start":{"line":306,"column":0},"end":{"line":306,"column":58}},"306":{"start":{"line":307,"column":0},"end":{"line":307,"column":72}},"307":{"start":{"line":308,"column":0},"end":{"line":308,"column":3}},"309":{"start":{"line":310,"column":0},"end":{"line":310,"column":22}},"310":{"start":{"line":311,"column":0},"end":{"line":311,"column":60}},"311":{"start":{"line":312,"column":0},"end":{"line":312,"column":41}},"312":{"start":{"line":313,"column":0},"end":{"line":313,"column":3}},"314":{"start":{"line":315,"column":0},"end":{"line":315,"column":43}},"315":{"start":{"line":316,"column":0},"end":{"line":316,"column":78}},"316":{"start":{"line":317,"column":0},"end":{"line":317,"column":50}},"317":{"start":{"line":318,"column":0},"end":{"line":318,"column":3}},"319":{"start":{"line":320,"column":0},"end":{"line":320,"column":21}},"320":{"start":{"line":321,"column":0},"end":{"line":321,"column":58}},"321":{"start":{"line":322,"column":0},"end":{"line":322,"column":88}},"322":{"start":{"line":323,"column":0},"end":{"line":323,"column":3}},"324":{"start":{"line":325,"column":0},"end":{"line":325,"column":37}},"325":{"start":{"line":326,"column":0},"end":{"line":326,"column":66}},"326":{"start":{"line":327,"column":0},"end":{"line":327,"column":44}},"327":{"start":{"line":328,"column":0},"end":{"line":328,"column":3}},"329":{"start":{"line":330,"column":0},"end":{"line":330,"column":27}},"330":{"start":{"line":331,"column":0},"end":{"line":331,"column":70}},"331":{"start":{"line":332,"column":0},"end":{"line":332,"column":51}},"332":{"start":{"line":333,"column":0},"end":{"line":333,"column":3}},"334":{"start":{"line":335,"column":0},"end":{"line":335,"column":21}},"335":{"start":{"line":336,"column":0},"end":{"line":336,"column":2}},"337":{"start":{"line":338,"column":0},"end":{"line":338,"column":70}},"338":{"start":{"line":339,"column":0},"end":{"line":339,"column":37}},"339":{"start":{"line":340,"column":0},"end":{"line":340,"column":30}},"341":{"start":{"line":342,"column":0},"end":{"line":342,"column":42}},"342":{"start":{"line":343,"column":0},"end":{"line":343,"column":66}},"343":{"start":{"line":344,"column":0},"end":{"line":344,"column":37}},"344":{"start":{"line":345,"column":0},"end":{"line":345,"column":50}},"345":{"start":{"line":346,"column":0},"end":{"line":346,"column":49}},"346":{"start":{"line":347,"column":0},"end":{"line":347,"column":5}},"347":{"start":{"line":348,"column":0},"end":{"line":348,"column":56}},"348":{"start":{"line":349,"column":0},"end":{"line":349,"column":89}},"349":{"start":{"line":350,"column":0},"end":{"line":350,"column":30}},"350":{"start":{"line":351,"column":0},"end":{"line":351,"column":75}},"351":{"start":{"line":352,"column":0},"end":{"line":352,"column":31}},"352":{"start":{"line":353,"column":0},"end":{"line":353,"column":77}},"353":{"start":{"line":354,"column":0},"end":{"line":354,"column":3}},"355":{"start":{"line":356,"column":0},"end":{"line":356,"column":33}},"356":{"start":{"line":357,"column":0},"end":{"line":357,"column":82}},"357":{"start":{"line":358,"column":0},"end":{"line":358,"column":3}},"358":{"start":{"line":359,"column":0},"end":{"line":359,"column":31}},"359":{"start":{"line":360,"column":0},"end":{"line":360,"column":78}},"360":{"start":{"line":361,"column":0},"end":{"line":361,"column":3}},"361":{"start":{"line":362,"column":0},"end":{"line":362,"column":38}},"362":{"start":{"line":363,"column":0},"end":{"line":363,"column":74}},"363":{"start":{"line":364,"column":0},"end":{"line":364,"column":3}},"364":{"start":{"line":365,"column":0},"end":{"line":365,"column":37}},"365":{"start":{"line":366,"column":0},"end":{"line":366,"column":72}},"366":{"start":{"line":367,"column":0},"end":{"line":367,"column":3}},"367":{"start":{"line":368,"column":0},"end":{"line":368,"column":37}},"368":{"start":{"line":369,"column":0},"end":{"line":369,"column":90}},"369":{"start":{"line":370,"column":0},"end":{"line":370,"column":3}},"370":{"start":{"line":371,"column":0},"end":{"line":371,"column":29}},"371":{"start":{"line":372,"column":0},"end":{"line":372,"column":74}},"372":{"start":{"line":373,"column":0},"end":{"line":373,"column":3}},"373":{"start":{"line":374,"column":0},"end":{"line":374,"column":51}},"374":{"start":{"line":375,"column":0},"end":{"line":375,"column":105}},"375":{"start":{"line":376,"column":0},"end":{"line":376,"column":3}},"377":{"start":{"line":378,"column":0},"end":{"line":378,"column":53}},"378":{"start":{"line":379,"column":0},"end":{"line":379,"column":68}},"380":{"start":{"line":381,"column":0},"end":{"line":381,"column":13}},"381":{"start":{"line":382,"column":0},"end":{"line":382,"column":35}},"382":{"start":{"line":383,"column":0},"end":{"line":383,"column":45}},"383":{"start":{"line":384,"column":0},"end":{"line":384,"column":68}},"384":{"start":{"line":385,"column":0},"end":{"line":385,"column":92}},"385":{"start":{"line":386,"column":0},"end":{"line":386,"column":77}},"386":{"start":{"line":387,"column":0},"end":{"line":387,"column":37}},"387":{"start":{"line":388,"column":0},"end":{"line":388,"column":93}},"388":{"start":{"line":389,"column":0},"end":{"line":389,"column":87}},"389":{"start":{"line":390,"column":0},"end":{"line":390,"column":92}},"390":{"start":{"line":391,"column":0},"end":{"line":391,"column":93}},"391":{"start":{"line":392,"column":0},"end":{"line":392,"column":94}},"392":{"start":{"line":393,"column":0},"end":{"line":393,"column":87}},"393":{"start":{"line":394,"column":0},"end":{"line":394,"column":90}},"394":{"start":{"line":395,"column":0},"end":{"line":395,"column":65}},"396":{"start":{"line":397,"column":0},"end":{"line":397,"column":34}},"397":{"start":{"line":398,"column":0},"end":{"line":398,"column":40}},"398":{"start":{"line":399,"column":0},"end":{"line":399,"column":40}},"399":{"start":{"line":400,"column":0},"end":{"line":400,"column":42}},"400":{"start":{"line":401,"column":0},"end":{"line":401,"column":42}},"401":{"start":{"line":402,"column":0},"end":{"line":402,"column":54}},"403":{"start":{"line":404,"column":0},"end":{"line":404,"column":57}},"404":{"start":{"line":405,"column":0},"end":{"line":405,"column":64}},"405":{"start":{"line":406,"column":0},"end":{"line":406,"column":3}},"407":{"start":{"line":408,"column":0},"end":{"line":408,"column":62}},"408":{"start":{"line":409,"column":0},"end":{"line":409,"column":27}},"409":{"start":{"line":410,"column":0},"end":{"line":410,"column":37}},"410":{"start":{"line":411,"column":0},"end":{"line":411,"column":3}},"412":{"start":{"line":413,"column":0},"end":{"line":413,"column":28}},"413":{"start":{"line":414,"column":0},"end":{"line":414,"column":31}},"414":{"start":{"line":415,"column":0},"end":{"line":415,"column":63}},"415":{"start":{"line":416,"column":0},"end":{"line":416,"column":30}},"416":{"start":{"line":417,"column":0},"end":{"line":417,"column":3}},"417":{"start":{"line":418,"column":0},"end":{"line":418,"column":39}},"418":{"start":{"line":419,"column":0},"end":{"line":419,"column":30}},"419":{"start":{"line":420,"column":0},"end":{"line":420,"column":41}},"420":{"start":{"line":421,"column":0},"end":{"line":421,"column":32}},"421":{"start":{"line":422,"column":0},"end":{"line":422,"column":99}},"422":{"start":{"line":423,"column":0},"end":{"line":423,"column":83}},"423":{"start":{"line":424,"column":0},"end":{"line":424,"column":38}},"425":{"start":{"line":426,"column":0},"end":{"line":426,"column":31}},"426":{"start":{"line":427,"column":0},"end":{"line":427,"column":86}},"427":{"start":{"line":428,"column":0},"end":{"line":428,"column":108}},"428":{"start":{"line":429,"column":0},"end":{"line":429,"column":69}},"429":{"start":{"line":430,"column":0},"end":{"line":430,"column":72}},"430":{"start":{"line":431,"column":0},"end":{"line":431,"column":71}},"431":{"start":{"line":432,"column":0},"end":{"line":432,"column":83}},"432":{"start":{"line":433,"column":0},"end":{"line":433,"column":47}},"434":{"start":{"line":435,"column":0},"end":{"line":435,"column":113}},"435":{"start":{"line":436,"column":0},"end":{"line":436,"column":70}},"436":{"start":{"line":437,"column":0},"end":{"line":437,"column":3}},"438":{"start":{"line":439,"column":0},"end":{"line":439,"column":22}},"439":{"start":{"line":440,"column":0},"end":{"line":440,"column":27}},"440":{"start":{"line":441,"column":0},"end":{"line":441,"column":3}},"442":{"start":{"line":443,"column":0},"end":{"line":443,"column":16}},"443":{"start":{"line":444,"column":0},"end":{"line":444,"column":2}},"445":{"start":{"line":446,"column":0},"end":{"line":446,"column":69}},"446":{"start":{"line":447,"column":0},"end":{"line":447,"column":29}},"447":{"start":{"line":448,"column":0},"end":{"line":448,"column":59}},"448":{"start":{"line":449,"column":0},"end":{"line":449,"column":27}},"449":{"start":{"line":450,"column":0},"end":{"line":450,"column":31}},"450":{"start":{"line":451,"column":0},"end":{"line":451,"column":67}},"451":{"start":{"line":452,"column":0},"end":{"line":452,"column":3}},"452":{"start":{"line":453,"column":0},"end":{"line":453,"column":32}},"453":{"start":{"line":454,"column":0},"end":{"line":454,"column":72}},"454":{"start":{"line":455,"column":0},"end":{"line":455,"column":3}},"455":{"start":{"line":456,"column":0},"end":{"line":456,"column":37}},"456":{"start":{"line":457,"column":0},"end":{"line":457,"column":28}},"457":{"start":{"line":458,"column":0},"end":{"line":458,"column":69}},"458":{"start":{"line":459,"column":0},"end":{"line":459,"column":3}},"459":{"start":{"line":460,"column":0},"end":{"line":460,"column":36}},"460":{"start":{"line":461,"column":0},"end":{"line":461,"column":32}},"461":{"start":{"line":462,"column":0},"end":{"line":462,"column":86}},"462":{"start":{"line":463,"column":0},"end":{"line":463,"column":3}},"463":{"start":{"line":464,"column":0},"end":{"line":464,"column":29}},"464":{"start":{"line":465,"column":0},"end":{"line":465,"column":27}},"465":{"start":{"line":466,"column":0},"end":{"line":466,"column":61}},"466":{"start":{"line":467,"column":0},"end":{"line":467,"column":3}},"467":{"start":{"line":468,"column":0},"end":{"line":468,"column":32}},"468":{"start":{"line":469,"column":0},"end":{"line":469,"column":42}},"469":{"start":{"line":470,"column":0},"end":{"line":470,"column":64}},"470":{"start":{"line":471,"column":0},"end":{"line":471,"column":3}},"471":{"start":{"line":472,"column":0},"end":{"line":472,"column":26}},"472":{"start":{"line":473,"column":0},"end":{"line":473,"column":2}},"476":{"start":{"line":477,"column":0},"end":{"line":477,"column":76}},"477":{"start":{"line":478,"column":0},"end":{"line":478,"column":37}},"478":{"start":{"line":479,"column":0},"end":{"line":479,"column":30}},"480":{"start":{"line":481,"column":0},"end":{"line":481,"column":106}},"483":{"start":{"line":484,"column":0},"end":{"line":484,"column":7}},"484":{"start":{"line":485,"column":0},"end":{"line":485,"column":38}},"485":{"start":{"line":486,"column":0},"end":{"line":486,"column":31}},"486":{"start":{"line":487,"column":0},"end":{"line":487,"column":30}},"487":{"start":{"line":488,"column":0},"end":{"line":488,"column":41}},"488":{"start":{"line":489,"column":0},"end":{"line":489,"column":34}},"489":{"start":{"line":490,"column":0},"end":{"line":490,"column":85}},"490":{"start":{"line":491,"column":0},"end":{"line":491,"column":7}},"491":{"start":{"line":492,"column":0},"end":{"line":492,"column":5}},"492":{"start":{"line":493,"column":0},"end":{"line":493,"column":42}},"493":{"start":{"line":494,"column":0},"end":{"line":494,"column":49}},"495":{"start":{"line":496,"column":0},"end":{"line":496,"column":91}},"496":{"start":{"line":497,"column":0},"end":{"line":497,"column":25}},"497":{"start":{"line":498,"column":0},"end":{"line":498,"column":78}},"498":{"start":{"line":499,"column":0},"end":{"line":499,"column":26}},"499":{"start":{"line":500,"column":0},"end":{"line":500,"column":80}},"500":{"start":{"line":501,"column":0},"end":{"line":501,"column":5}},"501":{"start":{"line":502,"column":0},"end":{"line":502,"column":12}},"504":{"start":{"line":505,"column":0},"end":{"line":505,"column":24}},"505":{"start":{"line":506,"column":0},"end":{"line":506,"column":56}},"506":{"start":{"line":507,"column":0},"end":{"line":507,"column":29}},"507":{"start":{"line":508,"column":0},"end":{"line":508,"column":40}},"508":{"start":{"line":509,"column":0},"end":{"line":509,"column":21}},"509":{"start":{"line":510,"column":0},"end":{"line":510,"column":15}},"510":{"start":{"line":511,"column":0},"end":{"line":511,"column":59}},"511":{"start":{"line":512,"column":0},"end":{"line":512,"column":5}},"512":{"start":{"line":513,"column":0},"end":{"line":513,"column":3}},"514":{"start":{"line":515,"column":0},"end":{"line":515,"column":13}},"515":{"start":{"line":516,"column":0},"end":{"line":516,"column":35}},"516":{"start":{"line":517,"column":0},"end":{"line":517,"column":45}},"517":{"start":{"line":518,"column":0},"end":{"line":518,"column":68}},"518":{"start":{"line":519,"column":0},"end":{"line":519,"column":92}},"520":{"start":{"line":521,"column":0},"end":{"line":521,"column":73}},"521":{"start":{"line":522,"column":0},"end":{"line":522,"column":37}},"522":{"start":{"line":523,"column":0},"end":{"line":523,"column":93}},"523":{"start":{"line":524,"column":0},"end":{"line":524,"column":87}},"524":{"start":{"line":525,"column":0},"end":{"line":525,"column":92}},"525":{"start":{"line":526,"column":0},"end":{"line":526,"column":93}},"526":{"start":{"line":527,"column":0},"end":{"line":527,"column":94}},"527":{"start":{"line":528,"column":0},"end":{"line":528,"column":87}},"528":{"start":{"line":529,"column":0},"end":{"line":529,"column":90}},"529":{"start":{"line":530,"column":0},"end":{"line":530,"column":65}},"531":{"start":{"line":532,"column":0},"end":{"line":532,"column":34}},"532":{"start":{"line":533,"column":0},"end":{"line":533,"column":40}},"533":{"start":{"line":534,"column":0},"end":{"line":534,"column":40}},"534":{"start":{"line":535,"column":0},"end":{"line":535,"column":42}},"535":{"start":{"line":536,"column":0},"end":{"line":536,"column":42}},"536":{"start":{"line":537,"column":0},"end":{"line":537,"column":54}},"538":{"start":{"line":539,"column":0},"end":{"line":539,"column":57}},"539":{"start":{"line":540,"column":0},"end":{"line":540,"column":64}},"540":{"start":{"line":541,"column":0},"end":{"line":541,"column":3}},"543":{"start":{"line":544,"column":0},"end":{"line":544,"column":46}},"544":{"start":{"line":545,"column":0},"end":{"line":545,"column":29}},"545":{"start":{"line":546,"column":0},"end":{"line":546,"column":51}},"546":{"start":{"line":547,"column":0},"end":{"line":547,"column":47}},"548":{"start":{"line":549,"column":0},"end":{"line":549,"column":100}},"549":{"start":{"line":550,"column":0},"end":{"line":550,"column":94}},"550":{"start":{"line":551,"column":0},"end":{"line":551,"column":28}},"551":{"start":{"line":552,"column":0},"end":{"line":552,"column":93}},"552":{"start":{"line":553,"column":0},"end":{"line":553,"column":90}},"553":{"start":{"line":554,"column":0},"end":{"line":554,"column":112}},"554":{"start":{"line":555,"column":0},"end":{"line":555,"column":88}},"555":{"start":{"line":556,"column":0},"end":{"line":556,"column":137}},"556":{"start":{"line":557,"column":0},"end":{"line":557,"column":3}},"557":{"start":{"line":558,"column":0},"end":{"line":558,"column":59}},"560":{"start":{"line":561,"column":0},"end":{"line":561,"column":62}},"561":{"start":{"line":562,"column":0},"end":{"line":562,"column":28}},"562":{"start":{"line":563,"column":0},"end":{"line":563,"column":30}},"563":{"start":{"line":564,"column":0},"end":{"line":564,"column":61}},"564":{"start":{"line":565,"column":0},"end":{"line":565,"column":30}},"565":{"start":{"line":566,"column":0},"end":{"line":566,"column":3}},"566":{"start":{"line":567,"column":0},"end":{"line":567,"column":61}},"567":{"start":{"line":568,"column":0},"end":{"line":568,"column":38}},"568":{"start":{"line":569,"column":0},"end":{"line":569,"column":63}},"569":{"start":{"line":570,"column":0},"end":{"line":570,"column":40}},"570":{"start":{"line":571,"column":0},"end":{"line":571,"column":96}},"571":{"start":{"line":572,"column":0},"end":{"line":572,"column":82}},"572":{"start":{"line":573,"column":0},"end":{"line":573,"column":38}},"574":{"start":{"line":575,"column":0},"end":{"line":575,"column":31}},"575":{"start":{"line":576,"column":0},"end":{"line":576,"column":29}},"576":{"start":{"line":577,"column":0},"end":{"line":577,"column":28}},"577":{"start":{"line":578,"column":0},"end":{"line":578,"column":82}},"578":{"start":{"line":579,"column":0},"end":{"line":579,"column":94}},"579":{"start":{"line":580,"column":0},"end":{"line":580,"column":65}},"580":{"start":{"line":581,"column":0},"end":{"line":581,"column":68}},"581":{"start":{"line":582,"column":0},"end":{"line":582,"column":67}},"582":{"start":{"line":583,"column":0},"end":{"line":583,"column":79}},"583":{"start":{"line":584,"column":0},"end":{"line":584,"column":3}},"584":{"start":{"line":585,"column":0},"end":{"line":585,"column":68}},"586":{"start":{"line":587,"column":0},"end":{"line":587,"column":113}},"587":{"start":{"line":588,"column":0},"end":{"line":588,"column":70}},"588":{"start":{"line":589,"column":0},"end":{"line":589,"column":3}},"590":{"start":{"line":591,"column":0},"end":{"line":591,"column":44}},"591":{"start":{"line":592,"column":0},"end":{"line":592,"column":16}},"592":{"start":{"line":593,"column":0},"end":{"line":593,"column":2}}},"s":{"0":1,"30":1,"32":1,"33":44,"34":44,"36":1,"37":8,"38":8,"39":8,"40":8,"41":6,"42":6,"43":6,"44":8,"45":0,"46":0,"47":0,"48":6,"49":6,"51":1,"52":28,"53":28,"55":2,"56":2,"57":2,"58":2,"59":2,"60":2,"61":2,"62":0,"63":2,"64":0,"65":0,"66":2,"67":2,"68":2,"69":26,"70":26,"71":26,"72":26,"73":26,"74":28,"75":0,"76":28,"77":0,"78":0,"79":28,"81":1,"82":3,"83":3,"84":3,"86":1,"87":2,"88":2,"89":2,"90":2,"91":2,"92":2,"93":2,"94":2,"95":2,"96":2,"97":2,"98":2,"99":2,"101":2,"103":2,"104":3,"105":3,"106":3,"107":3,"108":3,"109":1,"110":1,"111":3,"112":0,"113":0,"114":3,"115":0,"116":0,"117":3,"118":0,"119":0,"120":3,"121":2,"122":2,"123":3,"124":0,"125":0,"126":3,"127":0,"128":0,"129":3,"130":0,"131":0,"132":3,"133":0,"134":3,"135":3,"137":2,"138":2,"140":1,"141":1,"142":1,"143":1,"144":1,"145":0,"146":0,"147":0,"148":0,"149":0,"150":1,"151":0,"152":0,"153":0,"154":0,"155":0,"156":1,"157":0,"158":1,"159":0,"160":1,"161":1,"163":1,"164":3,"165":1,"166":3,"167":3,"168":3,"169":3,"170":3,"172":1,"173":3,"174":1,"175":1,"177":1,"178":2,"179":2,"180":2,"181":0,"182":0,"183":0,"184":2,"185":2,"187":1,"188":2,"189":2,"190":1,"191":1,"192":2,"193":30,"194":0,"195":30,"196":2,"197":2,"198":1,"199":0,"200":0,"202":1,"203":2,"204":2,"205":2,"206":2,"207":2,"208":2,"209":2,"210":2,"211":2,"212":2,"213":2,"214":1,"215":1,"216":2,"217":2,"218":2,"220":1,"221":4,"223":4,"224":2,"225":2,"226":2,"227":2,"228":2,"229":2,"230":2,"231":2,"233":4,"234":1,"235":1,"236":1,"237":1,"238":1,"239":1,"240":1,"242":4,"243":2,"244":2,"245":2,"246":2,"247":2,"248":2,"250":4,"251":1,"252":1,"253":1,"254":1,"255":1,"256":1,"258":4,"259":1,"260":1,"261":1,"262":1,"263":1,"264":1,"266":4,"267":1,"268":1,"269":1,"270":1,"271":1,"273":4,"274":1,"275":1,"276":1,"278":4,"279":1,"280":1,"281":1,"282":1,"283":1,"285":4,"286":1,"287":1,"288":1,"289":1,"290":1,"292":4,"293":1,"294":1,"295":1,"296":1,"298":4,"299":1,"300":1,"301":1,"302":1,"304":4,"305":1,"306":1,"307":1,"309":4,"310":1,"311":1,"312":1,"314":4,"315":1,"316":1,"317":1,"319":4,"320":1,"321":1,"322":1,"324":4,"325":1,"326":1,"327":1,"329":4,"330":1,"331":1,"332":1,"334":4,"335":4,"337":1,"338":2,"339":2,"341":2,"342":2,"343":32,"344":32,"345":32,"346":2,"347":2,"348":2,"349":2,"350":1,"351":1,"352":0,"353":0,"355":2,"356":1,"357":1,"358":2,"359":1,"360":1,"361":2,"362":1,"363":1,"364":2,"365":1,"366":1,"367":2,"368":1,"369":1,"370":2,"371":0,"372":0,"373":2,"374":1,"375":1,"377":2,"378":2,"380":2,"381":1,"382":1,"383":1,"384":1,"385":1,"386":1,"387":1,"388":1,"389":1,"390":1,"391":1,"392":1,"393":1,"394":1,"396":1,"397":1,"398":1,"399":1,"400":1,"401":1,"403":1,"404":1,"405":1,"407":2,"408":2,"409":1,"410":1,"412":2,"413":2,"414":1,"415":1,"416":1,"417":2,"418":2,"419":2,"420":2,"421":2,"422":2,"423":2,"425":2,"426":2,"427":2,"428":2,"429":2,"430":2,"431":2,"432":2,"434":2,"435":1,"436":1,"438":2,"439":1,"440":1,"442":2,"443":2,"445":1,"446":1,"447":1,"448":1,"449":1,"450":1,"451":1,"452":1,"453":1,"454":1,"455":1,"456":1,"457":1,"458":1,"459":1,"460":1,"461":1,"462":1,"463":1,"464":1,"465":1,"466":1,"467":1,"468":1,"469":1,"470":1,"471":1,"472":1,"476":1,"477":2,"478":2,"480":2,"483":1,"484":1,"485":2,"486":2,"487":2,"488":9,"489":9,"490":9,"491":2,"492":1,"493":1,"495":2,"496":2,"497":1,"498":2,"499":0,"500":0,"501":2,"504":1,"505":1,"506":2,"507":2,"508":2,"509":1,"510":1,"511":1,"512":2,"514":1,"515":1,"516":1,"517":1,"518":1,"520":1,"521":1,"522":1,"523":1,"524":1,"525":1,"526":1,"527":1,"528":1,"529":1,"531":1,"532":1,"533":1,"534":1,"535":1,"536":1,"538":1,"539":1,"540":1,"543":1,"544":2,"545":2,"546":2,"548":2,"549":2,"550":2,"551":2,"552":2,"553":2,"554":2,"555":2,"556":2,"557":1,"560":1,"561":1,"562":2,"563":0,"564":0,"565":0,"566":2,"567":2,"568":2,"569":2,"570":2,"571":2,"572":2,"574":1,"575":2,"576":2,"577":2,"578":2,"579":2,"580":2,"581":2,"582":2,"583":2,"584":1,"586":2,"587":0,"588":0,"590":1,"591":1,"592":1},"branchMap":{"0":{"type":"branch","line":31,"loc":{"start":{"line":31,"column":17},"end":{"line":31,"column":95}},"locations":[{"start":{"line":31,"column":17},"end":{"line":31,"column":95}}]},"1":{"type":"branch","line":33,"loc":{"start":{"line":33,"column":16},"end":{"line":35,"column":2}},"locations":[{"start":{"line":33,"column":16},"end":{"line":35,"column":2}}]},"2":{"type":"branch","line":37,"loc":{"start":{"line":37,"column":20},"end":{"line":50,"column":2}},"locations":[{"start":{"line":37,"column":20},"end":{"line":50,"column":2}}]},"3":{"type":"branch","line":38,"loc":{"start":{"line":38,"column":13},"end":{"line":38,"column":23}},"locations":[{"start":{"line":38,"column":13},"end":{"line":38,"column":23}}]},"4":{"type":"branch","line":38,"loc":{"start":{"line":38,"column":20},"end":{"line":39,"column":43}},"locations":[{"start":{"line":38,"column":20},"end":{"line":39,"column":43}}]},"5":{"type":"branch","line":39,"loc":{"start":{"line":39,"column":32},"end":{"line":39,"column":58}},"locations":[{"start":{"line":39,"column":32},"end":{"line":39,"column":58}}]},"6":{"type":"branch","line":39,"loc":{"start":{"line":39,"column":54},"end":{"line":39,"column":63}},"locations":[{"start":{"line":39,"column":54},"end":{"line":39,"column":63}}]},"7":{"type":"branch","line":40,"loc":{"start":{"line":40,"column":7},"end":{"line":40,"column":37}},"locations":[{"start":{"line":40,"column":7},"end":{"line":40,"column":37}}]},"8":{"type":"branch","line":40,"loc":{"start":{"line":40,"column":37},"end":{"line":40,"column":47}},"locations":[{"start":{"line":40,"column":37},"end":{"line":40,"column":47}}]},"9":{"type":"branch","line":40,"loc":{"start":{"line":40,"column":44},"end":{"line":41,"column":27}},"locations":[{"start":{"line":40,"column":44},"end":{"line":41,"column":27}}]},"10":{"type":"branch","line":41,"loc":{"start":{"line":41,"column":20},"end":{"line":41,"column":40}},"locations":[{"start":{"line":41,"column":20},"end":{"line":41,"column":40}}]},"11":{"type":"branch","line":41,"loc":{"start":{"line":41,"column":35},"end":{"line":45,"column":28}},"locations":[{"start":{"line":41,"column":35},"end":{"line":45,"column":28}}]},"12":{"type":"branch","line":45,"loc":{"start":{"line":45,"column":20},"end":{"line":45,"column":54}},"locations":[{"start":{"line":45,"column":20},"end":{"line":45,"column":54}}]},"13":{"type":"branch","line":45,"loc":{"start":{"line":45,"column":54},"end":{"line":48,"column":3}},"locations":[{"start":{"line":45,"column":54},"end":{"line":48,"column":3}}]},"14":{"type":"branch","line":48,"loc":{"start":{"line":48,"column":2},"end":{"line":50,"column":2}},"locations":[{"start":{"line":48,"column":2},"end":{"line":50,"column":2}}]},"15":{"type":"branch","line":52,"loc":{"start":{"line":52,"column":24},"end":{"line":80,"column":2}},"locations":[{"start":{"line":52,"column":24},"end":{"line":80,"column":2}}]},"16":{"type":"branch","line":53,"loc":{"start":{"line":53,"column":16},"end":{"line":53,"column":23}},"locations":[{"start":{"line":53,"column":16},"end":{"line":53,"column":23}}]},"17":{"type":"branch","line":54,"loc":{"start":{"line":54,"column":30},"end":{"line":69,"column":3}},"locations":[{"start":{"line":54,"column":30},"end":{"line":69,"column":3}}]},"18":{"type":"branch","line":62,"loc":{"start":{"line":62,"column":26},"end":{"line":64,"column":17}},"locations":[{"start":{"line":62,"column":26},"end":{"line":64,"column":17}}]},"19":{"type":"branch","line":64,"loc":{"start":{"line":64,"column":27},"end":{"line":66,"column":7}},"locations":[{"start":{"line":64,"column":27},"end":{"line":66,"column":7}}]},"20":{"type":"branch","line":69,"loc":{"start":{"line":69,"column":2},"end":{"line":70,"column":42}},"locations":[{"start":{"line":69,"column":2},"end":{"line":70,"column":42}}]},"21":{"type":"branch","line":70,"loc":{"start":{"line":70,"column":35},"end":{"line":70,"column":42}},"locations":[{"start":{"line":70,"column":35},"end":{"line":70,"column":42}}]},"22":{"type":"branch","line":70,"loc":{"start":{"line":70,"column":35},"end":{"line":75,"column":22}},"locations":[{"start":{"line":70,"column":35},"end":{"line":75,"column":22}}]},"23":{"type":"branch","line":75,"loc":{"start":{"line":75,"column":22},"end":{"line":77,"column":13}},"locations":[{"start":{"line":75,"column":22},"end":{"line":77,"column":13}}]},"24":{"type":"branch","line":77,"loc":{"start":{"line":77,"column":2},"end":{"line":79,"column":3}},"locations":[{"start":{"line":77,"column":2},"end":{"line":79,"column":3}}]},"25":{"type":"branch","line":77,"loc":{"start":{"line":77,"column":23},"end":{"line":79,"column":3}},"locations":[{"start":{"line":77,"column":23},"end":{"line":79,"column":3}}]},"26":{"type":"branch","line":82,"loc":{"start":{"line":82,"column":24},"end":{"line":85,"column":2}},"locations":[{"start":{"line":82,"column":24},"end":{"line":85,"column":2}}]},"27":{"type":"branch","line":87,"loc":{"start":{"line":87,"column":24},"end":{"line":139,"column":2}},"locations":[{"start":{"line":87,"column":24},"end":{"line":139,"column":2}}]},"28":{"type":"branch","line":102,"loc":{"start":{"line":102,"column":26},"end":{"line":102,"column":41}},"locations":[{"start":{"line":102,"column":26},"end":{"line":102,"column":41}}]},"29":{"type":"branch","line":104,"loc":{"start":{"line":104,"column":33},"end":{"line":136,"column":3}},"locations":[{"start":{"line":104,"column":33},"end":{"line":136,"column":3}}]},"30":{"type":"branch","line":107,"loc":{"start":{"line":107,"column":19},"end":{"line":107,"column":75}},"locations":[{"start":{"line":107,"column":19},"end":{"line":107,"column":75}}]},"31":{"type":"branch","line":109,"loc":{"start":{"line":109,"column":6},"end":{"line":111,"column":14}},"locations":[{"start":{"line":109,"column":6},"end":{"line":111,"column":14}}]},"32":{"type":"branch","line":112,"loc":{"start":{"line":112,"column":6},"end":{"line":114,"column":14}},"locations":[{"start":{"line":112,"column":6},"end":{"line":114,"column":14}}]},"33":{"type":"branch","line":115,"loc":{"start":{"line":115,"column":6},"end":{"line":117,"column":14}},"locations":[{"start":{"line":115,"column":6},"end":{"line":117,"column":14}}]},"34":{"type":"branch","line":118,"loc":{"start":{"line":118,"column":6},"end":{"line":120,"column":14}},"locations":[{"start":{"line":118,"column":6},"end":{"line":120,"column":14}}]},"35":{"type":"branch","line":121,"loc":{"start":{"line":121,"column":6},"end":{"line":123,"column":14}},"locations":[{"start":{"line":121,"column":6},"end":{"line":123,"column":14}}]},"36":{"type":"branch","line":124,"loc":{"start":{"line":124,"column":6},"end":{"line":126,"column":14}},"locations":[{"start":{"line":124,"column":6},"end":{"line":126,"column":14}}]},"37":{"type":"branch","line":127,"loc":{"start":{"line":127,"column":6},"end":{"line":129,"column":14}},"locations":[{"start":{"line":127,"column":6},"end":{"line":129,"column":14}}]},"38":{"type":"branch","line":130,"loc":{"start":{"line":130,"column":6},"end":{"line":132,"column":14}},"locations":[{"start":{"line":130,"column":6},"end":{"line":132,"column":14}}]},"39":{"type":"branch","line":133,"loc":{"start":{"line":133,"column":6},"end":{"line":134,"column":14}},"locations":[{"start":{"line":133,"column":6},"end":{"line":134,"column":14}}]},"40":{"type":"branch","line":141,"loc":{"start":{"line":141,"column":30},"end":{"line":162,"column":2}},"locations":[{"start":{"line":141,"column":30},"end":{"line":162,"column":2}}]},"41":{"type":"branch","line":144,"loc":{"start":{"line":144,"column":62},"end":{"line":144,"column":94}},"locations":[{"start":{"line":144,"column":62},"end":{"line":144,"column":94}}]},"42":{"type":"branch","line":145,"loc":{"start":{"line":145,"column":4},"end":{"line":150,"column":5}},"locations":[{"start":{"line":145,"column":4},"end":{"line":150,"column":5}}]},"43":{"type":"branch","line":151,"loc":{"start":{"line":151,"column":4},"end":{"line":156,"column":5}},"locations":[{"start":{"line":151,"column":4},"end":{"line":156,"column":5}}]},"44":{"type":"branch","line":157,"loc":{"start":{"line":157,"column":4},"end":{"line":158,"column":53}},"locations":[{"start":{"line":157,"column":4},"end":{"line":158,"column":53}}]},"45":{"type":"branch","line":159,"loc":{"start":{"line":159,"column":4},"end":{"line":160,"column":23}},"locations":[{"start":{"line":159,"column":4},"end":{"line":160,"column":23}}]},"46":{"type":"branch","line":164,"loc":{"start":{"line":164,"column":22},"end":{"line":171,"column":2}},"locations":[{"start":{"line":164,"column":22},"end":{"line":171,"column":2}}]},"47":{"type":"branch","line":165,"loc":{"start":{"line":165,"column":33},"end":{"line":165,"column":50}},"locations":[{"start":{"line":165,"column":33},"end":{"line":165,"column":50}}]},"48":{"type":"branch","line":165,"loc":{"start":{"line":165,"column":40},"end":{"line":167,"column":31}},"locations":[{"start":{"line":165,"column":40},"end":{"line":167,"column":31}}]},"49":{"type":"branch","line":167,"loc":{"start":{"line":167,"column":23},"end":{"line":167,"column":50}},"locations":[{"start":{"line":167,"column":23},"end":{"line":167,"column":50}}]},"50":{"type":"branch","line":167,"loc":{"start":{"line":167,"column":39},"end":{"line":167,"column":73}},"locations":[{"start":{"line":167,"column":39},"end":{"line":167,"column":73}}]},"51":{"type":"branch","line":168,"loc":{"start":{"line":168,"column":13},"end":{"line":168,"column":58}},"locations":[{"start":{"line":168,"column":13},"end":{"line":168,"column":58}}]},"52":{"type":"branch","line":168,"loc":{"start":{"line":168,"column":20},"end":{"line":169,"column":49}},"locations":[{"start":{"line":168,"column":20},"end":{"line":169,"column":49}}]},"53":{"type":"branch","line":169,"loc":{"start":{"line":169,"column":44},"end":{"line":169,"column":96}},"locations":[{"start":{"line":169,"column":44},"end":{"line":169,"column":96}}]},"54":{"type":"branch","line":169,"loc":{"start":{"line":169,"column":90},"end":{"line":169,"column":101}},"locations":[{"start":{"line":169,"column":90},"end":{"line":169,"column":101}}]},"55":{"type":"branch","line":173,"loc":{"start":{"line":173,"column":23},"end":{"line":176,"column":2}},"locations":[{"start":{"line":173,"column":23},"end":{"line":176,"column":2}}]},"56":{"type":"branch","line":174,"loc":{"start":{"line":174,"column":34},"end":{"line":174,"column":51}},"locations":[{"start":{"line":174,"column":34},"end":{"line":174,"column":51}}]},"57":{"type":"branch","line":174,"loc":{"start":{"line":174,"column":41},"end":{"line":176,"column":2}},"locations":[{"start":{"line":174,"column":41},"end":{"line":176,"column":2}}]},"58":{"type":"branch","line":178,"loc":{"start":{"line":178,"column":22},"end":{"line":186,"column":2}},"locations":[{"start":{"line":178,"column":22},"end":{"line":186,"column":2}}]},"59":{"type":"branch","line":180,"loc":{"start":{"line":180,"column":16},"end":{"line":180,"column":33}},"locations":[{"start":{"line":180,"column":16},"end":{"line":180,"column":33}}]},"60":{"type":"branch","line":181,"loc":{"start":{"line":181,"column":67},"end":{"line":185,"column":107}},"locations":[{"start":{"line":181,"column":67},"end":{"line":185,"column":107}}]},"61":{"type":"branch","line":185,"loc":{"start":{"line":185,"column":101},"end":{"line":185,"column":114}},"locations":[{"start":{"line":185,"column":101},"end":{"line":185,"column":114}}]},"62":{"type":"branch","line":188,"loc":{"start":{"line":188,"column":23},"end":{"line":201,"column":2}},"locations":[{"start":{"line":188,"column":23},"end":{"line":201,"column":2}}]},"63":{"type":"branch","line":190,"loc":{"start":{"line":190,"column":27},"end":{"line":193,"column":30}},"locations":[{"start":{"line":190,"column":27},"end":{"line":193,"column":30}}]},"64":{"type":"branch","line":193,"loc":{"start":{"line":193,"column":30},"end":{"line":196,"column":3}},"locations":[{"start":{"line":193,"column":30},"end":{"line":196,"column":3}}]},"65":{"type":"branch","line":194,"loc":{"start":{"line":194,"column":40},"end":{"line":195,"column":58}},"locations":[{"start":{"line":194,"column":40},"end":{"line":195,"column":58}}]},"66":{"type":"branch","line":196,"loc":{"start":{"line":196,"column":2},"end":{"line":197,"column":21}},"locations":[{"start":{"line":196,"column":2},"end":{"line":197,"column":21}}]},"67":{"type":"branch","line":197,"loc":{"start":{"line":197,"column":16},"end":{"line":197,"column":37}},"locations":[{"start":{"line":197,"column":16},"end":{"line":197,"column":37}}]},"68":{"type":"branch","line":197,"loc":{"start":{"line":197,"column":37},"end":{"line":197,"column":54}},"locations":[{"start":{"line":197,"column":37},"end":{"line":197,"column":54}}]},"69":{"type":"branch","line":197,"loc":{"start":{"line":197,"column":44},"end":{"line":198,"column":37}},"locations":[{"start":{"line":197,"column":44},"end":{"line":198,"column":37}}]},"70":{"type":"branch","line":198,"loc":{"start":{"line":198,"column":30},"end":{"line":198,"column":85}},"locations":[{"start":{"line":198,"column":30},"end":{"line":198,"column":85}}]},"71":{"type":"branch","line":198,"loc":{"start":{"line":198,"column":37},"end":{"line":199,"column":69}},"locations":[{"start":{"line":198,"column":37},"end":{"line":199,"column":69}}]},"72":{"type":"branch","line":199,"loc":{"start":{"line":199,"column":37},"end":{"line":201,"column":2}},"locations":[{"start":{"line":199,"column":37},"end":{"line":201,"column":2}}]},"73":{"type":"branch","line":203,"loc":{"start":{"line":203,"column":26},"end":{"line":219,"column":2}},"locations":[{"start":{"line":203,"column":26},"end":{"line":219,"column":2}}]},"74":{"type":"branch","line":211,"loc":{"start":{"line":211,"column":23},"end":{"line":211,"column":58}},"locations":[{"start":{"line":211,"column":23},"end":{"line":211,"column":58}}]},"75":{"type":"branch","line":211,"loc":{"start":{"line":211,"column":52},"end":{"line":211,"column":73}},"locations":[{"start":{"line":211,"column":52},"end":{"line":211,"column":73}}]},"76":{"type":"branch","line":211,"loc":{"start":{"line":211,"column":62},"end":{"line":211,"column":80}},"locations":[{"start":{"line":211,"column":62},"end":{"line":211,"column":80}}]},"77":{"type":"branch","line":214,"loc":{"start":{"line":214,"column":4},"end":{"line":216,"column":5}},"locations":[{"start":{"line":214,"column":4},"end":{"line":216,"column":5}}]},"78":{"type":"branch","line":221,"loc":{"start":{"line":221,"column":31},"end":{"line":336,"column":2}},"locations":[{"start":{"line":221,"column":31},"end":{"line":336,"column":2}}]},"79":{"type":"branch","line":224,"loc":{"start":{"line":224,"column":14},"end":{"line":224,"column":29}},"locations":[{"start":{"line":224,"column":14},"end":{"line":224,"column":29}}]},"80":{"type":"branch","line":224,"loc":{"start":{"line":224,"column":29},"end":{"line":232,"column":3}},"locations":[{"start":{"line":224,"column":29},"end":{"line":232,"column":3}}]},"81":{"type":"branch","line":229,"loc":{"start":{"line":229,"column":79},"end":{"line":229,"column":87}},"locations":[{"start":{"line":229,"column":79},"end":{"line":229,"column":87}}]},"82":{"type":"branch","line":230,"loc":{"start":{"line":230,"column":47},"end":{"line":230,"column":69}},"locations":[{"start":{"line":230,"column":47},"end":{"line":230,"column":69}}]},"83":{"type":"branch","line":230,"loc":{"start":{"line":230,"column":63},"end":{"line":230,"column":71}},"locations":[{"start":{"line":230,"column":63},"end":{"line":230,"column":71}}]},"84":{"type":"branch","line":234,"loc":{"start":{"line":234,"column":24},"end":{"line":241,"column":3}},"locations":[{"start":{"line":234,"column":24},"end":{"line":241,"column":3}}]},"85":{"type":"branch","line":237,"loc":{"start":{"line":237,"column":21},"end":{"line":237,"column":45}},"locations":[{"start":{"line":237,"column":21},"end":{"line":237,"column":45}}]},"86":{"type":"branch","line":239,"loc":{"start":{"line":239,"column":21},"end":{"line":239,"column":56}},"locations":[{"start":{"line":239,"column":21},"end":{"line":239,"column":56}}]},"87":{"type":"branch","line":240,"loc":{"start":{"line":240,"column":63},"end":{"line":240,"column":71}},"locations":[{"start":{"line":240,"column":63},"end":{"line":240,"column":71}}]},"88":{"type":"branch","line":243,"loc":{"start":{"line":243,"column":21},"end":{"line":249,"column":3}},"locations":[{"start":{"line":243,"column":21},"end":{"line":249,"column":3}}]},"89":{"type":"branch","line":247,"loc":{"start":{"line":247,"column":77},"end":{"line":247,"column":85}},"locations":[{"start":{"line":247,"column":77},"end":{"line":247,"column":85}}]},"90":{"type":"branch","line":248,"loc":{"start":{"line":248,"column":46},"end":{"line":248,"column":68}},"locations":[{"start":{"line":248,"column":46},"end":{"line":248,"column":68}}]},"91":{"type":"branch","line":248,"loc":{"start":{"line":248,"column":62},"end":{"line":248,"column":70}},"locations":[{"start":{"line":248,"column":62},"end":{"line":248,"column":70}}]},"92":{"type":"branch","line":251,"loc":{"start":{"line":251,"column":25},"end":{"line":257,"column":3}},"locations":[{"start":{"line":251,"column":25},"end":{"line":257,"column":3}}]},"93":{"type":"branch","line":255,"loc":{"start":{"line":255,"column":73},"end":{"line":255,"column":81}},"locations":[{"start":{"line":255,"column":73},"end":{"line":255,"column":81}}]},"94":{"type":"branch","line":256,"loc":{"start":{"line":256,"column":60},"end":{"line":256,"column":68}},"locations":[{"start":{"line":256,"column":60},"end":{"line":256,"column":68}}]},"95":{"type":"branch","line":259,"loc":{"start":{"line":259,"column":21},"end":{"line":265,"column":3}},"locations":[{"start":{"line":259,"column":21},"end":{"line":265,"column":3}}]},"96":{"type":"branch","line":263,"loc":{"start":{"line":263,"column":58},"end":{"line":263,"column":69}},"locations":[{"start":{"line":263,"column":58},"end":{"line":263,"column":69}}]},"97":{"type":"branch","line":264,"loc":{"start":{"line":264,"column":57},"end":{"line":264,"column":68}},"locations":[{"start":{"line":264,"column":57},"end":{"line":264,"column":68}}]},"98":{"type":"branch","line":264,"loc":{"start":{"line":264,"column":87},"end":{"line":264,"column":95}},"locations":[{"start":{"line":264,"column":87},"end":{"line":264,"column":95}}]},"99":{"type":"branch","line":267,"loc":{"start":{"line":267,"column":21},"end":{"line":272,"column":3}},"locations":[{"start":{"line":267,"column":21},"end":{"line":272,"column":3}}]},"100":{"type":"branch","line":271,"loc":{"start":{"line":271,"column":70},"end":{"line":271,"column":78}},"locations":[{"start":{"line":271,"column":70},"end":{"line":271,"column":78}}]},"101":{"type":"branch","line":274,"loc":{"start":{"line":274,"column":26},"end":{"line":277,"column":3}},"locations":[{"start":{"line":274,"column":26},"end":{"line":277,"column":3}}]},"102":{"type":"branch","line":279,"loc":{"start":{"line":279,"column":23},"end":{"line":284,"column":3}},"locations":[{"start":{"line":279,"column":23},"end":{"line":284,"column":3}}]},"103":{"type":"branch","line":282,"loc":{"start":{"line":282,"column":51},"end":{"line":282,"column":59}},"locations":[{"start":{"line":282,"column":51},"end":{"line":282,"column":59}}]},"104":{"type":"branch","line":286,"loc":{"start":{"line":286,"column":23},"end":{"line":291,"column":3}},"locations":[{"start":{"line":286,"column":23},"end":{"line":291,"column":3}}]},"105":{"type":"branch","line":289,"loc":{"start":{"line":289,"column":28},"end":{"line":289,"column":44}},"locations":[{"start":{"line":289,"column":28},"end":{"line":289,"column":44}}]},"106":{"type":"branch","line":289,"loc":{"start":{"line":289,"column":79},"end":{"line":289,"column":94}},"locations":[{"start":{"line":289,"column":79},"end":{"line":289,"column":94}}]},"107":{"type":"branch","line":293,"loc":{"start":{"line":293,"column":24},"end":{"line":297,"column":3}},"locations":[{"start":{"line":293,"column":24},"end":{"line":297,"column":3}}]},"108":{"type":"branch","line":299,"loc":{"start":{"line":299,"column":21},"end":{"line":303,"column":3}},"locations":[{"start":{"line":299,"column":21},"end":{"line":303,"column":3}}]},"109":{"type":"branch","line":305,"loc":{"start":{"line":305,"column":20},"end":{"line":308,"column":3}},"locations":[{"start":{"line":305,"column":20},"end":{"line":308,"column":3}}]},"110":{"type":"branch","line":310,"loc":{"start":{"line":310,"column":21},"end":{"line":313,"column":3}},"locations":[{"start":{"line":310,"column":21},"end":{"line":313,"column":3}}]},"111":{"type":"branch","line":315,"loc":{"start":{"line":315,"column":42},"end":{"line":318,"column":3}},"locations":[{"start":{"line":315,"column":42},"end":{"line":318,"column":3}}]},"112":{"type":"branch","line":320,"loc":{"start":{"line":320,"column":20},"end":{"line":323,"column":3}},"locations":[{"start":{"line":320,"column":20},"end":{"line":323,"column":3}}]},"113":{"type":"branch","line":325,"loc":{"start":{"line":325,"column":36},"end":{"line":328,"column":3}},"locations":[{"start":{"line":325,"column":36},"end":{"line":328,"column":3}}]},"114":{"type":"branch","line":330,"loc":{"start":{"line":330,"column":26},"end":{"line":333,"column":3}},"locations":[{"start":{"line":330,"column":26},"end":{"line":333,"column":3}}]},"115":{"type":"branch","line":338,"loc":{"start":{"line":338,"column":30},"end":{"line":444,"column":2}},"locations":[{"start":{"line":338,"column":30},"end":{"line":444,"column":2}}]},"116":{"type":"branch","line":350,"loc":{"start":{"line":350,"column":29},"end":{"line":354,"column":3}},"locations":[{"start":{"line":350,"column":29},"end":{"line":354,"column":3}}]},"117":{"type":"branch","line":352,"loc":{"start":{"line":352,"column":30},"end":{"line":354,"column":3}},"locations":[{"start":{"line":352,"column":30},"end":{"line":354,"column":3}}]},"118":{"type":"branch","line":356,"loc":{"start":{"line":356,"column":32},"end":{"line":358,"column":3}},"locations":[{"start":{"line":356,"column":32},"end":{"line":358,"column":3}}]},"119":{"type":"branch","line":359,"loc":{"start":{"line":359,"column":30},"end":{"line":361,"column":3}},"locations":[{"start":{"line":359,"column":30},"end":{"line":361,"column":3}}]},"120":{"type":"branch","line":362,"loc":{"start":{"line":362,"column":37},"end":{"line":364,"column":3}},"locations":[{"start":{"line":362,"column":37},"end":{"line":364,"column":3}}]},"121":{"type":"branch","line":365,"loc":{"start":{"line":365,"column":36},"end":{"line":367,"column":3}},"locations":[{"start":{"line":365,"column":36},"end":{"line":367,"column":3}}]},"122":{"type":"branch","line":368,"loc":{"start":{"line":368,"column":36},"end":{"line":370,"column":3}},"locations":[{"start":{"line":368,"column":36},"end":{"line":370,"column":3}}]},"123":{"type":"branch","line":371,"loc":{"start":{"line":371,"column":28},"end":{"line":373,"column":3}},"locations":[{"start":{"line":371,"column":28},"end":{"line":373,"column":3}}]},"124":{"type":"branch","line":374,"loc":{"start":{"line":374,"column":50},"end":{"line":376,"column":3}},"locations":[{"start":{"line":374,"column":50},"end":{"line":376,"column":3}}]},"125":{"type":"branch","line":378,"loc":{"start":{"line":378,"column":23},"end":{"line":378,"column":50}},"locations":[{"start":{"line":378,"column":23},"end":{"line":378,"column":50}}]},"126":{"type":"branch","line":378,"loc":{"start":{"line":378,"column":39},"end":{"line":378,"column":53}},"locations":[{"start":{"line":378,"column":39},"end":{"line":378,"column":53}}]},"127":{"type":"branch","line":379,"loc":{"start":{"line":379,"column":31},"end":{"line":379,"column":68}},"locations":[{"start":{"line":379,"column":31},"end":{"line":379,"column":68}}]},"128":{"type":"branch","line":381,"loc":{"start":{"line":381,"column":12},"end":{"line":406,"column":3}},"locations":[{"start":{"line":381,"column":12},"end":{"line":406,"column":3}}]},"129":{"type":"branch","line":384,"loc":{"start":{"line":384,"column":57},"end":{"line":384,"column":68}},"locations":[{"start":{"line":384,"column":57},"end":{"line":384,"column":68}}]},"130":{"type":"branch","line":386,"loc":{"start":{"line":386,"column":42},"end":{"line":386,"column":69}},"locations":[{"start":{"line":386,"column":42},"end":{"line":386,"column":69}}]},"131":{"type":"branch","line":390,"loc":{"start":{"line":390,"column":33},"end":{"line":390,"column":92}},"locations":[{"start":{"line":390,"column":33},"end":{"line":390,"column":92}}]},"132":{"type":"branch","line":391,"loc":{"start":{"line":391,"column":33},"end":{"line":391,"column":93}},"locations":[{"start":{"line":391,"column":33},"end":{"line":391,"column":93}}]},"133":{"type":"branch","line":392,"loc":{"start":{"line":392,"column":33},"end":{"line":392,"column":94}},"locations":[{"start":{"line":392,"column":33},"end":{"line":392,"column":94}}]},"134":{"type":"branch","line":393,"loc":{"start":{"line":393,"column":31},"end":{"line":393,"column":87}},"locations":[{"start":{"line":393,"column":31},"end":{"line":393,"column":87}}]},"135":{"type":"branch","line":394,"loc":{"start":{"line":394,"column":31},"end":{"line":394,"column":90}},"locations":[{"start":{"line":394,"column":31},"end":{"line":394,"column":90}}]},"136":{"type":"branch","line":409,"loc":{"start":{"line":409,"column":26},"end":{"line":411,"column":3}},"locations":[{"start":{"line":409,"column":26},"end":{"line":411,"column":3}}]},"137":{"type":"branch","line":414,"loc":{"start":{"line":414,"column":30},"end":{"line":417,"column":3}},"locations":[{"start":{"line":414,"column":30},"end":{"line":417,"column":3}}]},"138":{"type":"branch","line":419,"loc":{"start":{"line":419,"column":13},"end":{"line":419,"column":30}},"locations":[{"start":{"line":419,"column":13},"end":{"line":419,"column":30}}]},"139":{"type":"branch","line":421,"loc":{"start":{"line":421,"column":14},"end":{"line":421,"column":32}},"locations":[{"start":{"line":421,"column":14},"end":{"line":421,"column":32}}]},"140":{"type":"branch","line":422,"loc":{"start":{"line":422,"column":23},"end":{"line":422,"column":99}},"locations":[{"start":{"line":422,"column":23},"end":{"line":422,"column":99}}]},"141":{"type":"branch","line":422,"loc":{"start":{"line":422,"column":74},"end":{"line":422,"column":95}},"locations":[{"start":{"line":422,"column":74},"end":{"line":422,"column":95}}]},"142":{"type":"branch","line":423,"loc":{"start":{"line":423,"column":36},"end":{"line":423,"column":83}},"locations":[{"start":{"line":423,"column":36},"end":{"line":423,"column":83}}]},"143":{"type":"branch","line":424,"loc":{"start":{"line":424,"column":19},"end":{"line":424,"column":38}},"locations":[{"start":{"line":424,"column":19},"end":{"line":424,"column":38}}]},"144":{"type":"branch","line":427,"loc":{"start":{"line":427,"column":50},"end":{"line":427,"column":86}},"locations":[{"start":{"line":427,"column":50},"end":{"line":427,"column":86}}]},"145":{"type":"branch","line":428,"loc":{"start":{"line":428,"column":43},"end":{"line":428,"column":108}},"locations":[{"start":{"line":428,"column":43},"end":{"line":428,"column":108}}]},"146":{"type":"branch","line":429,"loc":{"start":{"line":429,"column":36},"end":{"line":429,"column":69}},"locations":[{"start":{"line":429,"column":36},"end":{"line":429,"column":69}}]},"147":{"type":"branch","line":430,"loc":{"start":{"line":430,"column":37},"end":{"line":430,"column":72}},"locations":[{"start":{"line":430,"column":37},"end":{"line":430,"column":72}}]},"148":{"type":"branch","line":431,"loc":{"start":{"line":431,"column":37},"end":{"line":431,"column":71}},"locations":[{"start":{"line":431,"column":37},"end":{"line":431,"column":71}}]},"149":{"type":"branch","line":432,"loc":{"start":{"line":432,"column":47},"end":{"line":432,"column":83}},"locations":[{"start":{"line":432,"column":47},"end":{"line":432,"column":83}}]},"150":{"type":"branch","line":433,"loc":{"start":{"line":433,"column":22},"end":{"line":433,"column":47}},"locations":[{"start":{"line":433,"column":22},"end":{"line":433,"column":47}}]},"151":{"type":"branch","line":435,"loc":{"start":{"line":435,"column":14},"end":{"line":435,"column":56}},"locations":[{"start":{"line":435,"column":14},"end":{"line":435,"column":56}}]},"152":{"type":"branch","line":435,"loc":{"start":{"line":435,"column":37},"end":{"line":435,"column":79}},"locations":[{"start":{"line":435,"column":37},"end":{"line":435,"column":79}}]},"153":{"type":"branch","line":435,"loc":{"start":{"line":435,"column":64},"end":{"line":435,"column":95}},"locations":[{"start":{"line":435,"column":64},"end":{"line":435,"column":95}}]},"154":{"type":"branch","line":435,"loc":{"start":{"line":435,"column":87},"end":{"line":435,"column":112}},"locations":[{"start":{"line":435,"column":87},"end":{"line":435,"column":112}}]},"155":{"type":"branch","line":435,"loc":{"start":{"line":435,"column":112},"end":{"line":437,"column":3}},"locations":[{"start":{"line":435,"column":112},"end":{"line":437,"column":3}}]},"156":{"type":"branch","line":439,"loc":{"start":{"line":439,"column":21},"end":{"line":441,"column":3}},"locations":[{"start":{"line":439,"column":21},"end":{"line":441,"column":3}}]},"157":{"type":"branch","line":343,"loc":{"start":{"line":343,"column":56},"end":{"line":347,"column":3}},"locations":[{"start":{"line":343,"column":56},"end":{"line":347,"column":3}}]},"158":{"type":"branch","line":345,"loc":{"start":{"line":345,"column":37},"end":{"line":345,"column":50}},"locations":[{"start":{"line":345,"column":37},"end":{"line":345,"column":50}}]},"159":{"type":"branch","line":446,"loc":{"start":{"line":446,"column":30},"end":{"line":473,"column":2}},"locations":[{"start":{"line":446,"column":30},"end":{"line":473,"column":2}}]},"160":{"type":"branch","line":477,"loc":{"start":{"line":477,"column":33},"end":{"line":593,"column":2}},"locations":[{"start":{"line":477,"column":33},"end":{"line":593,"column":2}}]},"161":{"type":"branch","line":481,"loc":{"start":{"line":481,"column":37},"end":{"line":486,"column":30}},"locations":[{"start":{"line":481,"column":37},"end":{"line":486,"column":30}}]},"162":{"type":"branch","line":488,"loc":{"start":{"line":488,"column":40},"end":{"line":491,"column":7}},"locations":[{"start":{"line":488,"column":40},"end":{"line":491,"column":7}}]},"163":{"type":"branch","line":492,"loc":{"start":{"line":492,"column":4},"end":{"line":496,"column":77}},"locations":[{"start":{"line":492,"column":4},"end":{"line":496,"column":77}}]},"164":{"type":"branch","line":496,"loc":{"start":{"line":496,"column":72},"end":{"line":496,"column":79}},"locations":[{"start":{"line":496,"column":72},"end":{"line":496,"column":79}}]},"165":{"type":"branch","line":497,"loc":{"start":{"line":497,"column":24},"end":{"line":499,"column":15}},"locations":[{"start":{"line":497,"column":24},"end":{"line":499,"column":15}}]},"166":{"type":"branch","line":499,"loc":{"start":{"line":499,"column":4},"end":{"line":501,"column":5}},"locations":[{"start":{"line":499,"column":4},"end":{"line":501,"column":5}}]},"167":{"type":"branch","line":502,"loc":{"start":{"line":502,"column":2},"end":{"line":502,"column":12}},"locations":[{"start":{"line":502,"column":2},"end":{"line":502,"column":12}}]},"168":{"type":"branch","line":502,"loc":{"start":{"line":502,"column":11},"end":{"line":507,"column":28}},"locations":[{"start":{"line":502,"column":11},"end":{"line":507,"column":28}}]},"169":{"type":"branch","line":508,"loc":{"start":{"line":508,"column":16},"end":{"line":508,"column":37}},"locations":[{"start":{"line":508,"column":16},"end":{"line":508,"column":37}}]},"170":{"type":"branch","line":508,"loc":{"start":{"line":508,"column":29},"end":{"line":508,"column":40}},"locations":[{"start":{"line":508,"column":29},"end":{"line":508,"column":40}}]},"171":{"type":"branch","line":509,"loc":{"start":{"line":509,"column":8},"end":{"line":509,"column":20}},"locations":[{"start":{"line":509,"column":8},"end":{"line":509,"column":20}}]},"172":{"type":"branch","line":509,"loc":{"start":{"line":509,"column":20},"end":{"line":512,"column":5}},"locations":[{"start":{"line":509,"column":20},"end":{"line":512,"column":5}}]},"173":{"type":"branch","line":511,"loc":{"start":{"line":511,"column":20},"end":{"line":511,"column":59}},"locations":[{"start":{"line":511,"column":20},"end":{"line":511,"column":59}}]},"174":{"type":"branch","line":513,"loc":{"start":{"line":513,"column":2},"end":{"line":545,"column":28}},"locations":[{"start":{"line":513,"column":2},"end":{"line":545,"column":28}}]},"175":{"type":"branch","line":518,"loc":{"start":{"line":518,"column":57},"end":{"line":518,"column":68}},"locations":[{"start":{"line":518,"column":57},"end":{"line":518,"column":68}}]},"176":{"type":"branch","line":521,"loc":{"start":{"line":521,"column":42},"end":{"line":521,"column":65}},"locations":[{"start":{"line":521,"column":42},"end":{"line":521,"column":65}}]},"177":{"type":"branch","line":523,"loc":{"start":{"line":523,"column":33},"end":{"line":523,"column":93}},"locations":[{"start":{"line":523,"colu
[...]
umn":0},"end":{"line":29,"column":30}},"29":{"start":{"line":30,"column":0},"end":{"line":30,"column":23}},"30":{"start":{"line":31,"column":0},"end":{"line":31,"column":2}},"32":{"start":{"line":33,"column":0},"end":{"line":33,"column":99}},"33":{"start":{"line":34,"column":0},"end":{"line":34,"column":48}},"34":{"start":{"line":35,"column":0},"end":{"line":35,"column":59}},"35":{"start":{"line":36,"column":0},"end":{"line":36,"column":37}},"36":{"start":{"line":37,"column":0},"end":{"line":37,"column":4}},"38":{"start":{"line":39,"column":0},"end":{"line":39,"column":61}},"39":{"start":{"line":40,"column":0},"end":{"line":40,"column":60}},"40":{"start":{"line":41,"column":0},"end":{"line":41,"column":27}},"41":{"start":{"line":42,"column":0},"end":{"line":42,"column":84}},"42":{"start":{"line":43,"column":0},"end":{"line":43,"column":5}},"43":{"start":{"line":44,"column":0},"end":{"line":44,"column":3}},"45":{"start":{"line":46,"column":0},"end":{"line":46,"column":31}},"46":{"start":{"line":47,"column":0},"end":{"line":47,"column":88}},"47":{"start":{"line":48,"column":0},"end":{"line":48,"column":3}},"49":{"start":{"line":50,"column":0},"end":{"line":50,"column":34}},"50":{"start":{"line":51,"column":0},"end":{"line":51,"column":86}},"51":{"start":{"line":52,"column":0},"end":{"line":52,"column":53}},"52":{"start":{"line":53,"column":0},"end":{"line":53,"column":23}},"53":{"start":{"line":54,"column":0},"end":{"line":54,"column":40}},"54":{"start":{"line":55,"column":0},"end":{"line":55,"column":7}},"55":{"start":{"line":56,"column":0},"end":{"line":56,"column":3}},"57":{"start":{"line":58,"column":0},"end":{"line":58,"column":35}},"58":{"start":{"line":59,"column":0},"end":{"line":59,"column":100}},"59":{"start":{"line":60,"column":0},"end":{"line":60,"column":3}},"61":{"start":{"line":62,"column":0},"end":{"line":62,"column":31}},"62":{"start":{"line":63,"column":0},"end":{"line":63,"column":88}},"63":{"start":{"line":64,"column":0},"end":{"line":64,"column":3}},"65":{"start":{"line":66,"column":0},"end":{"line":66,"column":31}},"66":{"start":{"line":67,"column":0},"end":{"line":67,"column":88}},"67":{"start":{"line":68,"column":0},"end":{"line":68,"column":3}},"69":{"start":{"line":70,"column":0},"end":{"line":70,"column":36}},"70":{"start":{"line":71,"column":0},"end":{"line":71,"column":103}},"71":{"start":{"line":72,"column":0},"end":{"line":72,"column":3}},"73":{"start":{"line":74,"column":0},"end":{"line":74,"column":33}},"74":{"start":{"line":75,"column":0},"end":{"line":75,"column":94}},"75":{"start":{"line":76,"column":0},"end":{"line":76,"column":3}},"77":{"start":{"line":78,"column":0},"end":{"line":78,"column":17}},"78":{"start":{"line":79,"column":0},"end":{"line":79,"column":2}},"80":{"start":{"line":81,"column":0},"end":{"line":81,"column":88}},"81":{"start":{"line":82,"column":0},"end":{"line":82,"column":71}},"83":{"start":{"line":84,"column":0},"end":{"line":84,"column":47}},"84":{"start":{"line":85,"column":0},"end":{"line":85,"column":30}},"85":{"start":{"line":86,"column":0},"end":{"line":86,"column":48}},"86":{"start":{"line":87,"column":0},"end":{"line":87,"column":29}},"87":{"start":{"line":88,"column":0},"end":{"line":88,"column":57}},"88":{"start":{"line":89,"column":0},"end":{"line":89,"column":40}},"90":{"start":{"line":91,"column":0},"end":{"line":91,"column":40}},"91":{"start":{"line":92,"column":0},"end":{"line":92,"column":50}},"92":{"start":{"line":93,"column":0},"end":{"line":93,"column":46}},"93":{"start":{"line":94,"column":0},"end":{"line":94,"column":42}},"94":{"start":{"line":95,"column":0},"end":{"line":95,"column":37}},"95":{"start":{"line":96,"column":0},"end":{"line":96,"column":21}},"96":{"start":{"line":97,"column":0},"end":{"line":97,"column":5}},"97":{"start":{"line":98,"column":0},"end":{"line":98,"column":5}},"99":{"start":{"line":100,"column":0},"end":{"line":100,"column":18}},"100":{"start":{"line":101,"column":0},"end":{"line":101,"column":2}},"102":{"start":{"line":103,"column":0},"end":{"line":103,"column":94}},"103":{"start":{"line":104,"column":0},"end":{"line":104,"column":98}},"107":{"start":{"line":108,"column":0},"end":{"line":108,"column":111}}},"s":{"0":1,"21":1,"22":1,"23":1,"24":1,"25":1,"26":1,"27":1,"28":1,"29":1,"30":1,"32":1,"33":4,"34":4,"35":11,"36":11,"38":4,"39":2,"40":2,"41":2,"42":2,"43":2,"45":4,"46":1,"47":1,"49":4,"50":2,"51":2,"52":2,"53":2,"54":2,"55":2,"57":4,"58":1,"59":1,"61":4,"62":1,"63":1,"65":4,"66":2,"67":2,"69":4,"70":1,"71":1,"73":4,"74":1,"75":1,"77":4,"78":4,"80":1,"81":1,"83":1,"84":3,"85":3,"86":3,"87":3,"88":3,"90":2,"91":2,"92":9,"93":9,"94":9,"95":7,"96":7,"97":2,"99":2,"100":2,"102":1,"103":2,"107":1},"branchMap":{"0":{"type":"branch","line":33,"loc":{"start":{"line":33,"column":38},"end":{"line":79,"column":2}},"locations":[{"start":{"line":33,"column":38},"end":{"line":79,"column":2}}]},"1":{"type":"branch","line":39,"loc":{"start":{"line":39,"column":33},"end":{"line":39,"column":60}},"locations":[{"start":{"line":39,"column":33},"end":{"line":39,"column":60}}]},"2":{"type":"branch","line":39,"loc":{"start":{"line":39,"column":60},"end":{"line":44,"column":3}},"locations":[{"start":{"line":39,"column":60},"end":{"line":44,"column":3}}]},"3":{"type":"branch","line":46,"loc":{"start":{"line":46,"column":14},"end":{"line":46,"column":30}},"locations":[{"start":{"line":46,"column":14},"end":{"line":46,"column":30}}]},"4":{"type":"branch","line":46,"loc":{"start":{"line":46,"column":30},"end":{"line":48,"column":3}},"locations":[{"start":{"line":46,"column":30},"end":{"line":48,"column":3}}]},"5":{"type":"branch","line":50,"loc":{"start":{"line":50,"column":14},"end":{"line":50,"column":33}},"locations":[{"start":{"line":50,"column":14},"end":{"line":50,"column":33}}]},"6":{"type":"branch","line":50,"loc":{"start":{"line":50,"column":33},"end":{"line":56,"column":3}},"locations":[{"start":{"line":50,"column":33},"end":{"line":56,"column":3}}]},"7":{"type":"branch","line":51,"loc":{"start":{"line":51,"column":34},"end":{"line":51,"column":83}},"locations":[{"start":{"line":51,"column":34},"end":{"line":51,"column":83}}]},"8":{"type":"branch","line":51,"loc":{"start":{"line":51,"column":77},"end":{"line":51,"column":86}},"locations":[{"start":{"line":51,"column":77},"end":{"line":51,"column":86}}]},"9":{"type":"branch","line":58,"loc":{"start":{"line":58,"column":14},"end":{"line":58,"column":34}},"locations":[{"start":{"line":58,"column":14},"end":{"line":58,"column":34}}]},"10":{"type":"branch","line":58,"loc":{"start":{"line":58,"column":34},"end":{"line":60,"column":3}},"locations":[{"start":{"line":58,"column":34},"end":{"line":60,"column":3}}]},"11":{"type":"branch","line":62,"loc":{"start":{"line":62,"column":14},"end":{"line":62,"column":30}},"locations":[{"start":{"line":62,"column":14},"end":{"line":62,"column":30}}]},"12":{"type":"branch","line":62,"loc":{"start":{"line":62,"column":30},"end":{"line":64,"column":3}},"locations":[{"start":{"line":62,"column":30},"end":{"line":64,"column":3}}]},"13":{"type":"branch","line":66,"loc":{"start":{"line":66,"column":14},"end":{"line":66,"column":30}},"locations":[{"start":{"line":66,"column":14},"end":{"line":66,"column":30}}]},"14":{"type":"branch","line":66,"loc":{"start":{"line":66,"column":30},"end":{"line":68,"column":3}},"locations":[{"start":{"line":66,"column":30},"end":{"line":68,"column":3}}]},"15":{"type":"branch","line":70,"loc":{"start":{"line":70,"column":14},"end":{"line":70,"column":35}},"locations":[{"start":{"line":70,"column":14},"end":{"line":70,"column":35}}]},"16":{"type":"branch","line":70,"loc":{"start":{"line":70,"column":35},"end":{"line":72,"column":3}},"locations":[{"start":{"line":70,"column":35},"end":{"line":72,"column":3}}]},"17":{"type":"branch","line":74,"loc":{"start":{"line":74,"column":14},"end":{"line":74,"column":32}},"locations":[{"start":{"line":74,"column":14},"end":{"line":74,"column":32}}]},"18":{"type":"branch","line":74,"loc":{"start":{"line":74,"column":32},"end":{"line":76,"column":3}},"locations":[{"start":{"line":74,"column":32},"end":{"line":76,"column":3}}]},"19":{"type":"branch","line":35,"loc":{"start":{"line":35,"column":14},"end":{"line":37,"column":4}},"locations":[{"start":{"line":35,"column":14},"end":{"line":37,"column":4}}]},"20":{"type":"branch","line":81,"loc":{"start":{"line":81,"column":38},"end":{"line":82,"column":71}},"locations":[{"start":{"line":81,"column":38},"end":{"line":82,"column":71}}]},"21":{"type":"branch","line":82,"loc":{"start":{"line":82,"column":45},"end":{"line":82,"column":69}},"locations":[{"start":{"line":82,"column":45},"end":{"line":82,"column":69}}]},"22":{"type":"branch","line":84,"loc":{"start":{"line":84,"column":46},"end":{"line":101,"column":2}},"locations":[{"start":{"line":84,"column":46},"end":{"line":101,"column":2}}]},"23":{"type":"branch","line":89,"loc":{"start":{"line":89,"column":28},"end":{"line":89,"column":40}},"locations":[{"start":{"line":89,"column":28},"end":{"line":89,"column":40}}]},"24":{"type":"branch","line":89,"loc":{"start":{"line":89,"column":35},"end":{"line":101,"column":2}},"locations":[{"start":{"line":89,"column":35},"end":{"line":101,"column":2}}]},"25":{"type":"branch","line":92,"loc":{"start":{"line":92,"column":18},"end":{"line":98,"column":3}},"locations":[{"start":{"line":92,"column":18},"end":{"line":98,"column":3}}]},"26":{"type":"branch","line":95,"loc":{"start":{"line":95,"column":36},"end":{"line":97,"column":5}},"locations":[{"start":{"line":95,"column":36},"end":{"line":97,"column":5}}]},"27":{"type":"branch","line":103,"loc":{"start":{"line":103,"column":44},"end":{"line":104,"column":98}},"locations":[{"start":{"line":103,"column":44},"end":{"line":104,"column":98}}]},"28":{"type":"branch","line":104,"loc":{"start":{"line":104,"column":2},"end":{"line":104,"column":98}},"locations":[{"start":{"line":104,"column":2},"end":{"line":104,"column":98}}]},"29":{"type":"branch","line":108,"loc":{"start":{"line":108,"column":41},"end":{"line":108,"column":111}},"locations":[{"start":{"line":108,"column":41},"end":{"line":108,"column":111}}]}},"b":{"0":[4],"1":[2],"2":[2],"3":[1],"4":[1],"5":[2],"6":[2],"7":[1],"8":[1],"9":[1],"10":[1],"11":[1],"12":[1],"13":[2],"14":[2],"15":[1],"16":[1],"17":[1],"18":[1],"19":[11],"20":[1],"21":[2],"22":[3],"23":[1],"24":[2],"25":[9],"26":[7],"27":[2],"28":[2],"29":[9]},"fnMap":{"0":{"name":"buildPresentButtonDefinitions","decl":{"start":{"line":33,"column":38},"end":{"line":79,"column":2}},"loc":{"start":{"line":33,"column":38},"end":{"line":79,"column":2}},"line":33},"1":{"name":"add","decl":{"start":{"line":35,"column":14},"end":{"line":37,"column":4}},"loc":{"start":{"line":35,"column":14},"end":{"line":37,"column":4}},"line":35},"2":{"name":"collectPresentPayloads","decl":{"start":{"line":81,"column":38},"end":{"line":82,"column":71}},"loc":{"start":{"line":81,"column":38},"end":{"line":82,"column":71}},"line":81},"3":{"name":"buildPresentKeyboardForMessage","decl":{"start":{"line":84,"column":46},"end":{"line":101,"column":2}},"loc":{"start":{"line":84,"column":46},"end":{"line":101,"column":2}},"line":84},"4":{"name":"createPresentKeyboardBuilder","decl":{"start":{"line":103,"column":44},"end":{"line":104,"column":98}},"loc":{"start":{"line":103,"column":44},"end":{"line":104,"column":98}},"line":103},"5":{"name":"presentButtonLabelForKind","decl":{"start":{"line":108,"column":41},"end":{"line":108,"column":111}},"loc":{"start":{"line":108,"column":41},"end":{"line":108,"column":111}},"line":108}},"f":{"0":4,"1":11,"2":1,"3":3,"4":2,"5":9}}
,"D:\\Code\\Dorothy\\dorothy-tg-bot\\src\\utils\\safe_messaging.ts": {"path":"D:\\Code\\Dorothy\\dorothy-tg-bot\\src\\utils\\safe_messaging.ts","all":false,"statementMap":{"0":{"start":{"line":1,"column":0},"end":{"line":1,"column":68}},"13":{"start":{"line":14,"column":0},"end":{"line":14,"column":72}},"14":{"start":{"line":15,"column":0},"end":{"line":15,"column":67}},"15":{"start":{"line":16,"column":0},"end":{"line":16,"column":93}},"16":{"start":{"line":17,"column":0},"end":{"line":17,"column":66}},"17":{"start":{"line":18,"column":0},"end":{"line":18,"column":16}},"18":{"start":{"line":19,"column":0},"end":{"line":19,"column":2}},"20":{"start":{"line":21,"column":0},"end":{"line":21,"column":32}},"21":{"start":{"line":22,"column":0},"end":{"line":22,"column":23}},"22":{"start":{"line":23,"column":0},"end":{"line":23,"column":15}},"23":{"start":{"line":24,"column":0},"end":{"line":24,"column":36}},"24":{"start":{"line":25,"column":0},"end":{"line":25,"column":21}},"25":{"start":{"line":26,"column":0},"end":{"line":26,"column":36}},"26":{"start":{"line":27,"column":0},"end":{"line":27,"column":48}},"27":{"start":{"line":28,"column":0},"end":{"line":28,"column":46}},"28":{"start":{"line":29,"column":0},"end":{"line":29,"column":19}},"29":{"start":{"line":30,"column":0},"end":{"line":30,"column":31}},"30":{"start":{"line":31,"column":0},"end":{"line":31,"column":25}},"31":{"start":{"line":32,"column":0},"end":{"line":32,"column":9}},"32":{"start":{"line":33,"column":0},"end":{"line":33,"column":47}},"33":{"start":{"line":34,"column":0},"end":{"line":34,"column":51}},"34":{"start":{"line":35,"column":0},"end":{"line":35,"column":33}},"35":{"start":{"line":36,"column":0},"end":{"line":36,"column":21}},"36":{"start":{"line":37,"column":0},"end":{"line":37,"column":11}},"37":{"start":{"line":38,"column":0},"end":{"line":38,"column":76}},"38":{"start":{"line":39,"column":0},"end":{"line":39,"column":31}},"39":{"start":{"line":40,"column":0},"end":{"line":40,"column":72}},"40":{"start":{"line":41,"column":0},"end":{"line":41,"column":7}},"41":{"start":{"line":42,"column":0},"end":{"line":42,"column":5}},"42":{"start":{"line":43,"column":0},"end":{"line":43,"column":18}},"43":{"start":{"line":44,"column":0},"end":{"line":44,"column":3}},"44":{"start":{"line":45,"column":0},"end":{"line":45,"column":2}},"46":{"start":{"line":47,"column":0},"end":{"line":47,"column":38}},"47":{"start":{"line":48,"column":0},"end":{"line":48,"column":35}},"48":{"start":{"line":49,"column":0},"end":{"line":49,"column":26}},"49":{"start":{"line":50,"column":0},"end":{"line":50,"column":15}},"50":{"start":{"line":51,"column":0},"end":{"line":51,"column":36}},"51":{"start":{"line":52,"column":0},"end":{"line":52,"column":21}},"52":{"start":{"line":53,"column":0},"end":{"line":53,"column":36}},"53":{"start":{"line":54,"column":0},"end":{"line":54,"column":48}},"54":{"start":{"line":55,"column":0},"end":{"line":55,"column":46}},"55":{"start":{"line":56,"column":0},"end":{"line":56,"column":19}},"56":{"start":{"line":57,"column":0},"end":{"line":57,"column":31}},"57":{"start":{"line":58,"column":0},"end":{"line":58,"column":25}},"58":{"start":{"line":59,"column":0},"end":{"line":59,"column":67}},"59":{"start":{"line":60,"column":0},"end":{"line":60,"column":50}},"60":{"start":{"line":61,"column":0},"end":{"line":61,"column":67}},"61":{"start":{"line":62,"column":0},"end":{"line":62,"column":5}},"62":{"start":{"line":63,"column":0},"end":{"line":63,"column":43}},"63":{"start":{"line":64,"column":0},"end":{"line":64,"column":18}},"64":{"start":{"line":65,"column":0},"end":{"line":65,"column":3}},"65":{"start":{"line":66,"column":0},"end":{"line":66,"column":2}}},"s":{"0":1,"13":1,"14":5,"15":5,"16":5,"17":5,"18":5,"20":1,"21":4,"22":4,"23":4,"24":4,"25":4,"26":4,"27":3,"28":3,"29":4,"30":5,"31":5,"32":5,"33":5,"34":5,"35":5,"36":1,"37":1,"38":1,"39":0,"40":0,"41":1,"42":5,"43":5,"44":3,"46":1,"47":2,"48":2,"49":2,"50":2,"51":2,"52":2,"53":2,"54":1,"55":1,"56":2,"57":2,"58":2,"59":2,"60":1,"61":1,"62":2,"63":2,"64":2,"65":1},"branchMap":{"0":{"type":"branch","line":14,"loc":{"start":{"line":14,"column":32},"end":{"line":19,"column":2}},"locations":[{"start":{"line":14,"column":32},"end":{"line":19,"column":2}}]},"1":{"type":"branch","line":15,"loc":{"start":{"line":15,"column":23},"end":{"line":15,"column":38}},"locations":[{"start":{"line":15,"column":23},"end":{"line":15,"column":38}}]},"2":{"type":"branch","line":21,"loc":{"start":{"line":21,"column":25},"end":{"line":45,"column":2}},"locations":[{"start":{"line":21,"column":25},"end":{"line":45,"column":2}}]},"3":{"type":"branch","line":27,"loc":{"start":{"line":27,"column":41},"end":{"line":27,"column":48}},"locations":[{"start":{"line":27,"column":41},"end":{"line":27,"column":48}}]},"4":{"type":"branch","line":27,"loc":{"start":{"line":27,"column":41},"end":{"line":30,"column":30}},"locations":[{"start":{"line":27,"column":41},"end":{"line":30,"column":30}}]},"5":{"type":"branch","line":30,"loc":{"start":{"line":30,"column":30},"end":{"line":44,"column":3}},"locations":[{"start":{"line":30,"column":30},"end":{"line":44,"column":3}}]},"6":{"type":"branch","line":31,"loc":{"start":{"line":31,"column":16},"end":{"line":31,"column":25}},"locations":[{"start":{"line":31,"column":16},"end":{"line":31,"column":25}}]},"7":{"type":"branch","line":33,"loc":{"start":{"line":33,"column":19},"end":{"line":33,"column":37}},"locations":[{"start":{"line":33,"column":19},"end":{"line":33,"column":37}}]},"8":{"type":"branch","line":33,"loc":{"start":{"line":33,"column":27},"end":{"line":33,"column":47}},"locations":[{"start":{"line":33,"column":27},"end":{"line":33,"column":47}}]},"9":{"type":"branch","line":35,"loc":{"start":{"line":35,"column":31},"end":{"line":36,"column":13}},"locations":[{"start":{"line":35,"column":31},"end":{"line":36,"column":13}}]},"10":{"type":"branch","line":36,"loc":{"start":{"line":36,"column":4},"end":{"line":42,"column":5}},"locations":[{"start":{"line":36,"column":4},"end":{"line":42,"column":5}}]},"11":{"type":"branch","line":39,"loc":{"start":{"line":39,"column":6},"end":{"line":41,"column":7}},"locations":[{"start":{"line":39,"column":6},"end":{"line":41,"column":7}}]},"12":{"type":"branch","line":44,"loc":{"start":{"line":44,"column":2},"end":{"line":45,"column":2}},"locations":[{"start":{"line":44,"column":2},"end":{"line":45,"column":2}}]},"13":{"type":"branch","line":47,"loc":{"start":{"line":47,"column":31},"end":{"line":66,"column":2}},"locations":[{"start":{"line":47,"column":31},"end":{"line":66,"column":2}}]},"14":{"type":"branch","line":54,"loc":{"start":{"line":54,"column":41},"end":{"line":57,"column":30}},"locations":[{"start":{"line":54,"column":41},"end":{"line":57,"column":30}}]},"15":{"type":"branch","line":58,"loc":{"start":{"line":58,"column":16},"end":{"line":58,"column":25}},"locations":[{"start":{"line":58,"column":16},"end":{"line":58,"column":25}}]},"16":{"type":"branch","line":59,"loc":{"start":{"line":59,"column":23},"end":{"line":59,"column":38}},"locations":[{"start":{"line":59,"column":23},"end":{"line":59,"column":38}}]},"17":{"type":"branch","line":60,"loc":{"start":{"line":60,"column":9},"end":{"line":60,"column":49}},"locations":[{"start":{"line":60,"column":9},"end":{"line":60,"column":49}}]},"18":{"type":"branch","line":60,"loc":{"start":{"line":60,"column":49},"end":{"line":62,"column":5}},"locations":[{"start":{"line":60,"column":49},"end":{"line":62,"column":5}}]},"19":{"type":"branch","line":65,"loc":{"start":{"line":65,"column":2},"end":{"line":66,"column":2}},"locations":[{"start":{"line":65,"column":2},"end":{"line":66,"column":2}}]}},"b":{"0":[5],"1":[3],"2":[4],"3":[1],"4":[3],"5":[5],"6":[0],"7":[3],"8":[2],"9":[4],"10":[1],"11":[0],"12":[3],"13":[2],"14":[1],"15":[0],"16":[0],"17":[1],"18":[1],"19":[1]},"fnMap":{"0":{"name":"buildLinkPreviewOptions","decl":{"start":{"line":14,"column":32},"end":{"line":19,"column":2}},"loc":{"start":{"line":14,"column":32},"end":{"line":19,"column":2}},"line":14},"1":{"name":"replySafe","decl":{"start":{"line":21,"column":25},"end":{"line":45,"column":2}},"loc":{"start":{"line":21,"column":25},"end":{"line":45,"column":2}},"line":21},"2":{"name":"sendSafeMessage","decl":{"start":{"line":47,"column":31},"end":{"line":66,"column":2}},"loc":{"start":{"line":47,"column":31},"end":{"line":66,"column":2}},"line":47}},"f":{"0":5,"1":4,"2":2}}
}
